#! /usr/bin/env bash
exec /home/alprietol/miniconda3/envs/digital/bin/vvp -f "$0" "$@" <<'# EOF'
:ivl_version "13.0 (devel)" "(0_8-6859-gf50cc35d2-dirty)";
:ivl_delay_selection "TYPICAL";
:vpi_time_precision - 12;
:vpi_module "/home/alprietol/miniconda3/envs/digital/lib/ivl/system.vpi";
:vpi_module "/home/alprietol/miniconda3/envs/digital/lib/ivl/vhdl_sys.vpi";
:vpi_module "/home/alprietol/miniconda3/envs/digital/lib/ivl/vhdl_textio.vpi";
:vpi_module "/home/alprietol/miniconda3/envs/digital/lib/ivl/v2005_math.vpi";
:vpi_module "/home/alprietol/miniconda3/envs/digital/lib/ivl/va_math.vpi";
S_0x22016fb0 .scope module, "Mult_TB" "Mult_TB" 2 4;
 .timescale -9 -12;
P_0x21fc8540 .param/real "DUTY_CYCLE" 0 2 17, Cr<m4000000000000000gfc1>; value=0.500000
P_0x21fc8580 .param/l "OFFSET" 0 2 18, +C4<00000000000000000000000000000000>;
P_0x21fc85c0 .param/l "PERIOD" 0 2 16, +C4<00000000000000000000000000010100>;
v0x22049050_0 .var "A", 15 0;
v0x22049180_0 .var "B", 15 0;
v0x22049290_0 .net "S", 31 0, v0x22047e40_0;  1 drivers
v0x22049380_0 .var "clk", 0 0;
v0x22049420_0 .net "done", 0 0, v0x220287f0_0;  1 drivers
v0x22049560_0 .var "i", 20 0;
v0x22049640_0 .var "init", 0 0;
v0x22049730_0 .var "rst", 0 0;
E_0x220182d0 .event "reset_trigger";
E_0x22018590 .event "reset_done_trigger";
S_0x22017230 .scope begin, "TEST_CASE" "TEST_CASE" 2 70, 2 70 0, S_0x22016fb0;
 .timescale -9 -12;
S_0x22007530 .scope module, "uut" "Mult" 2 14, 3 2 0, S_0x22016fb0;
 .timescale -9 -12;
    .port_info 0 /INPUT 1 "clk";
    .port_info 1 /INPUT 1 "rst";
    .port_info 2 /INPUT 16 "A";
    .port_info 3 /INPUT 16 "B";
    .port_info 4 /INPUT 1 "init";
    .port_info 5 /OUTPUT 32 "S";
    .port_info 6 /OUTPUT 1 "done";
v0x220481f0_0 .net "A", 15 0, v0x22049050_0;  1 drivers
v0x220482d0_0 .net "B", 15 0, v0x22049180_0;  1 drivers
v0x220483a0_0 .net "B_corr", 15 0, v0x220476c0_0;  1 drivers
v0x220484c0_0 .net "IncI", 3 0, v0x22046b60_0;  1 drivers
v0x220485b0_0 .net "S", 31 0, v0x22047e40_0;  alias, 1 drivers
v0x220486c0_0 .net "a_eq_1", 0 0, v0x22047140_0;  1 drivers
v0x220487b0_0 .net "clk", 0 0, v0x22049380_0;  1 drivers
v0x220488e0_0 .net "done", 0 0, v0x220287f0_0;  alias, 1 drivers
o0x72f67239a588 .functor BUFZ 4, C4<zzzz>; HiZ drive
v0x22048980_0 .net "i", 3 0, o0x72f67239a588;  0 drivers
v0x22048ab0_0 .net "i_eq_n", 0 0, v0x21ffe790_0;  1 drivers
v0x22048b50_0 .net "increase", 0 0, v0x21ff5b00_0;  1 drivers
v0x22048bf0_0 .net "init", 0 0, v0x22049640_0;  1 drivers
v0x22048c90_0 .net "load", 0 0, v0x22046430_0;  1 drivers
v0x22048dc0_0 .net "rst", 0 0, v0x22049730_0;  1 drivers
v0x22048e60_0 .net "shift", 0 0, v0x220465b0_0;  1 drivers
v0x22048f00_0 .net "sum", 0 0, v0x22046750_0;  1 drivers
S_0x22007800 .scope module, "u_Comp_Eq" "Comp_Eq" 3 37, 4 2 0, S_0x22007530;
 .timescale -9 -12;
    .port_info 0 /INPUT 4 "a_i";
    .port_info 1 /OUTPUT 1 "a_eq_1";
v0x21ffe790_0 .var "a_eq_1", 0 0;
v0x22027890_0 .net "a_i", 3 0, v0x22046b60_0;  alias, 1 drivers
E_0x22018e60 .event anyedge, v0x22027890_0;
S_0x22045910 .scope module, "u_Control_Mult" "Control_Mult" 3 40, 5 2 0, S_0x22007530;
 .timescale -9 -12;
    .port_info 0 /INPUT 1 "clk";
    .port_info 1 /INPUT 1 "rst";
    .port_info 2 /INPUT 1 "a_eq_1";
    .port_info 3 /INPUT 1 "i_eq_n";
    .port_info 4 /INPUT 1 "init";
    .port_info 5 /OUTPUT 1 "done";
    .port_info 6 /OUTPUT 1 "load";
    .port_info 7 /OUTPUT 1 "sum";
    .port_info 8 /OUTPUT 1 "increase";
    .port_info 9 /OUTPUT 1 "shift";
P_0x22045af0 .param/l "CHECK1" 0 5 16, C4<0001>;
P_0x22045b30 .param/l "CHECK2" 0 5 18, C4<0011>;
P_0x22045b70 .param/l "CHECK3" 0 5 21, C4<0110>;
P_0x22045bb0 .param/l "FINISH" 0 5 23, C4<1001>;
P_0x22045bf0 .param/l "INCREASE_I" 0 5 20, C4<0101>;
P_0x22045c30 .param/l "LOAD" 0 5 17, C4<0010>;
P_0x22045c70 .param/l "SHIFT" 0 5 22, C4<1000>;
P_0x22045cb0 .param/l "START" 0 5 15, C4<0000>;
P_0x22045cf0 .param/l "SUM" 0 5 19, C4<0100>;
v0x22027be0_0 .net "a_eq_1", 0 0, v0x22047140_0;  alias, 1 drivers
v0x22028020_0 .net "clk", 0 0, v0x22049380_0;  alias, 1 drivers
v0x220287f0_0 .var "done", 0 0;
v0x21ff6480_0 .net "i_eq_n", 0 0, v0x21ffe790_0;  alias, 1 drivers
v0x21ff5b00_0 .var "increase", 0 0;
v0x22046370_0 .net "init", 0 0, v0x22049640_0;  alias, 1 drivers
v0x22046430_0 .var "load", 0 0;
v0x220464f0_0 .net "rst", 0 0, v0x22049730_0;  alias, 1 drivers
v0x220465b0_0 .var "shift", 0 0;
v0x22046670_0 .var "state", 3 0;
v0x22046750_0 .var "sum", 0 0;
E_0x22019ef0 .event posedge, v0x22028020_0;
E_0x22018850 .event anyedge, v0x22046670_0;
S_0x220469b0 .scope module, "u_Increase_I" "Increase_I" 3 31, 6 2 0, S_0x22007530;
 .timescale -9 -12;
    .port_info 0 /INPUT 1 "clk";
    .port_info 1 /INPUT 1 "load";
    .port_info 2 /INPUT 1 "increase";
    .port_info 3 /OUTPUT 4 "IncI";
v0x22046b60_0 .var "IncI", 3 0;
v0x22046c40_0 .net "clk", 0 0, v0x22049380_0;  alias, 1 drivers
v0x22046ce0_0 .net "increase", 0 0, v0x21ff5b00_0;  alias, 1 drivers
v0x22046d80_0 .net "load", 0 0, v0x22046430_0;  alias, 1 drivers
E_0x22013de0 .event negedge, v0x22028020_0;
S_0x22046e20 .scope module, "u_Multiplex" "Multiplex" 3 34, 7 2 0, S_0x22007530;
 .timescale -9 -12;
    .port_info 0 /INPUT 4 "i";
    .port_info 1 /INPUT 16 "A";
    .port_info 2 /OUTPUT 1 "A_i";
v0x22047040_0 .net "A", 15 0, v0x22049050_0;  alias, 1 drivers
v0x22047140_0 .var "A_i", 0 0;
v0x22047200_0 .net "i", 3 0, o0x72f67239a588;  alias, 0 drivers
E_0x22013a80 .event anyedge, v0x22047200_0, v0x22047040_0;
S_0x22047300 .scope module, "u_Shift_Left" "Shift_Left" 3 26, 8 2 0, S_0x22007530;
 .timescale -9 -12;
    .port_info 0 /INPUT 1 "clk";
    .port_info 1 /INPUT 1 "load";
    .port_info 2 /INPUT 16 "B";
    .port_info 3 /INPUT 1 "shift";
    .port_info 4 /OUTPUT 16 "B_corr";
v0x220475e0_0 .net "B", 15 0, v0x22049180_0;  alias, 1 drivers
v0x220476c0_0 .var "B_corr", 15 0;
v0x220477a0_0 .net "clk", 0 0, v0x22049380_0;  alias, 1 drivers
v0x22047890_0 .net "load", 0 0, v0x22046430_0;  alias, 1 drivers
v0x22047980_0 .net "shift", 0 0, v0x220465b0_0;  alias, 1 drivers
S_0x22047ad0 .scope module, "u_Sum" "Sum" 3 28, 9 2 0, S_0x22007530;
 .timescale -9 -12;
    .port_info 0 /INPUT 1 "clk";
    .port_info 1 /INPUT 1 "load";
    .port_info 2 /INPUT 1 "sum";
    .port_info 3 /INPUT 16 "B";
    .port_info 4 /OUTPUT 32 "S";
v0x22047d60_0 .net "B", 15 0, v0x220476c0_0;  alias, 1 drivers
v0x22047e40_0 .var "S", 31 0;
v0x22047f00_0 .net "clk", 0 0, v0x22049380_0;  alias, 1 drivers
v0x22047fd0_0 .net "load", 0 0, v0x22046430_0;  alias, 1 drivers
v0x22048070_0 .net "sum", 0 0, v0x22046750_0;  alias, 1 drivers
    .scope S_0x22047300;
T_0 ;
    %wait E_0x22013de0;
    %load/vec4 v0x22047890_0;
    %flag_set/vec4 8;
    %jmp/0xz  T_0.0, 8;
    %load/vec4 v0x220475e0_0;
    %assign/vec4 v0x220476c0_0, 0;
    %jmp T_0.1;
T_0.0 ;
    %load/vec4 v0x22047980_0;
    %flag_set/vec4 8;
    %jmp/0xz  T_0.2, 8;
    %load/vec4 v0x220476c0_0;
    %ix/load 4, 1, 0;
    %flag_set/imm 4, 0;
    %shiftl 4;
    %assign/vec4 v0x220476c0_0, 0;
T_0.2 ;
T_0.1 ;
    %jmp T_0;
    .thread T_0;
    .scope S_0x22047ad0;
T_1 ;
    %wait E_0x22013de0;
    %load/vec4 v0x22047fd0_0;
    %flag_set/vec4 8;
    %jmp/0xz  T_1.0, 8;
    %pushi/vec4 0, 0, 32;
    %assign/vec4 v0x22047e40_0, 0;
    %jmp T_1.1;
T_1.0 ;
    %load/vec4 v0x22048070_0;
    %flag_set/vec4 8;
    %jmp/0xz  T_1.2, 8;
    %load/vec4 v0x22047e40_0;
    %load/vec4 v0x22047d60_0;
    %pad/u 32;
    %add;
    %assign/vec4 v0x22047e40_0, 0;
T_1.2 ;
T_1.1 ;
    %jmp T_1;
    .thread T_1;
    .scope S_0x220469b0;
T_2 ;
    %wait E_0x22013de0;
    %load/vec4 v0x22046d80_0;
    %flag_set/vec4 8;
    %jmp/0xz  T_2.0, 8;
    %pushi/vec4 0, 0, 4;
    %assign/vec4 v0x22046b60_0, 0;
    %jmp T_2.1;
T_2.0 ;
    %load/vec4 v0x22046ce0_0;
    %flag_set/vec4 8;
    %jmp/0xz  T_2.2, 8;
    %load/vec4 v0x22046b60_0;
    %addi 1, 0, 4;
    %assign/vec4 v0x22046b60_0, 0;
T_2.2 ;
T_2.1 ;
    %jmp T_2;
    .thread T_2;
    .scope S_0x22046e20;
T_3 ;
    %wait E_0x22013a80;
    %load/vec4 v0x22047040_0;
    %load/vec4 v0x22047200_0;
    %part/u 1;
    %store/vec4 v0x22047140_0, 0, 1;
    %jmp T_3;
    .thread T_3, $push;
    .scope S_0x22007800;
T_4 ;
    %wait E_0x22018e60;
    %load/vec4 v0x22027890_0;
    %pad/u 32;
    %cmpi/e 1, 0, 32;
    %jmp/0xz  T_4.0, 4;
    %pushi/vec4 1, 0, 1;
    %store/vec4 v0x21ffe790_0, 0, 1;
    %jmp T_4.1;
T_4.0 ;
    %pushi/vec4 0, 0, 1;
    %store/vec4 v0x21ffe790_0, 0, 1;
T_4.1 ;
    %jmp T_4;
    .thread T_4, $push;
    .scope S_0x22045910;
T_5 ;
    %wait E_0x22018850;
    %load/vec4 v0x22046670_0;
    %dup/vec4;
    %pushi/vec4 0, 0, 4;
    %cmp/u;
    %jmp/1 T_5.0, 6;
    %dup/vec4;
    %pushi/vec4 1, 0, 4;
    %cmp/u;
    %jmp/1 T_5.1, 6;
    %dup/vec4;
    %pushi/vec4 2, 0, 4;
    %cmp/u;
    %jmp/1 T_5.2, 6;
    %dup/vec4;
    %pushi/vec4 3, 0, 4;
    %cmp/u;
    %jmp/1 T_5.3, 6;
    %dup/vec4;
    %pushi/vec4 4, 0, 4;
    %cmp/u;
    %jmp/1 T_5.4, 6;
    %dup/vec4;
    %pushi/vec4 5, 0, 4;
    %cmp/u;
    %jmp/1 T_5.5, 6;
    %dup/vec4;
    %pushi/vec4 6, 0, 4;
    %cmp/u;
    %jmp/1 T_5.6, 6;
    %dup/vec4;
    %pushi/vec4 8, 0, 4;
    %cmp/u;
    %jmp/1 T_5.7, 6;
    %dup/vec4;
    %pushi/vec4 9, 0, 4;
    %cmp/u;
    %jmp/1 T_5.8, 6;
    %pushi/vec4 0, 0, 1;
    %store/vec4 v0x22046430_0, 0, 1;
    %pushi/vec4 0, 0, 1;
    %store/vec4 v0x22046750_0, 0, 1;
    %pushi/vec4 0, 0, 1;
    %store/vec4 v0x21ff5b00_0, 0, 1;
    %pushi/vec4 0, 0, 1;
    %store/vec4 v0x220465b0_0, 0, 1;
    %pushi/vec4 0, 0, 1;
    %store/vec4 v0x220287f0_0, 0, 1;
    %jmp T_5.10;
T_5.0 ;
    %pushi/vec4 0, 0, 1;
    %store/vec4 v0x22046430_0, 0, 1;
    %pushi/vec4 0, 0, 1;
    %store/vec4 v0x22046750_0, 0, 1;
    %pushi/vec4 0, 0, 1;
    %store/vec4 v0x21ff5b00_0, 0, 1;
    %pushi/vec4 0, 0, 1;
    %store/vec4 v0x220465b0_0, 0, 1;
    %pushi/vec4 0, 0, 1;
    %store/vec4 v0x220287f0_0, 0, 1;
    %jmp T_5.10;
T_5.1 ;
    %pushi/vec4 0, 0, 1;
    %store/vec4 v0x22046430_0, 0, 1;
    %pushi/vec4 0, 0, 1;
    %store/vec4 v0x22046750_0, 0, 1;
    %pushi/vec4 0, 0, 1;
    %store/vec4 v0x21ff5b00_0, 0, 1;
    %pushi/vec4 0, 0, 1;
    %store/vec4 v0x220465b0_0, 0, 1;
    %pushi/vec4 0, 0, 1;
    %store/vec4 v0x220287f0_0, 0, 1;
    %jmp T_5.10;
T_5.2 ;
    %pushi/vec4 1, 0, 1;
    %store/vec4 v0x22046430_0, 0, 1;
    %pushi/vec4 0, 0, 1;
    %store/vec4 v0x22046750_0, 0, 1;
    %pushi/vec4 0, 0, 1;
    %store/vec4 v0x21ff5b00_0, 0, 1;
    %pushi/vec4 0, 0, 1;
    %store/vec4 v0x220465b0_0, 0, 1;
    %pushi/vec4 0, 0, 1;
    %store/vec4 v0x220287f0_0, 0, 1;
    %jmp T_5.10;
T_5.3 ;
    %pushi/vec4 0, 0, 1;
    %store/vec4 v0x22046430_0, 0, 1;
    %pushi/vec4 0, 0, 1;
    %store/vec4 v0x22046750_0, 0, 1;
    %pushi/vec4 0, 0, 1;
    %store/vec4 v0x21ff5b00_0, 0, 1;
    %pushi/vec4 0, 0, 1;
    %store/vec4 v0x220465b0_0, 0, 1;
    %pushi/vec4 0, 0, 1;
    %store/vec4 v0x220287f0_0, 0, 1;
    %jmp T_5.10;
T_5.4 ;
    %pushi/vec4 0, 0, 1;
    %store/vec4 v0x22046430_0, 0, 1;
    %pushi/vec4 1, 0, 1;
    %store/vec4 v0x22046750_0, 0, 1;
    %pushi/vec4 0, 0, 1;
    %store/vec4 v0x21ff5b00_0, 0, 1;
    %pushi/vec4 0, 0, 1;
    %store/vec4 v0x220465b0_0, 0, 1;
    %pushi/vec4 0, 0, 1;
    %store/vec4 v0x220287f0_0, 0, 1;
    %jmp T_5.10;
T_5.5 ;
    %pushi/vec4 0, 0, 1;
    %store/vec4 v0x22046430_0, 0, 1;
    %pushi/vec4 0, 0, 1;
    %store/vec4 v0x22046750_0, 0, 1;
    %pushi/vec4 1, 0, 1;
    %store/vec4 v0x21ff5b00_0, 0, 1;
    %pushi/vec4 0, 0, 1;
    %store/vec4 v0x220465b0_0, 0, 1;
    %pushi/vec4 0, 0, 1;
    %store/vec4 v0x220287f0_0, 0, 1;
    %jmp T_5.10;
T_5.6 ;
    %pushi/vec4 0, 0, 1;
    %store/vec4 v0x22046430_0, 0, 1;
    %pushi/vec4 0, 0, 1;
    %store/vec4 v0x22046750_0, 0, 1;
    %pushi/vec4 0, 0, 1;
    %store/vec4 v0x21ff5b00_0, 0, 1;
    %pushi/vec4 0, 0, 1;
    %store/vec4 v0x220465b0_0, 0, 1;
    %pushi/vec4 0, 0, 1;
    %store/vec4 v0x220287f0_0, 0, 1;
    %jmp T_5.10;
T_5.7 ;
    %pushi/vec4 0, 0, 1;
    %store/vec4 v0x22046430_0, 0, 1;
    %pushi/vec4 0, 0, 1;
    %store/vec4 v0x22046750_0, 0, 1;
    %pushi/vec4 0, 0, 1;
    %store/vec4 v0x21ff5b00_0, 0, 1;
    %pushi/vec4 1, 0, 1;
    %store/vec4 v0x220465b0_0, 0, 1;
    %pushi/vec4 0, 0, 1;
    %store/vec4 v0x220287f0_0, 0, 1;
    %jmp T_5.10;
T_5.8 ;
    %pushi/vec4 0, 0, 1;
    %store/vec4 v0x22046430_0, 0, 1;
    %pushi/vec4 0, 0, 1;
    %store/vec4 v0x22046750_0, 0, 1;
    %pushi/vec4 0, 0, 1;
    %store/vec4 v0x21ff5b00_0, 0, 1;
    %pushi/vec4 0, 0, 1;
    %store/vec4 v0x220465b0_0, 0, 1;
    %pushi/vec4 1, 0, 1;
    %store/vec4 v0x220287f0_0, 0, 1;
    %jmp T_5.10;
T_5.10 ;
    %pop/vec4 1;
    %jmp T_5;
    .thread T_5, $push;
    .scope S_0x22045910;
T_6 ;
    %wait E_0x22019ef0;
    %load/vec4 v0x220464f0_0;
    %flag_set/vec4 8;
    %jmp/0xz  T_6.0, 8;
    %pushi/vec4 0, 0, 4;
    %assign/vec4 v0x22046670_0, 0;
    %jmp T_6.1;
T_6.0 ;
    %load/vec4 v0x22046670_0;
    %dup/vec4;
    %pushi/vec4 0, 0, 4;
    %cmp/u;
    %jmp/1 T_6.2, 6;
    %dup/vec4;
    %pushi/vec4 1, 0, 4;
    %cmp/u;
    %jmp/1 T_6.3, 6;
    %dup/vec4;
    %pushi/vec4 2, 0, 4;
    %cmp/u;
    %jmp/1 T_6.4, 6;
    %dup/vec4;
    %pushi/vec4 3, 0, 4;
    %cmp/u;
    %jmp/1 T_6.5, 6;
    %dup/vec4;
    %pushi/vec4 4, 0, 4;
    %cmp/u;
    %jmp/1 T_6.6, 6;
    %dup/vec4;
    %pushi/vec4 5, 0, 4;
    %cmp/u;
    %jmp/1 T_6.7, 6;
    %dup/vec4;
    %pushi/vec4 6, 0, 4;
    %cmp/u;
    %jmp/1 T_6.8, 6;
    %dup/vec4;
    %pushi/vec4 8, 0, 4;
    %cmp/u;
    %jmp/1 T_6.9, 6;
    %dup/vec4;
    %pushi/vec4 9, 0, 4;
    %cmp/u;
    %jmp/1 T_6.10, 6;
    %pushi/vec4 0, 0, 4;
    %assign/vec4 v0x22046670_0, 0;
    %jmp T_6.12;
T_6.2 ;
    %pushi/vec4 1, 0, 4;
    %assign/vec4 v0x22046670_0, 0;
    %jmp T_6.12;
T_6.3 ;
    %load/vec4 v0x22046370_0;
    %flag_set/vec4 8;
    %jmp/0xz  T_6.13, 8;
    %pushi/vec4 2, 0, 4;
    %assign/vec4 v0x22046670_0, 0;
    %jmp T_6.14;
T_6.13 ;
    %pushi/vec4 1, 0, 4;
    %assign/vec4 v0x22046670_0, 0;
T_6.14 ;
    %jmp T_6.12;
T_6.4 ;
    %pushi/vec4 3, 0, 4;
    %assign/vec4 v0x22046670_0, 0;
    %jmp T_6.12;
T_6.5 ;
    %load/vec4 v0x22027be0_0;
    %flag_set/vec4 8;
    %jmp/0xz  T_6.15, 8;
    %pushi/vec4 4, 0, 4;
    %assign/vec4 v0x22046670_0, 0;
    %jmp T_6.16;
T_6.15 ;
    %pushi/vec4 5, 0, 4;
    %assign/vec4 v0x22046670_0, 0;
T_6.16 ;
    %jmp T_6.12;
T_6.6 ;
    %pushi/vec4 5, 0, 4;
    %assign/vec4 v0x22046670_0, 0;
    %jmp T_6.12;
T_6.7 ;
    %pushi/vec4 6, 0, 4;
    %assign/vec4 v0x22046670_0, 0;
    %jmp T_6.12;
T_6.8 ;
    %load/vec4 v0x21ff6480_0;
    %flag_set/vec4 8;
    %jmp/0xz  T_6.17, 8;
    %pushi/vec4 9, 0, 4;
    %assign/vec4 v0x22046670_0, 0;
    %jmp T_6.18;
T_6.17 ;
    %pushi/vec4 8, 0, 4;
    %assign/vec4 v0x22046670_0, 0;
T_6.18 ;
    %jmp T_6.12;
T_6.9 ;
    %pushi/vec4 3, 0, 4;
    %assign/vec4 v0x22046670_0, 0;
    %jmp T_6.12;
T_6.10 ;
    %pushi/vec4 0, 0, 4;
    %assign/vec4 v0x22046670_0, 0;
    %jmp T_6.12;
T_6.12 ;
    %pop/vec4 1;
T_6.1 ;
    %jmp T_6;
    .thread T_6;
    .scope S_0x22016fb0;
T_7 ;
    %pushi/vec4 0, 0, 1;
    %store/vec4 v0x22049380_0, 0, 1;
    %pushi/vec4 1, 0, 1;
    %store/vec4 v0x22049730_0, 0, 1;
    %pushi/vec4 0, 0, 1;
    %store/vec4 v0x22049640_0, 0, 1;
    %pushi/vec4 8, 0, 16;
    %store/vec4 v0x22049050_0, 0, 16;
    %pushi/vec4 8, 0, 16;
    %store/vec4 v0x22049180_0, 0, 16;
    %end;
    .thread T_7;
    .scope S_0x22016fb0;
T_8 ;
T_8.0 ;
    %wait E_0x220182d0;
    %wait E_0x22013de0;
    %pushi/vec4 1, 0, 1;
    %store/vec4 v0x22049730_0, 0, 1;
    %wait E_0x22013de0;
    %pushi/vec4 0, 0, 1;
    %store/vec4 v0x22049730_0, 0, 1;
    %event E_0x22018590;
    %jmp T_8.0;
T_8.1 ;
    %end;
    .thread T_8;
    .scope S_0x22016fb0;
T_9 ;
    %delay 0, 0;
T_9.0 ;
    %pushi/vec4 0, 0, 1;
    %store/vec4 v0x22049380_0, 0, 1;
    %delay 10000, 0;
    %pushi/vec4 1, 0, 1;
    %store/vec4 v0x22049380_0, 0, 1;
    %delay 10000, 0;
    %jmp T_9.0;
T_9.1 ;
    %end;
    .thread T_9;
    .scope S_0x22016fb0;
T_10 ;
    %delay 10000, 0;
    %event E_0x220182d0;
    %wait E_0x22018590;
    %wait E_0x22019ef0;
    %pushi/vec4 0, 0, 1;
    %store/vec4 v0x22049640_0, 0, 1;
    %wait E_0x22019ef0;
    %pushi/vec4 1, 0, 1;
    %store/vec4 v0x22049640_0, 0, 1;
    %pushi/vec4 0, 0, 21;
    %store/vec4 v0x22049560_0, 0, 21;
T_10.0 ; Top of for-loop 
    %load/vec4 v0x22049560_0;
    %pad/u 32;
    %cmpi/u 2, 0, 32;
    %jmp/0xz T_10.1, 5;
    %wait E_0x22019ef0;
T_10.2 ; for-loop step statement
    %load/vec4 v0x22049560_0;
    %addi 1, 0, 21;
    %store/vec4 v0x22049560_0, 0, 21;
    %jmp T_10.0;
T_10.1 ; for-loop exit label
    %pushi/vec4 0, 0, 1;
    %store/vec4 v0x22049640_0, 0, 1;
    %pushi/vec4 0, 0, 21;
    %store/vec4 v0x22049560_0, 0, 21;
T_10.3 ; Top of for-loop 
    %load/vec4 v0x22049560_0;
    %pad/u 32;
    %cmpi/u 17, 0, 32;
    %jmp/0xz T_10.4, 5;
    %wait E_0x22019ef0;
T_10.5 ; for-loop step statement
    %load/vec4 v0x22049560_0;
    %addi 1, 0, 21;
    %store/vec4 v0x22049560_0, 0, 21;
    %jmp T_10.3;
T_10.4 ; for-loop exit label
    %end;
    .thread T_10;
    .scope S_0x22016fb0;
T_11 ;
    %fork t_1, S_0x22017230;
    %jmp t_0;
    .scope S_0x22017230;
t_1 ;
    %vpi_call 2 71 "$dumpfile", "Mult_TB.vcd" {0 0 0};
    %vpi_call 2 72 "$dumpvars", 32'sb11111111111111111111111111111111, S_0x22007530 {0 0 0};
    %delay 100000000, 0;
    %vpi_call 2 73 "$finish" {0 0 0};
    %end;
    .scope S_0x22016fb0;
t_0 %join;
    %end;
    .thread T_11;
# The file index is used to find the file name in the following table.
:file_names 10;
    "N/A";
    "<interactive>";
    "Mult_TB.v";
    "Mult.v";
    "Comp_Eq.v";
    "Control_Mult.v";
    "Increase_I.v";
    "Multiplex.v";
    "Shift_Left.v";
    "Sum.v";
# EOF
