#! /usr/bin/vvp
:ivl_version "12.0 (stable)";
:ivl_delay_selection "TYPICAL";
:vpi_time_precision - 12;
:vpi_module "/usr/lib/x86_64-linux-gnu/ivl/system.vpi";
:vpi_module "/usr/lib/x86_64-linux-gnu/ivl/vhdl_sys.vpi";
:vpi_module "/usr/lib/x86_64-linux-gnu/ivl/vhdl_textio.vpi";
:vpi_module "/usr/lib/x86_64-linux-gnu/ivl/v2005_math.vpi";
:vpi_module "/usr/lib/x86_64-linux-gnu/ivl/va_math.vpi";
S_0x6425df351e00 .scope module, "Timer_TB" "Timer_TB" 2 3;
 .timescale -9 -12;
v0x6425df372bc0_0 .var "clk", 0 0;
v0x6425df372c80_0 .net "done_t", 0 0, v0x6425df350930_0;  1 drivers
v0x6425df372d90_0 .net "dout", 0 0, v0x6425df350cd0_0;  1 drivers
v0x6425df372e80_0 .var "init_t", 0 0;
v0x6425df372f70_0 .var "sel", 1 0;
E_0x6425df3288b0 .event posedge, v0x6425df350930_0;
S_0x6425df329800 .scope begin, "TEST_CASE" "TEST_CASE" 2 82, 2 82 0, S_0x6425df351e00;
 .timescale -9 -12;
S_0x6425df329990 .scope module, "uut" "Timer" 2 12, 3 2 0, S_0x6425df351e00;
 .timescale -9 -12;
    .port_info 0 /INPUT 1 "init_t";
    .port_info 1 /INPUT 1 "clk";
    .port_info 2 /INPUT 2 "sel";
    .port_info 3 /OUTPUT 1 "dout";
    .port_info 4 /OUTPUT 1 "done_t";
P_0x6425df34cbb0 .param/l "Per" 0 3 17, C4<0000000000011111>;
P_0x6425df34cbf0 .param/l "Res" 0 3 16, C4<0000010011100010>;
P_0x6425df34cc30 .param/l "T0h" 0 3 14, C4<0000000000001010>;
P_0x6425df34cc70 .param/l "T1h" 0 3 15, C4<0000000000010100>;
v0x6425df3721e0_0 .net "clk", 0 0, v0x6425df372bc0_0;  1 drivers
v0x6425df3722f0_0 .net "count_out", 15 0, v0x6425df3715c0_0;  1 drivers
v0x6425df372400_0 .net "done_t", 0 0, v0x6425df350930_0;  alias, 1 drivers
v0x6425df3724a0_0 .net "dout", 0 0, v0x6425df350cd0_0;  alias, 1 drivers
v0x6425df372570_0 .net "inc", 0 0, v0x6425df351800_0;  1 drivers
v0x6425df3726b0_0 .net "init_t", 0 0, v0x6425df372e80_0;  1 drivers
v0x6425df372750_0 .net "out", 15 0, v0x6425df371f20_0;  1 drivers
v0x6425df372840_0 .net "rst", 0 0, v0x6425df370e20_0;  1 drivers
v0x6425df372930_0 .net "sel", 1 0, v0x6425df372f70_0;  1 drivers
v0x6425df3729d0_0 .net "sel_tim", 1 0, v0x6425df370fc0_0;  1 drivers
v0x6425df372a70_0 .net "z", 0 0, v0x6425df34fd00_0;  1 drivers
S_0x6425df342720 .scope module, "u_Comp" "Comp" 3 29, 4 2 0, S_0x6425df329990;
 .timescale -9 -12;
    .port_info 0 /INPUT 16 "a";
    .port_info 1 /INPUT 16 "b";
    .port_info 2 /OUTPUT 1 "z";
v0x6425df34f170_0 .net "a", 15 0, v0x6425df371f20_0;  alias, 1 drivers
v0x6425df34f410_0 .net "b", 15 0, v0x6425df3715c0_0;  alias, 1 drivers
v0x6425df34fd00_0 .var "z", 0 0;
E_0x6425df328d60 .event anyedge, v0x6425df34f170_0, v0x6425df34f410_0;
S_0x6425df36fe30 .scope module, "u_Control_Timer" "Control_Timer" 3 27, 5 2 0, S_0x6425df329990;
 .timescale -9 -12;
    .port_info 0 /INPUT 1 "clk";
    .port_info 1 /INPUT 1 "z";
    .port_info 2 /INPUT 2 "sel";
    .port_info 3 /INPUT 1 "init_t";
    .port_info 4 /OUTPUT 1 "dout";
    .port_info 5 /OUTPUT 1 "done";
    .port_info 6 /OUTPUT 1 "rst";
    .port_info 7 /OUTPUT 1 "inc";
    .port_info 8 /OUTPUT 2 "sel_tim";
P_0x6425df370010 .param/l "CHECK1" 0 5 15, C4<0001>;
P_0x6425df370050 .param/l "CHECK2" 0 5 17, C4<0011>;
P_0x6425df370090 .param/l "CHECK3" 0 5 24, C4<1010>;
P_0x6425df3700d0 .param/l "CHECK4" 0 5 27, C4<1101>;
P_0x6425df370110 .param/l "CHECK5" 0 5 28, C4<1110>;
P_0x6425df370150 .param/l "COUNT1" 0 5 23, C4<1001>;
P_0x6425df370190 .param/l "COUNT2" 0 5 25, C4<1011>;
P_0x6425df3701d0 .param/l "COUNT3" 0 5 26, C4<1100>;
P_0x6425df370210 .param/l "DONE" 0 5 29, C4<1111>;
P_0x6425df370250 .param/l "DOUT1" 0 5 20, C4<0110>;
P_0x6425df370290 .param/l "DOUT2" 0 5 21, C4<0111>;
P_0x6425df3702d0 .param/l "DOUT3" 0 5 22, C4<1000>;
P_0x6425df370310 .param/l "INIT" 0 5 16, C4<0010>;
P_0x6425df370350 .param/l "START" 0 5 14, C4<0000>;
P_0x6425df370390 .param/l "T0H" 0 5 18, C4<0100>;
P_0x6425df3703d0 .param/l "T1H" 0 5 19, C4<0101>;
v0x6425df3500e0_0 .net "clk", 0 0, v0x6425df372bc0_0;  alias, 1 drivers
v0x6425df350930_0 .var "done", 0 0;
v0x6425df350cd0_0 .var "dout", 0 0;
v0x6425df351800_0 .var "inc", 0 0;
v0x6425df370d10_0 .net "init_t", 0 0, v0x6425df372e80_0;  alias, 1 drivers
v0x6425df370e20_0 .var "rst", 0 0;
v0x6425df370ee0_0 .net "sel", 1 0, v0x6425df372f70_0;  alias, 1 drivers
v0x6425df370fc0_0 .var "sel_tim", 1 0;
v0x6425df3710a0_0 .var "state", 3 0;
v0x6425df371180_0 .net "z", 0 0, v0x6425df34fd00_0;  alias, 1 drivers
E_0x6425df329080 .event posedge, v0x6425df3500e0_0;
E_0x6425df30e290 .event anyedge, v0x6425df3710a0_0;
S_0x6425df371320 .scope module, "u_Count_out" "Count_out" 3 23, 6 2 0, S_0x6425df329990;
 .timescale -9 -12;
    .port_info 0 /INPUT 1 "clk";
    .port_info 1 /INPUT 1 "rst";
    .port_info 2 /INPUT 1 "inc";
    .port_info 3 /OUTPUT 16 "count_out";
v0x6425df3714d0_0 .net "clk", 0 0, v0x6425df372bc0_0;  alias, 1 drivers
v0x6425df3715c0_0 .var "count_out", 15 0;
v0x6425df371690_0 .net "inc", 0 0, v0x6425df351800_0;  alias, 1 drivers
v0x6425df371790_0 .net "rst", 0 0, v0x6425df370e20_0;  alias, 1 drivers
E_0x6425df3521c0 .event negedge, v0x6425df3500e0_0;
S_0x6425df371890 .scope module, "u_Multiplex" "Multiplex" 3 25, 7 2 0, S_0x6425df329990;
 .timescale -9 -12;
    .port_info 0 /INPUT 16 "T0h";
    .port_info 1 /INPUT 16 "T1h";
    .port_info 2 /INPUT 16 "Res";
    .port_info 3 /INPUT 16 "Per";
    .port_info 4 /INPUT 2 "sel_tim";
    .port_info 5 /OUTPUT 16 "out";
L_0x7f31aefb70f0 .functor BUFT 1, C4<0000000000011111>, C4<0>, C4<0>, C4<0>;
v0x6425df371ba0_0 .net "Per", 15 0, L_0x7f31aefb70f0;  1 drivers
L_0x7f31aefb70a8 .functor BUFT 1, C4<0000010011100010>, C4<0>, C4<0>, C4<0>;
v0x6425df371ca0_0 .net "Res", 15 0, L_0x7f31aefb70a8;  1 drivers
L_0x7f31aefb7018 .functor BUFT 1, C4<0000000000001010>, C4<0>, C4<0>, C4<0>;
v0x6425df371d80_0 .net "T0h", 15 0, L_0x7f31aefb7018;  1 drivers
L_0x7f31aefb7060 .functor BUFT 1, C4<0000000000010100>, C4<0>, C4<0>, C4<0>;
v0x6425df371e40_0 .net "T1h", 15 0, L_0x7f31aefb7060;  1 drivers
v0x6425df371f20_0 .var "out", 15 0;
v0x6425df372030_0 .net "sel_tim", 1 0, v0x6425df370fc0_0;  alias, 1 drivers
E_0x6425df371b10/0 .event anyedge, v0x6425df370fc0_0, v0x6425df371d80_0, v0x6425df371e40_0, v0x6425df371ca0_0;
E_0x6425df371b10/1 .event anyedge, v0x6425df371ba0_0;
E_0x6425df371b10 .event/or E_0x6425df371b10/0, E_0x6425df371b10/1;
    .scope S_0x6425df371320;
T_0 ;
    %wait E_0x6425df3521c0;
    %load/vec4 v0x6425df371790_0;
    %flag_set/vec4 8;
    %jmp/0xz  T_0.0, 8;
    %pushi/vec4 0, 0, 16;
    %assign/vec4 v0x6425df3715c0_0, 0;
    %jmp T_0.1;
T_0.0 ;
    %load/vec4 v0x6425df371690_0;
    %flag_set/vec4 8;
    %jmp/0xz  T_0.2, 8;
    %load/vec4 v0x6425df3715c0_0;
    %addi 1, 0, 16;
    %assign/vec4 v0x6425df3715c0_0, 0;
T_0.2 ;
T_0.1 ;
    %jmp T_0;
    .thread T_0;
    .scope S_0x6425df371890;
T_1 ;
    %wait E_0x6425df371b10;
    %load/vec4 v0x6425df372030_0;
    %dup/vec4;
    %pushi/vec4 0, 0, 2;
    %cmp/u;
    %jmp/1 T_1.0, 6;
    %dup/vec4;
    %pushi/vec4 1, 0, 2;
    %cmp/u;
    %jmp/1 T_1.1, 6;
    %dup/vec4;
    %pushi/vec4 2, 0, 2;
    %cmp/u;
    %jmp/1 T_1.2, 6;
    %dup/vec4;
    %pushi/vec4 3, 0, 2;
    %cmp/u;
    %jmp/1 T_1.3, 6;
    %load/vec4 v0x6425df371d80_0;
    %store/vec4 v0x6425df371f20_0, 0, 16;
    %jmp T_1.5;
T_1.0 ;
    %load/vec4 v0x6425df371d80_0;
    %store/vec4 v0x6425df371f20_0, 0, 16;
    %jmp T_1.5;
T_1.1 ;
    %load/vec4 v0x6425df371e40_0;
    %store/vec4 v0x6425df371f20_0, 0, 16;
    %jmp T_1.5;
T_1.2 ;
    %load/vec4 v0x6425df371ca0_0;
    %store/vec4 v0x6425df371f20_0, 0, 16;
    %jmp T_1.5;
T_1.3 ;
    %load/vec4 v0x6425df371ba0_0;
    %store/vec4 v0x6425df371f20_0, 0, 16;
    %jmp T_1.5;
T_1.5 ;
    %pop/vec4 1;
    %jmp T_1;
    .thread T_1, $push;
    .scope S_0x6425df36fe30;
T_2 ;
    %wait E_0x6425df30e290;
    %load/vec4 v0x6425df3710a0_0;
    %dup/vec4;
    %pushi/vec4 0, 0, 4;
    %cmp/u;
    %jmp/1 T_2.0, 6;
    %dup/vec4;
    %pushi/vec4 1, 0, 4;
    %cmp/u;
    %jmp/1 T_2.1, 6;
    %dup/vec4;
    %pushi/vec4 2, 0, 4;
    %cmp/u;
    %jmp/1 T_2.2, 6;
    %dup/vec4;
    %pushi/vec4 3, 0, 4;
    %cmp/u;
    %jmp/1 T_2.3, 6;
    %dup/vec4;
    %pushi/vec4 4, 0, 4;
    %cmp/u;
    %jmp/1 T_2.4, 6;
    %dup/vec4;
    %pushi/vec4 5, 0, 4;
    %cmp/u;
    %jmp/1 T_2.5, 6;
    %dup/vec4;
    %pushi/vec4 6, 0, 4;
    %cmp/u;
    %jmp/1 T_2.6, 6;
    %dup/vec4;
    %pushi/vec4 7, 0, 4;
    %cmp/u;
    %jmp/1 T_2.7, 6;
    %dup/vec4;
    %pushi/vec4 8, 0, 4;
    %cmp/u;
    %jmp/1 T_2.8, 6;
    %dup/vec4;
    %pushi/vec4 9, 0, 4;
    %cmp/u;
    %jmp/1 T_2.9, 6;
    %dup/vec4;
    %pushi/vec4 10, 0, 4;
    %cmp/u;
    %jmp/1 T_2.10, 6;
    %dup/vec4;
    %pushi/vec4 11, 0, 4;
    %cmp/u;
    %jmp/1 T_2.11, 6;
    %dup/vec4;
    %pushi/vec4 12, 0, 4;
    %cmp/u;
    %jmp/1 T_2.12, 6;
    %dup/vec4;
    %pushi/vec4 13, 0, 4;
    %cmp/u;
    %jmp/1 T_2.13, 6;
    %dup/vec4;
    %pushi/vec4 14, 0, 4;
    %cmp/u;
    %jmp/1 T_2.14, 6;
    %dup/vec4;
    %pushi/vec4 15, 0, 4;
    %cmp/u;
    %jmp/1 T_2.15, 6;
    %pushi/vec4 0, 0, 1;
    %store/vec4 v0x6425df350cd0_0, 0, 1;
    %pushi/vec4 0, 0, 1;
    %store/vec4 v0x6425df350930_0, 0, 1;
    %pushi/vec4 0, 0, 1;
    %store/vec4 v0x6425df370e20_0, 0, 1;
    %pushi/vec4 0, 0, 1;
    %store/vec4 v0x6425df351800_0, 0, 1;
    %pushi/vec4 0, 0, 2;
    %store/vec4 v0x6425df370fc0_0, 0, 2;
    %jmp T_2.17;
T_2.0 ;
    %pushi/vec4 0, 0, 1;
    %store/vec4 v0x6425df350cd0_0, 0, 1;
    %pushi/vec4 0, 0, 1;
    %store/vec4 v0x6425df350930_0, 0, 1;
    %pushi/vec4 0, 0, 1;
    %store/vec4 v0x6425df370e20_0, 0, 1;
    %pushi/vec4 0, 0, 1;
    %store/vec4 v0x6425df351800_0, 0, 1;
    %pushi/vec4 0, 0, 2;
    %store/vec4 v0x6425df370fc0_0, 0, 2;
    %jmp T_2.17;
T_2.1 ;
    %pushi/vec4 0, 0, 1;
    %store/vec4 v0x6425df350cd0_0, 0, 1;
    %pushi/vec4 0, 0, 1;
    %store/vec4 v0x6425df350930_0, 0, 1;
    %pushi/vec4 0, 0, 1;
    %store/vec4 v0x6425df370e20_0, 0, 1;
    %pushi/vec4 0, 0, 1;
    %store/vec4 v0x6425df351800_0, 0, 1;
    %pushi/vec4 0, 0, 2;
    %store/vec4 v0x6425df370fc0_0, 0, 2;
    %jmp T_2.17;
T_2.2 ;
    %pushi/vec4 0, 0, 1;
    %store/vec4 v0x6425df350cd0_0, 0, 1;
    %pushi/vec4 0, 0, 1;
    %store/vec4 v0x6425df350930_0, 0, 1;
    %pushi/vec4 1, 0, 1;
    %store/vec4 v0x6425df370e20_0, 0, 1;
    %pushi/vec4 0, 0, 1;
    %store/vec4 v0x6425df351800_0, 0, 1;
    %pushi/vec4 0, 0, 2;
    %store/vec4 v0x6425df370fc0_0, 0, 2;
    %jmp T_2.17;
T_2.3 ;
    %pushi/vec4 0, 0, 1;
    %store/vec4 v0x6425df350cd0_0, 0, 1;
    %pushi/vec4 0, 0, 1;
    %store/vec4 v0x6425df350930_0, 0, 1;
    %pushi/vec4 0, 0, 1;
    %store/vec4 v0x6425df370e20_0, 0, 1;
    %pushi/vec4 0, 0, 1;
    %store/vec4 v0x6425df351800_0, 0, 1;
    %pushi/vec4 0, 0, 2;
    %store/vec4 v0x6425df370fc0_0, 0, 2;
    %jmp T_2.17;
T_2.4 ;
    %pushi/vec4 0, 0, 1;
    %store/vec4 v0x6425df350cd0_0, 0, 1;
    %pushi/vec4 0, 0, 1;
    %store/vec4 v0x6425df350930_0, 0, 1;
    %pushi/vec4 0, 0, 1;
    %store/vec4 v0x6425df370e20_0, 0, 1;
    %pushi/vec4 0, 0, 1;
    %store/vec4 v0x6425df351800_0, 0, 1;
    %pushi/vec4 0, 0, 2;
    %store/vec4 v0x6425df370fc0_0, 0, 2;
    %jmp T_2.17;
T_2.5 ;
    %pushi/vec4 0, 0, 1;
    %store/vec4 v0x6425df350cd0_0, 0, 1;
    %pushi/vec4 0, 0, 1;
    %store/vec4 v0x6425df350930_0, 0, 1;
    %pushi/vec4 0, 0, 1;
    %store/vec4 v0x6425df370e20_0, 0, 1;
    %pushi/vec4 0, 0, 1;
    %store/vec4 v0x6425df351800_0, 0, 1;
    %pushi/vec4 1, 0, 2;
    %store/vec4 v0x6425df370fc0_0, 0, 2;
    %jmp T_2.17;
T_2.6 ;
    %pushi/vec4 0, 0, 1;
    %store/vec4 v0x6425df350cd0_0, 0, 1;
    %pushi/vec4 0, 0, 1;
    %store/vec4 v0x6425df350930_0, 0, 1;
    %pushi/vec4 0, 0, 1;
    %store/vec4 v0x6425df370e20_0, 0, 1;
    %pushi/vec4 0, 0, 1;
    %store/vec4 v0x6425df351800_0, 0, 1;
    %pushi/vec4 2, 0, 2;
    %store/vec4 v0x6425df370fc0_0, 0, 2;
    %jmp T_2.17;
T_2.7 ;
    %pushi/vec4 1, 0, 1;
    %store/vec4 v0x6425df350cd0_0, 0, 1;
    %pushi/vec4 0, 0, 1;
    %store/vec4 v0x6425df350930_0, 0, 1;
    %pushi/vec4 0, 0, 1;
    %store/vec4 v0x6425df370e20_0, 0, 1;
    %pushi/vec4 0, 0, 1;
    %store/vec4 v0x6425df351800_0, 0, 1;
    %pushi/vec4 0, 0, 2;
    %store/vec4 v0x6425df370fc0_0, 0, 2;
    %jmp T_2.17;
T_2.8 ;
    %pushi/vec4 0, 0, 1;
    %store/vec4 v0x6425df350cd0_0, 0, 1;
    %pushi/vec4 0, 0, 1;
    %store/vec4 v0x6425df350930_0, 0, 1;
    %pushi/vec4 0, 0, 1;
    %store/vec4 v0x6425df370e20_0, 0, 1;
    %pushi/vec4 0, 0, 1;
    %store/vec4 v0x6425df351800_0, 0, 1;
    %pushi/vec4 0, 0, 2;
    %store/vec4 v0x6425df370fc0_0, 0, 2;
    %jmp T_2.17;
T_2.9 ;
    %pushi/vec4 1, 0, 1;
    %store/vec4 v0x6425df350cd0_0, 0, 1;
    %pushi/vec4 0, 0, 1;
    %store/vec4 v0x6425df350930_0, 0, 1;
    %pushi/vec4 0, 0, 1;
    %store/vec4 v0x6425df370e20_0, 0, 1;
    %pushi/vec4 1, 0, 1;
    %store/vec4 v0x6425df351800_0, 0, 1;
    %pushi/vec4 0, 0, 2;
    %store/vec4 v0x6425df370fc0_0, 0, 2;
    %jmp T_2.17;
T_2.10 ;
    %pushi/vec4 1, 0, 1;
    %store/vec4 v0x6425df350cd0_0, 0, 1;
    %pushi/vec4 0, 0, 1;
    %store/vec4 v0x6425df350930_0, 0, 1;
    %pushi/vec4 0, 0, 1;
    %store/vec4 v0x6425df370e20_0, 0, 1;
    %pushi/vec4 0, 0, 1;
    %store/vec4 v0x6425df351800_0, 0, 1;
    %pushi/vec4 0, 0, 2;
    %store/vec4 v0x6425df370fc0_0, 0, 2;
    %jmp T_2.17;
T_2.11 ;
    %pushi/vec4 0, 0, 1;
    %store/vec4 v0x6425df350cd0_0, 0, 1;
    %pushi/vec4 0, 0, 1;
    %store/vec4 v0x6425df350930_0, 0, 1;
    %pushi/vec4 0, 0, 1;
    %store/vec4 v0x6425df370e20_0, 0, 1;
    %pushi/vec4 1, 0, 1;
    %store/vec4 v0x6425df351800_0, 0, 1;
    %pushi/vec4 3, 0, 2;
    %store/vec4 v0x6425df370fc0_0, 0, 2;
    %jmp T_2.17;
T_2.12 ;
    %pushi/vec4 0, 0, 1;
    %store/vec4 v0x6425df350cd0_0, 0, 1;
    %pushi/vec4 0, 0, 1;
    %store/vec4 v0x6425df350930_0, 0, 1;
    %pushi/vec4 0, 0, 1;
    %store/vec4 v0x6425df370e20_0, 0, 1;
    %pushi/vec4 1, 0, 1;
    %store/vec4 v0x6425df351800_0, 0, 1;
    %pushi/vec4 2, 0, 2;
    %store/vec4 v0x6425df370fc0_0, 0, 2;
    %jmp T_2.17;
T_2.13 ;
    %pushi/vec4 0, 0, 1;
    %store/vec4 v0x6425df350cd0_0, 0, 1;
    %pushi/vec4 0, 0, 1;
    %store/vec4 v0x6425df350930_0, 0, 1;
    %pushi/vec4 0, 0, 1;
    %store/vec4 v0x6425df370e20_0, 0, 1;
    %pushi/vec4 0, 0, 1;
    %store/vec4 v0x6425df351800_0, 0, 1;
    %pushi/vec4 2, 0, 2;
    %store/vec4 v0x6425df370fc0_0, 0, 2;
    %jmp T_2.17;
T_2.14 ;
    %pushi/vec4 0, 0, 1;
    %store/vec4 v0x6425df350cd0_0, 0, 1;
    %pushi/vec4 0, 0, 1;
    %store/vec4 v0x6425df350930_0, 0, 1;
    %pushi/vec4 0, 0, 1;
    %store/vec4 v0x6425df370e20_0, 0, 1;
    %pushi/vec4 0, 0, 1;
    %store/vec4 v0x6425df351800_0, 0, 1;
    %pushi/vec4 3, 0, 2;
    %store/vec4 v0x6425df370fc0_0, 0, 2;
    %jmp T_2.17;
T_2.15 ;
    %pushi/vec4 0, 0, 1;
    %store/vec4 v0x6425df350cd0_0, 0, 1;
    %pushi/vec4 1, 0, 1;
    %store/vec4 v0x6425df350930_0, 0, 1;
    %pushi/vec4 0, 0, 1;
    %store/vec4 v0x6425df370e20_0, 0, 1;
    %pushi/vec4 0, 0, 1;
    %store/vec4 v0x6425df351800_0, 0, 1;
    %pushi/vec4 0, 0, 2;
    %store/vec4 v0x6425df370fc0_0, 0, 2;
    %jmp T_2.17;
T_2.17 ;
    %pop/vec4 1;
    %jmp T_2;
    .thread T_2, $push;
    .scope S_0x6425df36fe30;
T_3 ;
    %wait E_0x6425df329080;
    %load/vec4 v0x6425df3710a0_0;
    %dup/vec4;
    %pushi/vec4 0, 0, 4;
    %cmp/u;
    %jmp/1 T_3.0, 6;
    %dup/vec4;
    %pushi/vec4 1, 0, 4;
    %cmp/u;
    %jmp/1 T_3.1, 6;
    %dup/vec4;
    %pushi/vec4 2, 0, 4;
    %cmp/u;
    %jmp/1 T_3.2, 6;
    %dup/vec4;
    %pushi/vec4 3, 0, 4;
    %cmp/u;
    %jmp/1 T_3.3, 6;
    %dup/vec4;
    %pushi/vec4 4, 0, 4;
    %cmp/u;
    %jmp/1 T_3.4, 6;
    %dup/vec4;
    %pushi/vec4 5, 0, 4;
    %cmp/u;
    %jmp/1 T_3.5, 6;
    %dup/vec4;
    %pushi/vec4 6, 0, 4;
    %cmp/u;
    %jmp/1 T_3.6, 6;
    %dup/vec4;
    %pushi/vec4 7, 0, 4;
    %cmp/u;
    %jmp/1 T_3.7, 6;
    %dup/vec4;
    %pushi/vec4 8, 0, 4;
    %cmp/u;
    %jmp/1 T_3.8, 6;
    %dup/vec4;
    %pushi/vec4 9, 0, 4;
    %cmp/u;
    %jmp/1 T_3.9, 6;
    %dup/vec4;
    %pushi/vec4 10, 0, 4;
    %cmp/u;
    %jmp/1 T_3.10, 6;
    %dup/vec4;
    %pushi/vec4 11, 0, 4;
    %cmp/u;
    %jmp/1 T_3.11, 6;
    %dup/vec4;
    %pushi/vec4 14, 0, 4;
    %cmp/u;
    %jmp/1 T_3.12, 6;
    %dup/vec4;
    %pushi/vec4 12, 0, 4;
    %cmp/u;
    %jmp/1 T_3.13, 6;
    %dup/vec4;
    %pushi/vec4 13, 0, 4;
    %cmp/u;
    %jmp/1 T_3.14, 6;
    %dup/vec4;
    %pushi/vec4 15, 0, 4;
    %cmp/u;
    %jmp/1 T_3.15, 6;
    %pushi/vec4 0, 0, 4;
    %assign/vec4 v0x6425df3710a0_0, 0;
    %jmp T_3.17;
T_3.0 ;
    %pushi/vec4 1, 0, 4;
    %assign/vec4 v0x6425df3710a0_0, 0;
    %jmp T_3.17;
T_3.1 ;
    %load/vec4 v0x6425df370d10_0;
    %pad/u 32;
    %cmpi/e 1, 0, 32;
    %jmp/0xz  T_3.18, 4;
    %pushi/vec4 2, 0, 4;
    %assign/vec4 v0x6425df3710a0_0, 0;
    %jmp T_3.19;
T_3.18 ;
    %pushi/vec4 1, 0, 4;
    %assign/vec4 v0x6425df3710a0_0, 0;
T_3.19 ;
    %jmp T_3.17;
T_3.2 ;
    %pushi/vec4 3, 0, 4;
    %assign/vec4 v0x6425df3710a0_0, 0;
    %jmp T_3.17;
T_3.3 ;
    %load/vec4 v0x6425df370ee0_0;
    %dup/vec4;
    %pushi/vec4 0, 0, 2;
    %cmp/u;
    %jmp/1 T_3.20, 6;
    %dup/vec4;
    %pushi/vec4 1, 0, 2;
    %cmp/u;
    %jmp/1 T_3.21, 6;
    %dup/vec4;
    %pushi/vec4 2, 0, 2;
    %cmp/u;
    %jmp/1 T_3.22, 6;
    %pushi/vec4 4, 0, 4;
    %assign/vec4 v0x6425df3710a0_0, 0;
    %jmp T_3.24;
T_3.20 ;
    %pushi/vec4 4, 0, 4;
    %assign/vec4 v0x6425df3710a0_0, 0;
    %jmp T_3.24;
T_3.21 ;
    %pushi/vec4 5, 0, 4;
    %assign/vec4 v0x6425df3710a0_0, 0;
    %jmp T_3.24;
T_3.22 ;
    %pushi/vec4 6, 0, 4;
    %assign/vec4 v0x6425df3710a0_0, 0;
    %jmp T_3.24;
T_3.24 ;
    %pop/vec4 1;
    %jmp T_3.17;
T_3.4 ;
    %pushi/vec4 7, 0, 4;
    %assign/vec4 v0x6425df3710a0_0, 0;
    %jmp T_3.17;
T_3.5 ;
    %pushi/vec4 7, 0, 4;
    %assign/vec4 v0x6425df3710a0_0, 0;
    %jmp T_3.17;
T_3.6 ;
    %pushi/vec4 8, 0, 4;
    %assign/vec4 v0x6425df3710a0_0, 0;
    %jmp T_3.17;
T_3.7 ;
    %pushi/vec4 9, 0, 4;
    %assign/vec4 v0x6425df3710a0_0, 0;
    %jmp T_3.17;
T_3.8 ;
    %pushi/vec4 12, 0, 4;
    %assign/vec4 v0x6425df3710a0_0, 0;
    %jmp T_3.17;
T_3.9 ;
    %pushi/vec4 10, 0, 4;
    %assign/vec4 v0x6425df3710a0_0, 0;
    %jmp T_3.17;
T_3.10 ;
    %load/vec4 v0x6425df371180_0;
    %flag_set/vec4 8;
    %jmp/0xz  T_3.25, 8;
    %pushi/vec4 11, 0, 4;
    %assign/vec4 v0x6425df3710a0_0, 0;
    %jmp T_3.26;
T_3.25 ;
    %pushi/vec4 9, 0, 4;
    %assign/vec4 v0x6425df3710a0_0, 0;
T_3.26 ;
    %jmp T_3.17;
T_3.11 ;
    %pushi/vec4 14, 0, 4;
    %assign/vec4 v0x6425df3710a0_0, 0;
    %jmp T_3.17;
T_3.12 ;
    %load/vec4 v0x6425df371180_0;
    %flag_set/vec4 8;
    %jmp/0xz  T_3.27, 8;
    %pushi/vec4 15, 0, 4;
    %assign/vec4 v0x6425df3710a0_0, 0;
    %jmp T_3.28;
T_3.27 ;
    %pushi/vec4 11, 0, 4;
    %assign/vec4 v0x6425df3710a0_0, 0;
T_3.28 ;
    %jmp T_3.17;
T_3.13 ;
    %pushi/vec4 13, 0, 4;
    %assign/vec4 v0x6425df3710a0_0, 0;
    %jmp T_3.17;
T_3.14 ;
    %load/vec4 v0x6425df371180_0;
    %flag_set/vec4 8;
    %jmp/0xz  T_3.29, 8;
    %pushi/vec4 15, 0, 4;
    %assign/vec4 v0x6425df3710a0_0, 0;
    %jmp T_3.30;
T_3.29 ;
    %pushi/vec4 12, 0, 4;
    %assign/vec4 v0x6425df3710a0_0, 0;
T_3.30 ;
    %jmp T_3.17;
T_3.15 ;
    %pushi/vec4 0, 0, 4;
    %assign/vec4 v0x6425df3710a0_0, 0;
    %jmp T_3.17;
T_3.17 ;
    %pop/vec4 1;
    %jmp T_3;
    .thread T_3;
    .scope S_0x6425df342720;
T_4 ;
    %wait E_0x6425df328d60;
    %load/vec4 v0x6425df34f170_0;
    %load/vec4 v0x6425df34f410_0;
    %cmp/e;
    %flag_get/vec4 4;
    %store/vec4 v0x6425df34fd00_0, 0, 1;
    %jmp T_4;
    .thread T_4, $push;
    .scope S_0x6425df351e00;
T_5 ;
    %delay 10000, 0;
    %load/vec4 v0x6425df372bc0_0;
    %inv;
    %store/vec4 v0x6425df372bc0_0, 0, 1;
    %jmp T_5;
    .thread T_5;
    .scope S_0x6425df351e00;
T_6 ;
    %delay 705032704, 1;
    %vpi_call 2 30 "$display", "\012[ERROR] TIMEOUT: La simulaci\303\263n se atasc\303\263 esperando done_t." {0 0 0};
    %vpi_call 2 31 "$display", "Forzando cierre para que puedas analizar el archivo en GTKWave..." {0 0 0};
    %vpi_call 2 32 "$finish" {0 0 0};
    %end;
    .thread T_6;
    .scope S_0x6425df351e00;
T_7 ;
    %vpi_call 2 36 "$display", "=== TESTBENCH INTEGRADO DEL TIMER ===" {0 0 0};
    %pushi/vec4 0, 0, 1;
    %store/vec4 v0x6425df372bc0_0, 0, 1;
    %pushi/vec4 0, 0, 1;
    %store/vec4 v0x6425df372e80_0, 0, 1;
    %pushi/vec4 0, 0, 2;
    %store/vec4 v0x6425df372f70_0, 0, 2;
    %delay 100000, 0;
    %vpi_call 2 43 "$display", "\012--- Caso de Prueba 1: Bit 0 (sel = 00) ---" {0 0 0};
    %wait E_0x6425df329080;
    %pushi/vec4 0, 0, 2;
    %store/vec4 v0x6425df372f70_0, 0, 2;
    %pushi/vec4 1, 0, 1;
    %store/vec4 v0x6425df372e80_0, 0, 1;
    %wait E_0x6425df329080;
    %pushi/vec4 0, 0, 1;
    %store/vec4 v0x6425df372e80_0, 0, 1;
    %wait E_0x6425df3288b0;
    %delay 40000, 0;
    %vpi_call 2 54 "$display", "\012--- Caso de Prueba 2: Bit 1 (sel = 01) ---" {0 0 0};
    %wait E_0x6425df329080;
    %pushi/vec4 1, 0, 2;
    %store/vec4 v0x6425df372f70_0, 0, 2;
    %pushi/vec4 1, 0, 1;
    %store/vec4 v0x6425df372e80_0, 0, 1;
    %wait E_0x6425df329080;
    %pushi/vec4 0, 0, 1;
    %store/vec4 v0x6425df372e80_0, 0, 1;
    %wait E_0x6425df3288b0;
    %delay 40000, 0;
    %vpi_call 2 65 "$display", "\012--- Caso de Prueba 3: Reset de Linea (sel = 10) ---" {0 0 0};
    %wait E_0x6425df329080;
    %pushi/vec4 2, 0, 2;
    %store/vec4 v0x6425df372f70_0, 0, 2;
    %pushi/vec4 1, 0, 1;
    %store/vec4 v0x6425df372e80_0, 0, 1;
    %wait E_0x6425df329080;
    %pushi/vec4 0, 0, 1;
    %store/vec4 v0x6425df372e80_0, 0, 1;
    %wait E_0x6425df3288b0;
    %delay 40000, 0;
    %vpi_call 2 75 "$display", "\012=== SIMULACION COMPLETA DEL TIMER CONCLUIDA CON EXITO ===" {0 0 0};
    %vpi_call 2 76 "$finish" {0 0 0};
    %end;
    .thread T_7;
    .scope S_0x6425df351e00;
T_8 ;
    %fork t_1, S_0x6425df329800;
    %jmp t_0;
    .scope S_0x6425df329800;
t_1 ;
    %vpi_call 2 83 "$dumpfile", "Timer_TB.vcd" {0 0 0};
    %vpi_call 2 84 "$dumpvars", 32'sb11111111111111111111111111111111, S_0x6425df329990 {0 0 0};
    %end;
    .scope S_0x6425df351e00;
t_0 %join;
    %end;
    .thread T_8;
# The file index is used to find the file name in the following table.
:file_names 8;
    "N/A";
    "<interactive>";
    "Timer_TB.v";
    "Timer.v";
    "Comp.v";
    "Control_Timer.v";
    "Count_out.v";
    "Multiplex.v";
