#! /usr/bin/vvp
:ivl_version "12.0 (stable)";
:ivl_delay_selection "TYPICAL";
:vpi_time_precision - 12;
:vpi_module "/usr/lib/x86_64-linux-gnu/ivl/system.vpi";
:vpi_module "/usr/lib/x86_64-linux-gnu/ivl/vhdl_sys.vpi";
:vpi_module "/usr/lib/x86_64-linux-gnu/ivl/vhdl_textio.vpi";
:vpi_module "/usr/lib/x86_64-linux-gnu/ivl/v2005_math.vpi";
:vpi_module "/usr/lib/x86_64-linux-gnu/ivl/va_math.vpi";
S_0x5cf50aa4ed40 .scope module, "Division_TB" "Division_TB" 2 4;
 .timescale -9 -12;
P_0x5cf50aa786d0 .param/real "DUTY_CYCLE" 0 2 18, Cr<m4000000000000000gfc1>; value=0.500000
P_0x5cf50aa78710 .param/l "OFFSET" 0 2 19, +C4<00000000000000000000000000000000>;
P_0x5cf50aa78750 .param/l "PERIOD" 0 2 17, +C4<00000000000000000000000000010100>;
v0x5cf50aa9b3e0_0 .var "A", 15 0;
v0x5cf50aa9b4c0_0 .var "B", 15 0;
v0x5cf50aa9b580_0 .net "Cc", 15 0, L_0x5cf50aaabd50;  1 drivers
v0x5cf50aa9b650_0 .net "Res", 15 0, v0x5cf50aa99d70_0;  1 drivers
v0x5cf50aa9b6f0_0 .var "clk", 0 0;
v0x5cf50aa9b7e0_0 .net "done", 0 0, v0x5cf50aa984e0_0;  1 drivers
v0x5cf50aa9b8d0_0 .var "i", 20 0;
v0x5cf50aa9b990_0 .var "init", 0 0;
v0x5cf50aa9ba80_0 .var "rst", 0 0;
E_0x5cf50aa4c790 .event "reset_trigger";
E_0x5cf50aa4ce90 .event "reset_done_trigger";
S_0x5cf50aa4ef70 .scope begin, "TEST_CASE" "TEST_CASE" 2 86, 2 86 0, S_0x5cf50aa4ed40;
 .timescale -9 -12;
S_0x5cf50aa4d7d0 .scope module, "uut" "Division" 2 15, 3 2 0, S_0x5cf50aa4ed40;
 .timescale -9 -12;
    .port_info 0 /INPUT 1 "clk";
    .port_info 1 /INPUT 1 "rst";
    .port_info 2 /INPUT 16 "A";
    .port_info 3 /INPUT 16 "B";
    .port_info 4 /INPUT 1 "init";
    .port_info 5 /OUTPUT 16 "Res";
    .port_info 6 /OUTPUT 16 "Cc";
    .port_info 7 /OUTPUT 1 "done";
v0x5cf50aa9a2e0_0 .net "A", 15 0, v0x5cf50aa9b3e0_0;  1 drivers
v0x5cf50aa9a410_0 .net "B", 15 0, v0x5cf50aa9b4c0_0;  1 drivers
v0x5cf50aa9a4f0_0 .net "CA2", 15 0, v0x5cf50aa976f0_0;  1 drivers
v0x5cf50aa9a5e0_0 .net "Cc", 15 0, L_0x5cf50aaabd50;  alias, 1 drivers
v0x5cf50aa9a6c0_0 .net "Reg_Div", 31 0, v0x5cf50aa99680_0;  1 drivers
v0x5cf50aa9a820_0 .net "Res", 15 0, v0x5cf50aa99d70_0;  alias, 1 drivers
L_0x7149193b7018 .functor BUFT 1, C4<0000000000000000>, C4<0>, C4<0>, C4<0>;
v0x5cf50aa9a8e0_0 .net/2u *"_ivl_0", 15 0, L_0x7149193b7018;  1 drivers
L_0x7149193b7060 .functor BUFT 1, C4<0000000000>, C4<0>, C4<0>, C4<0>;
v0x5cf50aa9a9a0_0 .net *"_ivl_13", 9 0, L_0x7149193b7060;  1 drivers
v0x5cf50aa9aa80_0 .net "assi", 0 0, v0x5cf50aa982a0_0;  1 drivers
v0x5cf50aa9ab20_0 .net "clk", 0 0, v0x5cf50aa9b6f0_0;  1 drivers
v0x5cf50aa9abc0_0 .net "decrease", 0 0, v0x5cf50aa98440_0;  1 drivers
v0x5cf50aa9ac60_0 .net "done", 0 0, v0x5cf50aa984e0_0;  alias, 1 drivers
v0x5cf50aa9ad00_0 .net "i", 5 0, v0x5cf50aa99190_0;  1 drivers
v0x5cf50aa9ada0_0 .net "i_eq_zero", 0 0, v0x5cf50aa97150_0;  1 drivers
v0x5cf50aa9ae40_0 .net "init", 0 0, v0x5cf50aa9b990_0;  1 drivers
v0x5cf50aa9aee0_0 .net "load", 0 0, v0x5cf50aa98730_0;  1 drivers
v0x5cf50aa9b010_0 .net "reg_div_min_a", 0 0, v0x5cf50aa400e0_0;  1 drivers
v0x5cf50aa9b0b0_0 .net "rst", 0 0, v0x5cf50aa9ba80_0;  1 drivers
v0x5cf50aa9b180_0 .net "shift", 0 0, v0x5cf50aa989a0_0;  1 drivers
v0x5cf50aa9b220_0 .net "subs", 0 0, v0x5cf50aa98b40_0;  1 drivers
L_0x5cf50aaabb50 .concat [ 16 16 0 0], v0x5cf50aa9b4c0_0, L_0x7149193b7018;
L_0x5cf50aaabcb0 .part v0x5cf50aa99680_0, 16, 16;
L_0x5cf50aaabd50 .part v0x5cf50aa79c30_0, 0, 16;
L_0x5cf50aaabe40 .part v0x5cf50aa99680_0, 16, 16;
L_0x5cf50aaabfa0 .concat [ 6 10 0 0], v0x5cf50aa99190_0, L_0x7149193b7060;
S_0x5cf50aa4d9b0 .scope module, "u_Asign_1" "Asign" 3 28, 4 3 0, S_0x5cf50aa4d7d0;
 .timescale -9 -12;
    .port_info 0 /INPUT 32 "arr";
    .port_info 1 /INPUT 1 "value";
    .port_info 2 /OUTPUT 32 "arr_out";
v0x5cf50aa797f0_0 .net "arr", 31 0, v0x5cf50aa99680_0;  alias, 1 drivers
v0x5cf50aa79c30_0 .var "arr_out", 31 0;
v0x5cf50aa7a500_0 .net "value", 0 0, v0x5cf50aa400e0_0;  alias, 1 drivers
E_0x5cf50aa4ca80 .event anyedge, v0x5cf50aa797f0_0, v0x5cf50aa7a500_0;
S_0x5cf50aa969e0 .scope module, "u_Comp_1" "Comp" 3 27, 5 3 0, S_0x5cf50aa4d7d0;
 .timescale -9 -12;
    .port_info 0 /INPUT 16 "a";
    .port_info 1 /INPUT 16 "b";
    .port_info 2 /OUTPUT 1 "igual";
    .port_info 3 /OUTPUT 1 "menor";
v0x5cf50aa3e300_0 .net "a", 15 0, L_0x5cf50aaabcb0;  1 drivers
v0x5cf50aa3b8f0_0 .net "b", 15 0, v0x5cf50aa9b3e0_0;  alias, 1 drivers
v0x5cf50aa40400_0 .var "igual", 0 0;
v0x5cf50aa400e0_0 .var "menor", 0 0;
E_0x5cf50aa2f310 .event anyedge, v0x5cf50aa3e300_0, v0x5cf50aa3b8f0_0;
S_0x5cf50aa96d40 .scope module, "u_Comp_2" "Comp" 3 34, 5 3 0, S_0x5cf50aa4d7d0;
 .timescale -9 -12;
    .port_info 0 /INPUT 16 "a";
    .port_info 1 /INPUT 16 "b";
    .port_info 2 /OUTPUT 1 "igual";
    .port_info 3 /OUTPUT 1 "menor";
v0x5cf50aa96f70_0 .net "a", 15 0, L_0x5cf50aaabfa0;  1 drivers
L_0x7149193b70a8 .functor BUFT 1, C4<0000000000000000>, C4<0>, C4<0>, C4<0>;
v0x5cf50aa97070_0 .net "b", 15 0, L_0x7149193b70a8;  1 drivers
v0x5cf50aa97150_0 .var "igual", 0 0;
v0x5cf50aa97220_0 .var "menor", 0 0;
E_0x5cf50aa7ae20 .event anyedge, v0x5cf50aa96f70_0, v0x5cf50aa97070_0;
S_0x5cf50aa97390 .scope module, "u_Complement_A2" "Complement_A2" 3 29, 6 2 0, S_0x5cf50aa4d7d0;
 .timescale -9 -12;
    .port_info 0 /INPUT 16 "A";
    .port_info 1 /OUTPUT 16 "CA2";
v0x5cf50aa97610_0 .net "A", 15 0, v0x5cf50aa9b3e0_0;  alias, 1 drivers
v0x5cf50aa976f0_0 .var "CA2", 15 0;
E_0x5cf50aa97590 .event anyedge, v0x5cf50aa3b8f0_0;
S_0x5cf50aa97810 .scope module, "u_Control_Div" "Control_Div" 3 36, 7 1 0, S_0x5cf50aa4d7d0;
 .timescale -9 -12;
    .port_info 0 /INPUT 1 "clk";
    .port_info 1 /INPUT 1 "rst";
    .port_info 2 /INPUT 1 "init";
    .port_info 3 /INPUT 1 "i_eq_zero";
    .port_info 4 /INPUT 1 "reg_div_min_a";
    .port_info 5 /OUTPUT 1 "load";
    .port_info 6 /OUTPUT 1 "assi";
    .port_info 7 /OUTPUT 1 "subs";
    .port_info 8 /OUTPUT 1 "decrease";
    .port_info 9 /OUTPUT 1 "shift";
    .port_info 10 /OUTPUT 1 "done";
P_0x5cf50aa97a40 .param/l "ASSIGN1" 0 7 20, C4<0101>;
P_0x5cf50aa97a80 .param/l "ASSIGN2" 0 7 21, C4<0110>;
P_0x5cf50aa97ac0 .param/l "CHECK1" 0 7 16, C4<0001>;
P_0x5cf50aa97b00 .param/l "CHECK2" 0 7 19, C4<0100>;
P_0x5cf50aa97b40 .param/l "CHECK3" 0 7 24, C4<1001>;
P_0x5cf50aa97b80 .param/l "DECREASE" 0 7 23, C4<1000>;
P_0x5cf50aa97bc0 .param/l "FINISH" 0 7 25, C4<1010>;
P_0x5cf50aa97c00 .param/l "LOAD" 0 7 17, C4<0010>;
P_0x5cf50aa97c40 .param/l "SHIFT" 0 7 18, C4<0011>;
P_0x5cf50aa97c80 .param/l "START" 0 7 15, C4<0000>;
P_0x5cf50aa97cc0 .param/l "SUBS" 0 7 22, C4<0111>;
v0x5cf50aa982a0_0 .var "assi", 0 0;
v0x5cf50aa98380_0 .net "clk", 0 0, v0x5cf50aa9b6f0_0;  alias, 1 drivers
v0x5cf50aa98440_0 .var "decrease", 0 0;
v0x5cf50aa984e0_0 .var "done", 0 0;
v0x5cf50aa985a0_0 .net "i_eq_zero", 0 0, v0x5cf50aa97150_0;  alias, 1 drivers
v0x5cf50aa98690_0 .net "init", 0 0, v0x5cf50aa9b990_0;  alias, 1 drivers
v0x5cf50aa98730_0 .var "load", 0 0;
v0x5cf50aa987f0_0 .net "reg_div_min_a", 0 0, v0x5cf50aa400e0_0;  alias, 1 drivers
v0x5cf50aa988e0_0 .net "rst", 0 0, v0x5cf50aa9ba80_0;  alias, 1 drivers
v0x5cf50aa989a0_0 .var "shift", 0 0;
v0x5cf50aa98a60_0 .var "state", 3 0;
v0x5cf50aa98b40_0 .var "subs", 0 0;
E_0x5cf50aa981e0 .event posedge, v0x5cf50aa98380_0;
E_0x5cf50aa98240 .event anyedge, v0x5cf50aa98a60_0;
S_0x5cf50aa98dc0 .scope module, "u_Decrease" "Decrease" 3 33, 8 2 0, S_0x5cf50aa4d7d0;
 .timescale -9 -12;
    .port_info 0 /INPUT 1 "clk";
    .port_info 1 /INPUT 1 "load";
    .port_info 2 /INPUT 1 "decrease";
    .port_info 3 /OUTPUT 6 "i";
v0x5cf50aa98fd0_0 .net "clk", 0 0, v0x5cf50aa9b6f0_0;  alias, 1 drivers
v0x5cf50aa990c0_0 .net "decrease", 0 0, v0x5cf50aa98440_0;  alias, 1 drivers
v0x5cf50aa99190_0 .var "i", 5 0;
v0x5cf50aa99260_0 .net "load", 0 0, v0x5cf50aa98730_0;  alias, 1 drivers
E_0x5cf50aa98f50 .event negedge, v0x5cf50aa98380_0;
S_0x5cf50aa993a0 .scope module, "u_Shift" "Shift" 3 26, 9 2 0, S_0x5cf50aa4d7d0;
 .timescale -9 -12;
    .port_info 0 /INPUT 1 "clk";
    .port_info 1 /INPUT 1 "load";
    .port_info 2 /INPUT 32 "arr";
    .port_info 3 /INPUT 1 "shift";
    .port_info 4 /OUTPUT 32 "arr_corr";
v0x5cf50aa99580_0 .net "arr", 31 0, L_0x5cf50aaabb50;  1 drivers
v0x5cf50aa99680_0 .var "arr_corr", 31 0;
v0x5cf50aa99770_0 .net "clk", 0 0, v0x5cf50aa9b6f0_0;  alias, 1 drivers
v0x5cf50aa99890_0 .net "load", 0 0, v0x5cf50aa98730_0;  alias, 1 drivers
v0x5cf50aa99980_0 .net "shift", 0 0, v0x5cf50aa989a0_0;  alias, 1 drivers
S_0x5cf50aa99ab0 .scope module, "u_Substrac" "Sum" 3 31, 10 2 0, S_0x5cf50aa4d7d0;
 .timescale -9 -12;
    .port_info 0 /INPUT 1 "clk";
    .port_info 1 /INPUT 1 "load";
    .port_info 2 /INPUT 16 "a";
    .port_info 3 /INPUT 1 "sum";
    .port_info 4 /INPUT 16 "b";
    .port_info 5 /OUTPUT 16 "S";
v0x5cf50aa99d70_0 .var "S", 15 0;
v0x5cf50aa99e70_0 .net "a", 15 0, L_0x5cf50aaabe40;  1 drivers
v0x5cf50aa99f50_0 .net "b", 15 0, v0x5cf50aa976f0_0;  alias, 1 drivers
v0x5cf50aa99ff0_0 .net "clk", 0 0, v0x5cf50aa9b6f0_0;  alias, 1 drivers
v0x5cf50aa9a090_0 .net "load", 0 0, v0x5cf50aa98730_0;  alias, 1 drivers
v0x5cf50aa9a180_0 .net "sum", 0 0, v0x5cf50aa98b40_0;  alias, 1 drivers
    .scope S_0x5cf50aa993a0;
T_0 ;
    %wait E_0x5cf50aa98f50;
    %load/vec4 v0x5cf50aa99890_0;
    %flag_set/vec4 8;
    %jmp/0xz  T_0.0, 8;
    %load/vec4 v0x5cf50aa99580_0;
    %assign/vec4 v0x5cf50aa99680_0, 0;
    %jmp T_0.1;
T_0.0 ;
    %load/vec4 v0x5cf50aa99980_0;
    %flag_set/vec4 8;
    %jmp/0xz  T_0.2, 8;
    %load/vec4 v0x5cf50aa99680_0;
    %ix/load 4, 1, 0;
    %flag_set/imm 4, 0;
    %shiftl 4;
    %assign/vec4 v0x5cf50aa99680_0, 0;
T_0.2 ;
T_0.1 ;
    %jmp T_0;
    .thread T_0;
    .scope S_0x5cf50aa969e0;
T_1 ;
    %wait E_0x5cf50aa2f310;
    %load/vec4 v0x5cf50aa3e300_0;
    %load/vec4 v0x5cf50aa3b8f0_0;
    %cmp/e;
    %flag_get/vec4 4;
    %store/vec4 v0x5cf50aa40400_0, 0, 1;
    %load/vec4 v0x5cf50aa3e300_0;
    %load/vec4 v0x5cf50aa3b8f0_0;
    %cmp/u;
    %flag_get/vec4 5;
    %store/vec4 v0x5cf50aa400e0_0, 0, 1;
    %jmp T_1;
    .thread T_1, $push;
    .scope S_0x5cf50aa4d9b0;
T_2 ;
    %wait E_0x5cf50aa4ca80;
    %load/vec4 v0x5cf50aa797f0_0;
    %store/vec4 v0x5cf50aa79c30_0, 0, 32;
    %load/vec4 v0x5cf50aa7a500_0;
    %inv;
    %ix/load 4, 0, 0;
    %flag_set/imm 4, 0;
    %store/vec4 v0x5cf50aa79c30_0, 4, 1;
    %jmp T_2;
    .thread T_2, $push;
    .scope S_0x5cf50aa97390;
T_3 ;
    %wait E_0x5cf50aa97590;
    %load/vec4 v0x5cf50aa97610_0;
    %inv;
    %addi 1, 0, 16;
    %store/vec4 v0x5cf50aa976f0_0, 0, 16;
    %jmp T_3;
    .thread T_3, $push;
    .scope S_0x5cf50aa99ab0;
T_4 ;
    %wait E_0x5cf50aa98f50;
    %load/vec4 v0x5cf50aa9a090_0;
    %flag_set/vec4 8;
    %jmp/0xz  T_4.0, 8;
    %load/vec4 v0x5cf50aa99e70_0;
    %assign/vec4 v0x5cf50aa99d70_0, 0;
    %jmp T_4.1;
T_4.0 ;
    %load/vec4 v0x5cf50aa9a180_0;
    %flag_set/vec4 8;
    %jmp/0xz  T_4.2, 8;
    %load/vec4 v0x5cf50aa99d70_0;
    %load/vec4 v0x5cf50aa99f50_0;
    %add;
    %assign/vec4 v0x5cf50aa99d70_0, 0;
T_4.2 ;
T_4.1 ;
    %jmp T_4;
    .thread T_4;
    .scope S_0x5cf50aa98dc0;
T_5 ;
    %wait E_0x5cf50aa98f50;
    %load/vec4 v0x5cf50aa99260_0;
    %flag_set/vec4 8;
    %jmp/0xz  T_5.0, 8;
    %pushi/vec4 15, 0, 6;
    %assign/vec4 v0x5cf50aa99190_0, 0;
    %jmp T_5.1;
T_5.0 ;
    %load/vec4 v0x5cf50aa990c0_0;
    %flag_set/vec4 8;
    %jmp/0xz  T_5.2, 8;
    %load/vec4 v0x5cf50aa99190_0;
    %subi 1, 0, 6;
    %assign/vec4 v0x5cf50aa99190_0, 0;
T_5.2 ;
T_5.1 ;
    %jmp T_5;
    .thread T_5;
    .scope S_0x5cf50aa96d40;
T_6 ;
    %wait E_0x5cf50aa7ae20;
    %load/vec4 v0x5cf50aa96f70_0;
    %load/vec4 v0x5cf50aa97070_0;
    %cmp/e;
    %flag_get/vec4 4;
    %store/vec4 v0x5cf50aa97150_0, 0, 1;
    %load/vec4 v0x5cf50aa96f70_0;
    %load/vec4 v0x5cf50aa97070_0;
    %cmp/u;
    %flag_get/vec4 5;
    %store/vec4 v0x5cf50aa97220_0, 0, 1;
    %jmp T_6;
    .thread T_6, $push;
    .scope S_0x5cf50aa97810;
T_7 ;
    %wait E_0x5cf50aa98240;
    %load/vec4 v0x5cf50aa98a60_0;
    %dup/vec4;
    %pushi/vec4 0, 0, 4;
    %cmp/u;
    %jmp/1 T_7.0, 6;
    %dup/vec4;
    %pushi/vec4 1, 0, 4;
    %cmp/u;
    %jmp/1 T_7.1, 6;
    %dup/vec4;
    %pushi/vec4 2, 0, 4;
    %cmp/u;
    %jmp/1 T_7.2, 6;
    %dup/vec4;
    %pushi/vec4 3, 0, 4;
    %cmp/u;
    %jmp/1 T_7.3, 6;
    %dup/vec4;
    %pushi/vec4 4, 0, 4;
    %cmp/u;
    %jmp/1 T_7.4, 6;
    %dup/vec4;
    %pushi/vec4 5, 0, 4;
    %cmp/u;
    %jmp/1 T_7.5, 6;
    %dup/vec4;
    %pushi/vec4 6, 0, 4;
    %cmp/u;
    %jmp/1 T_7.6, 6;
    %dup/vec4;
    %pushi/vec4 7, 0, 4;
    %cmp/u;
    %jmp/1 T_7.7, 6;
    %dup/vec4;
    %pushi/vec4 8, 0, 4;
    %cmp/u;
    %jmp/1 T_7.8, 6;
    %dup/vec4;
    %pushi/vec4 9, 0, 4;
    %cmp/u;
    %jmp/1 T_7.9, 6;
    %dup/vec4;
    %pushi/vec4 10, 0, 4;
    %cmp/u;
    %jmp/1 T_7.10, 6;
    %pushi/vec4 0, 0, 1;
    %store/vec4 v0x5cf50aa98730_0, 0, 1;
    %pushi/vec4 0, 0, 1;
    %store/vec4 v0x5cf50aa989a0_0, 0, 1;
    %pushi/vec4 0, 0, 1;
    %store/vec4 v0x5cf50aa98440_0, 0, 1;
    %pushi/vec4 0, 0, 1;
    %store/vec4 v0x5cf50aa98b40_0, 0, 1;
    %pushi/vec4 0, 0, 1;
    %store/vec4 v0x5cf50aa982a0_0, 0, 1;
    %pushi/vec4 0, 0, 1;
    %store/vec4 v0x5cf50aa984e0_0, 0, 1;
    %jmp T_7.12;
T_7.0 ;
    %pushi/vec4 0, 0, 1;
    %store/vec4 v0x5cf50aa98730_0, 0, 1;
    %pushi/vec4 0, 0, 1;
    %store/vec4 v0x5cf50aa989a0_0, 0, 1;
    %pushi/vec4 0, 0, 1;
    %store/vec4 v0x5cf50aa98440_0, 0, 1;
    %pushi/vec4 0, 0, 1;
    %store/vec4 v0x5cf50aa98b40_0, 0, 1;
    %pushi/vec4 0, 0, 1;
    %store/vec4 v0x5cf50aa982a0_0, 0, 1;
    %pushi/vec4 0, 0, 1;
    %store/vec4 v0x5cf50aa984e0_0, 0, 1;
    %jmp T_7.12;
T_7.1 ;
    %pushi/vec4 0, 0, 1;
    %store/vec4 v0x5cf50aa98730_0, 0, 1;
    %pushi/vec4 0, 0, 1;
    %store/vec4 v0x5cf50aa989a0_0, 0, 1;
    %pushi/vec4 0, 0, 1;
    %store/vec4 v0x5cf50aa98440_0, 0, 1;
    %pushi/vec4 0, 0, 1;
    %store/vec4 v0x5cf50aa98b40_0, 0, 1;
    %pushi/vec4 0, 0, 1;
    %store/vec4 v0x5cf50aa982a0_0, 0, 1;
    %pushi/vec4 0, 0, 1;
    %store/vec4 v0x5cf50aa984e0_0, 0, 1;
    %jmp T_7.12;
T_7.2 ;
    %pushi/vec4 1, 0, 1;
    %store/vec4 v0x5cf50aa98730_0, 0, 1;
    %pushi/vec4 0, 0, 1;
    %store/vec4 v0x5cf50aa989a0_0, 0, 1;
    %pushi/vec4 0, 0, 1;
    %store/vec4 v0x5cf50aa98440_0, 0, 1;
    %pushi/vec4 0, 0, 1;
    %store/vec4 v0x5cf50aa98b40_0, 0, 1;
    %pushi/vec4 0, 0, 1;
    %store/vec4 v0x5cf50aa982a0_0, 0, 1;
    %pushi/vec4 0, 0, 1;
    %store/vec4 v0x5cf50aa984e0_0, 0, 1;
    %jmp T_7.12;
T_7.3 ;
    %pushi/vec4 0, 0, 1;
    %store/vec4 v0x5cf50aa98730_0, 0, 1;
    %pushi/vec4 1, 0, 1;
    %store/vec4 v0x5cf50aa989a0_0, 0, 1;
    %pushi/vec4 0, 0, 1;
    %store/vec4 v0x5cf50aa98440_0, 0, 1;
    %pushi/vec4 0, 0, 1;
    %store/vec4 v0x5cf50aa98b40_0, 0, 1;
    %pushi/vec4 0, 0, 1;
    %store/vec4 v0x5cf50aa982a0_0, 0, 1;
    %pushi/vec4 0, 0, 1;
    %store/vec4 v0x5cf50aa984e0_0, 0, 1;
    %jmp T_7.12;
T_7.4 ;
    %pushi/vec4 0, 0, 1;
    %store/vec4 v0x5cf50aa98730_0, 0, 1;
    %pushi/vec4 0, 0, 1;
    %store/vec4 v0x5cf50aa989a0_0, 0, 1;
    %pushi/vec4 0, 0, 1;
    %store/vec4 v0x5cf50aa98440_0, 0, 1;
    %pushi/vec4 0, 0, 1;
    %store/vec4 v0x5cf50aa98b40_0, 0, 1;
    %pushi/vec4 0, 0, 1;
    %store/vec4 v0x5cf50aa982a0_0, 0, 1;
    %pushi/vec4 0, 0, 1;
    %store/vec4 v0x5cf50aa984e0_0, 0, 1;
    %jmp T_7.12;
T_7.5 ;
    %pushi/vec4 0, 0, 1;
    %store/vec4 v0x5cf50aa98730_0, 0, 1;
    %pushi/vec4 0, 0, 1;
    %store/vec4 v0x5cf50aa989a0_0, 0, 1;
    %pushi/vec4 0, 0, 1;
    %store/vec4 v0x5cf50aa98440_0, 0, 1;
    %pushi/vec4 0, 0, 1;
    %store/vec4 v0x5cf50aa98b40_0, 0, 1;
    %pushi/vec4 1, 0, 1;
    %store/vec4 v0x5cf50aa982a0_0, 0, 1;
    %pushi/vec4 0, 0, 1;
    %store/vec4 v0x5cf50aa984e0_0, 0, 1;
    %jmp T_7.12;
T_7.6 ;
    %pushi/vec4 0, 0, 1;
    %store/vec4 v0x5cf50aa98730_0, 0, 1;
    %pushi/vec4 0, 0, 1;
    %store/vec4 v0x5cf50aa989a0_0, 0, 1;
    %pushi/vec4 0, 0, 1;
    %store/vec4 v0x5cf50aa98440_0, 0, 1;
    %pushi/vec4 0, 0, 1;
    %store/vec4 v0x5cf50aa98b40_0, 0, 1;
    %pushi/vec4 1, 0, 1;
    %store/vec4 v0x5cf50aa982a0_0, 0, 1;
    %pushi/vec4 0, 0, 1;
    %store/vec4 v0x5cf50aa984e0_0, 0, 1;
    %jmp T_7.12;
T_7.7 ;
    %pushi/vec4 0, 0, 1;
    %store/vec4 v0x5cf50aa98730_0, 0, 1;
    %pushi/vec4 0, 0, 1;
    %store/vec4 v0x5cf50aa989a0_0, 0, 1;
    %pushi/vec4 0, 0, 1;
    %store/vec4 v0x5cf50aa98440_0, 0, 1;
    %pushi/vec4 1, 0, 1;
    %store/vec4 v0x5cf50aa98b40_0, 0, 1;
    %pushi/vec4 0, 0, 1;
    %store/vec4 v0x5cf50aa982a0_0, 0, 1;
    %pushi/vec4 0, 0, 1;
    %store/vec4 v0x5cf50aa984e0_0, 0, 1;
    %jmp T_7.12;
T_7.8 ;
    %pushi/vec4 0, 0, 1;
    %store/vec4 v0x5cf50aa98730_0, 0, 1;
    %pushi/vec4 0, 0, 1;
    %store/vec4 v0x5cf50aa989a0_0, 0, 1;
    %pushi/vec4 1, 0, 1;
    %store/vec4 v0x5cf50aa98440_0, 0, 1;
    %pushi/vec4 0, 0, 1;
    %store/vec4 v0x5cf50aa98b40_0, 0, 1;
    %pushi/vec4 0, 0, 1;
    %store/vec4 v0x5cf50aa982a0_0, 0, 1;
    %pushi/vec4 0, 0, 1;
    %store/vec4 v0x5cf50aa984e0_0, 0, 1;
    %jmp T_7.12;
T_7.9 ;
    %pushi/vec4 0, 0, 1;
    %store/vec4 v0x5cf50aa98730_0, 0, 1;
    %pushi/vec4 0, 0, 1;
    %store/vec4 v0x5cf50aa989a0_0, 0, 1;
    %pushi/vec4 0, 0, 1;
    %store/vec4 v0x5cf50aa98440_0, 0, 1;
    %pushi/vec4 0, 0, 1;
    %store/vec4 v0x5cf50aa98b40_0, 0, 1;
    %pushi/vec4 0, 0, 1;
    %store/vec4 v0x5cf50aa982a0_0, 0, 1;
    %pushi/vec4 0, 0, 1;
    %store/vec4 v0x5cf50aa984e0_0, 0, 1;
    %jmp T_7.12;
T_7.10 ;
    %pushi/vec4 0, 0, 1;
    %store/vec4 v0x5cf50aa98730_0, 0, 1;
    %pushi/vec4 0, 0, 1;
    %store/vec4 v0x5cf50aa989a0_0, 0, 1;
    %pushi/vec4 0, 0, 1;
    %store/vec4 v0x5cf50aa98440_0, 0, 1;
    %pushi/vec4 0, 0, 1;
    %store/vec4 v0x5cf50aa98b40_0, 0, 1;
    %pushi/vec4 0, 0, 1;
    %store/vec4 v0x5cf50aa982a0_0, 0, 1;
    %pushi/vec4 1, 0, 1;
    %store/vec4 v0x5cf50aa984e0_0, 0, 1;
    %jmp T_7.12;
T_7.12 ;
    %pop/vec4 1;
    %jmp T_7;
    .thread T_7, $push;
    .scope S_0x5cf50aa97810;
T_8 ;
    %wait E_0x5cf50aa981e0;
    %load/vec4 v0x5cf50aa988e0_0;
    %flag_set/vec4 8;
    %jmp/0xz  T_8.0, 8;
    %pushi/vec4 0, 0, 4;
    %assign/vec4 v0x5cf50aa98a60_0, 0;
    %jmp T_8.1;
T_8.0 ;
    %load/vec4 v0x5cf50aa98a60_0;
    %dup/vec4;
    %pushi/vec4 0, 0, 4;
    %cmp/u;
    %jmp/1 T_8.2, 6;
    %dup/vec4;
    %pushi/vec4 1, 0, 4;
    %cmp/u;
    %jmp/1 T_8.3, 6;
    %dup/vec4;
    %pushi/vec4 2, 0, 4;
    %cmp/u;
    %jmp/1 T_8.4, 6;
    %dup/vec4;
    %pushi/vec4 3, 0, 4;
    %cmp/u;
    %jmp/1 T_8.5, 6;
    %dup/vec4;
    %pushi/vec4 4, 0, 4;
    %cmp/u;
    %jmp/1 T_8.6, 6;
    %dup/vec4;
    %pushi/vec4 5, 0, 4;
    %cmp/u;
    %jmp/1 T_8.7, 6;
    %dup/vec4;
    %pushi/vec4 6, 0, 4;
    %cmp/u;
    %jmp/1 T_8.8, 6;
    %dup/vec4;
    %pushi/vec4 7, 0, 4;
    %cmp/u;
    %jmp/1 T_8.9, 6;
    %dup/vec4;
    %pushi/vec4 8, 0, 4;
    %cmp/u;
    %jmp/1 T_8.10, 6;
    %dup/vec4;
    %pushi/vec4 9, 0, 4;
    %cmp/u;
    %jmp/1 T_8.11, 6;
    %dup/vec4;
    %pushi/vec4 10, 0, 4;
    %cmp/u;
    %jmp/1 T_8.12, 6;
    %pushi/vec4 0, 0, 4;
    %assign/vec4 v0x5cf50aa98a60_0, 0;
    %jmp T_8.14;
T_8.2 ;
    %pushi/vec4 1, 0, 4;
    %assign/vec4 v0x5cf50aa98a60_0, 0;
    %jmp T_8.14;
T_8.3 ;
    %load/vec4 v0x5cf50aa98690_0;
    %flag_set/vec4 8;
    %jmp/0xz  T_8.15, 8;
    %pushi/vec4 2, 0, 4;
    %assign/vec4 v0x5cf50aa98a60_0, 0;
    %jmp T_8.16;
T_8.15 ;
    %pushi/vec4 1, 0, 4;
    %assign/vec4 v0x5cf50aa98a60_0, 0;
T_8.16 ;
    %jmp T_8.14;
T_8.4 ;
    %pushi/vec4 3, 0, 4;
    %assign/vec4 v0x5cf50aa98a60_0, 0;
    %jmp T_8.14;
T_8.5 ;
    %pushi/vec4 4, 0, 4;
    %assign/vec4 v0x5cf50aa98a60_0, 0;
    %jmp T_8.14;
T_8.6 ;
    %load/vec4 v0x5cf50aa987f0_0;
    %flag_set/vec4 8;
    %jmp/0xz  T_8.17, 8;
    %pushi/vec4 5, 0, 4;
    %assign/vec4 v0x5cf50aa98a60_0, 0;
    %jmp T_8.18;
T_8.17 ;
    %pushi/vec4 6, 0, 4;
    %assign/vec4 v0x5cf50aa98a60_0, 0;
T_8.18 ;
    %jmp T_8.14;
T_8.7 ;
    %pushi/vec4 8, 0, 4;
    %assign/vec4 v0x5cf50aa98a60_0, 0;
    %jmp T_8.14;
T_8.8 ;
    %pushi/vec4 7, 0, 4;
    %assign/vec4 v0x5cf50aa98a60_0, 0;
    %jmp T_8.14;
T_8.9 ;
    %pushi/vec4 8, 0, 4;
    %assign/vec4 v0x5cf50aa98a60_0, 0;
    %jmp T_8.14;
T_8.10 ;
    %pushi/vec4 9, 0, 4;
    %assign/vec4 v0x5cf50aa98a60_0, 0;
    %jmp T_8.14;
T_8.11 ;
    %load/vec4 v0x5cf50aa985a0_0;
    %flag_set/vec4 8;
    %jmp/0xz  T_8.19, 8;
    %pushi/vec4 10, 0, 4;
    %assign/vec4 v0x5cf50aa98a60_0, 0;
    %jmp T_8.20;
T_8.19 ;
    %pushi/vec4 3, 0, 4;
    %assign/vec4 v0x5cf50aa98a60_0, 0;
T_8.20 ;
    %jmp T_8.14;
T_8.12 ;
    %pushi/vec4 0, 0, 4;
    %assign/vec4 v0x5cf50aa98a60_0, 0;
    %jmp T_8.14;
T_8.14 ;
    %pop/vec4 1;
T_8.1 ;
    %jmp T_8;
    .thread T_8;
    .scope S_0x5cf50aa4ed40;
T_9 ;
    %pushi/vec4 0, 0, 1;
    %store/vec4 v0x5cf50aa9b6f0_0, 0, 1;
    %pushi/vec4 1, 0, 1;
    %store/vec4 v0x5cf50aa9ba80_0, 0, 1;
    %pushi/vec4 0, 0, 1;
    %store/vec4 v0x5cf50aa9b990_0, 0, 1;
    %pushi/vec4 12, 0, 16;
    %store/vec4 v0x5cf50aa9b3e0_0, 0, 16;
    %pushi/vec4 144, 0, 16;
    %store/vec4 v0x5cf50aa9b4c0_0, 0, 16;
    %delay 20000, 0;
    %pushi/vec4 0, 0, 1;
    %store/vec4 v0x5cf50aa9ba80_0, 0, 1;
    %delay 20000, 0;
    %pushi/vec4 1, 0, 1;
    %store/vec4 v0x5cf50aa9b990_0, 0, 1;
    %delay 20000, 0;
    %pushi/vec4 0, 0, 1;
    %store/vec4 v0x5cf50aa9b990_0, 0, 1;
    %delay 800000, 0;
    %vpi_call 2 41 "$finish" {0 0 0};
    %end;
    .thread T_9;
    .scope S_0x5cf50aa4ed40;
T_10 ;
T_10.0 ;
    %wait E_0x5cf50aa4c790;
    %wait E_0x5cf50aa98f50;
    %pushi/vec4 1, 0, 1;
    %store/vec4 v0x5cf50aa9ba80_0, 0, 1;
    %wait E_0x5cf50aa98f50;
    %pushi/vec4 0, 0, 1;
    %store/vec4 v0x5cf50aa9ba80_0, 0, 1;
    %event E_0x5cf50aa4ce90;
    %jmp T_10.0;
    %end;
    .thread T_10;
    .scope S_0x5cf50aa4ed40;
T_11 ;
    %delay 0, 0;
T_11.0 ;
    %pushi/vec4 0, 0, 1;
    %store/vec4 v0x5cf50aa9b6f0_0, 0, 1;
    %delay 10000, 0;
    %pushi/vec4 1, 0, 1;
    %store/vec4 v0x5cf50aa9b6f0_0, 0, 1;
    %delay 10000, 0;
    %jmp T_11.0;
    %end;
    .thread T_11;
    .scope S_0x5cf50aa4ed40;
T_12 ;
    %delay 10000, 0;
    %event E_0x5cf50aa4c790;
    %wait E_0x5cf50aa4ce90;
    %wait E_0x5cf50aa981e0;
    %pushi/vec4 0, 0, 1;
    %store/vec4 v0x5cf50aa9b990_0, 0, 1;
    %wait E_0x5cf50aa981e0;
    %pushi/vec4 1, 0, 1;
    %store/vec4 v0x5cf50aa9b990_0, 0, 1;
    %pushi/vec4 0, 0, 21;
    %store/vec4 v0x5cf50aa9b8d0_0, 0, 21;
T_12.0 ;
    %load/vec4 v0x5cf50aa9b8d0_0;
    %pad/u 32;
    %cmpi/u 2, 0, 32;
    %jmp/0xz T_12.1, 5;
    %wait E_0x5cf50aa981e0;
    %load/vec4 v0x5cf50aa9b8d0_0;
    %addi 1, 0, 21;
    %store/vec4 v0x5cf50aa9b8d0_0, 0, 21;
    %jmp T_12.0;
T_12.1 ;
    %pushi/vec4 0, 0, 1;
    %store/vec4 v0x5cf50aa9b990_0, 0, 1;
    %pushi/vec4 0, 0, 21;
    %store/vec4 v0x5cf50aa9b8d0_0, 0, 21;
T_12.2 ;
    %load/vec4 v0x5cf50aa9b8d0_0;
    %pad/u 32;
    %cmpi/u 17, 0, 32;
    %jmp/0xz T_12.3, 5;
    %wait E_0x5cf50aa981e0;
    %load/vec4 v0x5cf50aa9b8d0_0;
    %addi 1, 0, 21;
    %store/vec4 v0x5cf50aa9b8d0_0, 0, 21;
    %jmp T_12.2;
T_12.3 ;
    %end;
    .thread T_12;
    .scope S_0x5cf50aa4ed40;
T_13 ;
    %fork t_1, S_0x5cf50aa4ef70;
    %jmp t_0;
    .scope S_0x5cf50aa4ef70;
t_1 ;
    %vpi_call 2 87 "$dumpfile", "Division_TB.vcd" {0 0 0};
    %vpi_call 2 88 "$dumpvars", 32'sb11111111111111111111111111111111, S_0x5cf50aa4d7d0 {0 0 0};
    %delay 100000000, 0;
    %vpi_call 2 89 "$finish" {0 0 0};
    %end;
    .scope S_0x5cf50aa4ed40;
t_0 %join;
    %end;
    .thread T_13;
# The file index is used to find the file name in the following table.
:file_names 11;
    "N/A";
    "<interactive>";
    "Division_TB.v";
    "Division.v";
    "Asign.v";
    "Comp.v";
    "Complement_A2.v";
    "Control_Div.v";
    "Decrease.v";
    "Shift.v";
    "Sum.v";
