#! /usr/bin/env bash
exec /home/alprietol/miniconda3/envs/digital/bin/vvp -f "$0" "$@" <<'# EOF'
:ivl_version "13.0 (devel)" "(0_8-6859-gf50cc35d2-dirty)";
:ivl_delay_selection "TYPICAL";
:vpi_time_precision - 12;
:vpi_module "/home/alprietol/miniconda3/envs/digital/lib/ivl/system.vpi";
:vpi_module "/home/alprietol/miniconda3/envs/digital/lib/ivl/vhdl_sys.vpi";
:vpi_module "/home/alprietol/miniconda3/envs/digital/lib/ivl/vhdl_textio.vpi";
:vpi_module "/home/alprietol/miniconda3/envs/digital/lib/ivl/v2005_math.vpi";
:vpi_module "/home/alprietol/miniconda3/envs/digital/lib/ivl/va_math.vpi";
S_0x22ea7980 .scope module, "Division_TB" "Division_TB" 2 4;
 .timescale -9 -12;
P_0x22e64540 .param/real "DUTY_CYCLE" 0 2 18, Cr<m4000000000000000gfc1>; value=0.500000
P_0x22e64580 .param/l "OFFSET" 0 2 19, +C4<00000000000000000000000000000000>;
P_0x22e645c0 .param/l "PERIOD" 0 2 17, +C4<00000000000000000000000000010100>;
v0x22efc170_0 .var "A", 15 0;
v0x22efc250_0 .var "B", 15 0;
o0x786674c35018 .functor BUFZ 16, C4<zzzzzzzzzzzzzzzz>; HiZ drive
v0x22efc360_0 .net "Cc", 15 0, o0x786674c35018;  0 drivers
o0x786674c35be8 .functor BUFZ 16, C4<zzzzzzzzzzzzzzzz>; HiZ drive
v0x22efc400_0 .net "Res", 15 0, o0x786674c35be8;  0 drivers
v0x22efc510_0 .var "clk", 0 0;
v0x22efc600_0 .net "done", 0 0, v0x22ef8a80_0;  1 drivers
v0x22efc6a0_0 .var "i", 20 0;
v0x22efc780_0 .var "init", 0 0;
v0x22efc870_0 .var "rst", 0 0;
E_0x22ea8c70 .event "reset_trigger";
E_0x22ea8cb0 .event "reset_done_trigger";
S_0x22ea7bb0 .scope begin, "TEST_CASE" "TEST_CASE" 2 71, 2 71 0, S_0x22ea7980;
 .timescale -9 -12;
S_0x22ec5d50 .scope module, "uut" "Division" 2 15, 3 2 0, S_0x22ea7980;
 .timescale -9 -12;
    .port_info 0 /INPUT 1 "clk";
    .port_info 1 /INPUT 1 "rst";
    .port_info 2 /INPUT 16 "A";
    .port_info 3 /INPUT 16 "B";
    .port_info 4 /INPUT 1 "init";
    .port_info 5 /OUTPUT 16 "Res";
    .port_info 6 /OUTPUT 16 "Cc";
    .port_info 7 /OUTPUT 1 "done";
v0x22efabe0_0 .net "A", 15 0, v0x22efc170_0;  1 drivers
v0x22efacc0_0 .net "B", 15 0, v0x22efc250_0;  1 drivers
v0x22efad60_0 .net "B_i", 0 0, v0x22ef9c80_0;  1 drivers
v0x22efae60_0 .net "CA2", 15 0, v0x22ef7a10_0;  1 drivers
v0x22efaf30_0 .net "Cc", 15 0, o0x786674c35018;  alias, 0 drivers
v0x22efb070_0 .net "Cc_i", 0 0, v0x22efa1b0_0;  1 drivers
v0x22efb110_0 .net "Cc_out", 0 0, L_0x22f0cef0;  1 drivers
v0x22efb1b0_0 .net "Res", 15 0, o0x786674c35be8;  alias, 0 drivers
v0x22efb250_0 .net "Res_corr", 15 0, v0x22efa7f0_0;  1 drivers
v0x22efb3b0_0 .net *"_ivl_1", 0 0, L_0x22efc9a0;  1 drivers
L_0x7866749b7060 .functor BUFT 1, C4<0000000000>, C4<0>, C4<0>, C4<0>;
v0x22efb450_0 .net *"_ivl_24", 9 0, L_0x7866749b7060;  1 drivers
L_0x7866749b70a8 .functor BUFT 1, C4<0000000000>, C4<0>, C4<0>, C4<0>;
v0x22efb530_0 .net *"_ivl_29", 9 0, L_0x7866749b70a8;  1 drivers
L_0x7866749b70f0 .functor BUFT 1, C4<00>, C4<0>, C4<0>, C4<0>;
v0x22efb610_0 .net *"_ivl_34", 1 0, L_0x7866749b70f0;  1 drivers
L_0x7866749b7018 .functor BUFT 1, C4<00000>, C4<0>, C4<0>, C4<0>;
v0x22efb6f0_0 .net *"_ivl_5", 4 0, L_0x7866749b7018;  1 drivers
v0x22efb7d0_0 .net "assi", 0 0, v0x22ef88e0_0;  1 drivers
v0x22efb8a0_0 .net "clk", 0 0, v0x22efc510_0;  1 drivers
v0x22efb940_0 .net "done", 0 0, v0x22ef8a80_0;  alias, 1 drivers
v0x22efba10_0 .net "i", 5 0, L_0x22f0ce00;  1 drivers
v0x22efbab0_0 .net "i_more_n", 0 0, v0x22ef7540_0;  1 drivers
v0x22efbba0_0 .net "increase", 0 0, v0x22ef8bc0_0;  1 drivers
v0x22efbc90_0 .net "init", 0 0, v0x22efc780_0;  1 drivers
v0x22efbd30_0 .net "load", 0 0, v0x22ef8d70_0;  1 drivers
v0x22efbdd0_0 .net "res_eq_1", 0 0, v0x22e96df0_0;  1 drivers
v0x22efbe70_0 .net "rst", 0 0, v0x22efc870_0;  1 drivers
v0x22efbf10_0 .net "shift", 0 0, v0x22ef8fe0_0;  1 drivers
v0x22efc000_0 .net "sum", 0 0, v0x22ef9180_0;  1 drivers
L_0x22efc9a0 .part o0x786674c35be8, 15, 1;
L_0x22efca40 .concat [ 1 5 0 0], L_0x22efc9a0, L_0x7866749b7018;
L_0x22efcba0 .concat [ 6 10 0 0], L_0x22f0ce00, L_0x7866749b7060;
L_0x22f0cca0 .concat [ 6 10 0 0], L_0x22f0ce00, L_0x7866749b70a8;
L_0x22f0ce00 .concat [ 4 2 0 0], v0x22ef9720_0, L_0x7866749b70f0;
L_0x22f0cef0 .part v0x22eda130_0, 0, 1;
S_0x22ec5f80 .scope module, "u_Asign" "Asign" 3 37, 4 3 0, S_0x22ec5d50;
 .timescale -9 -12;
    .port_info 0 /INPUT 16 "arr";
    .port_info 1 /INPUT 6 "i";
    .port_info 2 /INPUT 1 "bit";
    .port_info 3 /OUTPUT 16 "arr_out";
v0x22ed9390_0 .net "arr", 15 0, o0x786674c35018;  alias, 0 drivers
v0x22eda130_0 .var "arr_out", 15 0;
v0x22eda480_0 .net "bit", 0 0, v0x22e96df0_0;  alias, 1 drivers
v0x22eda8c0_0 .net "i", 5 0, L_0x22f0ce00;  alias, 1 drivers
E_0x22ea4150 .event anyedge, v0x22ed9390_0, v0x22eda480_0, v0x22eda8c0_0;
S_0x22ef6fc0 .scope module, "u_Comp_1" "Comp" 3 30, 5 3 0, S_0x22ec5d50;
 .timescale -9 -12;
    .port_info 0 /INPUT 6 "a";
    .port_info 1 /INPUT 6 "b";
    .port_info 2 /OUTPUT 1 "igual";
    .port_info 3 /OUTPUT 1 "mayor";
v0x22edb090_0 .net "a", 5 0, L_0x22efca40;  1 drivers
L_0x7866749b7138 .functor BUFT 1, C4<000001>, C4<0>, C4<0>, C4<0>;
v0x22e97a70_0 .net "b", 5 0, L_0x7866749b7138;  1 drivers
v0x22e96df0_0 .var "igual", 0 0;
v0x22e96ac0_0 .var "mayor", 0 0;
E_0x22ea4cd0 .event anyedge, v0x22edb090_0, v0x22e97a70_0;
S_0x22ef72e0 .scope module, "u_Comp_2" "Comp" 3 31, 5 3 0, S_0x22ec5d50;
 .timescale -9 -12;
    .port_info 0 /INPUT 6 "a";
    .port_info 1 /INPUT 6 "b";
    .port_info 2 /OUTPUT 1 "igual";
    .port_info 3 /OUTPUT 1 "mayor";
v0x22e95ce0_0 .net "a", 5 0, L_0x22f0ce00;  alias, 1 drivers
L_0x7866749b7180 .functor BUFT 1, C4<010000>, C4<0>, C4<0>, C4<0>;
v0x22e958f0_0 .net "b", 5 0, L_0x7866749b7180;  1 drivers
v0x22eaca40_0 .var "igual", 0 0;
v0x22ef7540_0 .var "mayor", 0 0;
E_0x22ea48b0 .event anyedge, v0x22eda8c0_0, v0x22e958f0_0;
S_0x22ef7680 .scope module, "u_Complement_A2" "Complement_A2" 3 33, 6 2 0, S_0x22ec5d50;
 .timescale -9 -12;
    .port_info 0 /INPUT 16 "A";
    .port_info 1 /OUTPUT 16 "CA2";
v0x22ef7910_0 .net "A", 15 0, v0x22efc170_0;  alias, 1 drivers
v0x22ef7a10_0 .var "CA2", 15 0;
E_0x22ea4600 .event anyedge, v0x22ef7910_0;
S_0x22ef7b50 .scope module, "u_Control_Div" "Control_Div" 3 38, 7 1 0, S_0x22ec5d50;
 .timescale -9 -12;
    .port_info 0 /INPUT 1 "clk";
    .port_info 1 /INPUT 1 "rst";
    .port_info 2 /INPUT 1 "init";
    .port_info 3 /INPUT 1 "res_eq_1";
    .port_info 4 /INPUT 1 "i_more_n";
    .port_info 5 /OUTPUT 1 "load";
    .port_info 6 /OUTPUT 1 "assi";
    .port_info 7 /OUTPUT 1 "sum";
    .port_info 8 /OUTPUT 1 "increase";
    .port_info 9 /OUTPUT 1 "shift";
    .port_info 10 /OUTPUT 1 "done";
P_0x22ef7d80 .param/l "ASSIGN1" 0 7 20, C4<0101>;
P_0x22ef7dc0 .param/l "ASSIGN2" 0 7 22, C4<0111>;
P_0x22ef7e00 .param/l "ASSIGN3" 0 7 26, C4<1011>;
P_0x22ef7e40 .param/l "CHECK1" 0 7 16, C4<0001>;
P_0x22ef7e80 .param/l "CHECK2" 0 7 19, C4<0100>;
P_0x22ef7ec0 .param/l "CHECK3" 0 7 24, C4<1001>;
P_0x22ef7f00 .param/l "FINISH" 0 7 28, C4<1101>;
P_0x22ef7f40 .param/l "INCREASE_I" 0 7 23, C4<1000>;
P_0x22ef7f80 .param/l "LOAD" 0 7 17, C4<0010>;
P_0x22ef7fc0 .param/l "SHIFT" 0 7 25, C4<1010>;
P_0x22ef8000 .param/l "START" 0 7 15, C4<0000>;
P_0x22ef8040 .param/l "SUM1" 0 7 18, C4<0011>;
P_0x22ef8080 .param/l "SUM2" 0 7 21, C4<0110>;
P_0x22ef80c0 .param/l "SUM3" 0 7 27, C4<1100>;
v0x22ef88e0_0 .var "assi", 0 0;
v0x22ef89c0_0 .net "clk", 0 0, v0x22efc510_0;  alias, 1 drivers
v0x22ef8a80_0 .var "done", 0 0;
v0x22ef8b20_0 .net "i_more_n", 0 0, v0x22ef7540_0;  alias, 1 drivers
v0x22ef8bc0_0 .var "increase", 0 0;
v0x22ef8cb0_0 .net "init", 0 0, v0x22efc780_0;  alias, 1 drivers
v0x22ef8d70_0 .var "load", 0 0;
v0x22ef8e30_0 .net "res_eq_1", 0 0, v0x22e96df0_0;  alias, 1 drivers
v0x22ef8f20_0 .net "rst", 0 0, v0x22efc870_0;  alias, 1 drivers
v0x22ef8fe0_0 .var "shift", 0 0;
v0x22ef90a0_0 .var "state", 3 0;
v0x22ef9180_0 .var "sum", 0 0;
E_0x22ea4190 .event posedge, v0x22ef89c0_0;
E_0x22ea4d10 .event anyedge, v0x22ef90a0_0;
S_0x22ef9400 .scope module, "u_Increase_I" "Increase_I" 3 36, 8 2 0, S_0x22ec5d50;
 .timescale -9 -12;
    .port_info 0 /INPUT 1 "clk";
    .port_info 1 /INPUT 1 "load";
    .port_info 2 /INPUT 1 "increase";
    .port_info 3 /OUTPUT 4 "i";
v0x22ef9660_0 .net "clk", 0 0, v0x22efc510_0;  alias, 1 drivers
v0x22ef9720_0 .var "i", 3 0;
v0x22ef97e0_0 .net "increase", 0 0, v0x22ef8bc0_0;  alias, 1 drivers
v0x22ef9880_0 .net "load", 0 0, v0x22ef8d70_0;  alias, 1 drivers
E_0x22ea48f0 .event negedge, v0x22ef89c0_0;
S_0x22ef9940 .scope module, "u_Multiplex_B" "Multiplex" 3 34, 9 2 0, S_0x22ec5d50;
 .timescale -9 -12;
    .port_info 0 /INPUT 16 "i";
    .port_info 1 /INPUT 16 "arr";
    .port_info 2 /OUTPUT 1 "arr_i";
v0x22ef9b80_0 .net "arr", 15 0, v0x22efc250_0;  alias, 1 drivers
v0x22ef9c80_0 .var "arr_i", 0 0;
v0x22ef9d40_0 .net "i", 15 0, L_0x22efcba0;  1 drivers
E_0x22ea4640 .event anyedge, v0x22ef9d40_0, v0x22ef9b80_0;
S_0x22ef9e80 .scope module, "u_Multiplex_Res" "Multiplex" 3 35, 9 2 0, S_0x22ec5d50;
 .timescale -9 -12;
    .port_info 0 /INPUT 16 "i";
    .port_info 1 /INPUT 16 "arr";
    .port_info 2 /OUTPUT 1 "arr_i";
v0x22efa0a0_0 .net "arr", 15 0, o0x786674c35018;  alias, 0 drivers
v0x22efa1b0_0 .var "arr_i", 0 0;
v0x22efa250_0 .net "i", 15 0, L_0x22f0cca0;  1 drivers
E_0x22e872c0 .event anyedge, v0x22efa250_0, v0x22ed9390_0;
S_0x22efa3c0 .scope module, "u_Shift_Left" "Shift_Left" 3 32, 10 2 0, S_0x22ec5d50;
 .timescale -9 -12;
    .port_info 0 /INPUT 1 "clk";
    .port_info 1 /INPUT 1 "load";
    .port_info 2 /INPUT 16 "arr";
    .port_info 3 /INPUT 1 "shift";
    .port_info 4 /OUTPUT 16 "arr_corr";
v0x22efa710_0 .net "arr", 15 0, o0x786674c35be8;  alias, 0 drivers
v0x22efa7f0_0 .var "arr_corr", 15 0;
v0x22efa8d0_0 .net "clk", 0 0, v0x22efc510_0;  alias, 1 drivers
v0x22efa9a0_0 .net "load", 0 0, v0x22ef8d70_0;  alias, 1 drivers
v0x22efaa90_0 .net "shift", 0 0, v0x22ef8fe0_0;  alias, 1 drivers
    .scope S_0x22ef6fc0;
T_0 ;
    %wait E_0x22ea4cd0;
    %load/vec4 v0x22edb090_0;
    %load/vec4 v0x22e97a70_0;
    %cmp/e;
    %flag_get/vec4 4;
    %store/vec4 v0x22e96df0_0, 0, 1;
    %load/vec4 v0x22e97a70_0;
    %load/vec4 v0x22edb090_0;
    %cmp/u;
    %flag_get/vec4 5;
    %store/vec4 v0x22e96ac0_0, 0, 1;
    %jmp T_0;
    .thread T_0, $push;
    .scope S_0x22ef72e0;
T_1 ;
    %wait E_0x22ea48b0;
    %load/vec4 v0x22e95ce0_0;
    %load/vec4 v0x22e958f0_0;
    %cmp/e;
    %flag_get/vec4 4;
    %store/vec4 v0x22eaca40_0, 0, 1;
    %load/vec4 v0x22e958f0_0;
    %load/vec4 v0x22e95ce0_0;
    %cmp/u;
    %flag_get/vec4 5;
    %store/vec4 v0x22ef7540_0, 0, 1;
    %jmp T_1;
    .thread T_1, $push;
    .scope S_0x22efa3c0;
T_2 ;
    %wait E_0x22ea48f0;
    %load/vec4 v0x22efa9a0_0;
    %flag_set/vec4 8;
    %jmp/0xz  T_2.0, 8;
    %load/vec4 v0x22efa710_0;
    %assign/vec4 v0x22efa7f0_0, 0;
    %jmp T_2.1;
T_2.0 ;
    %load/vec4 v0x22efaa90_0;
    %flag_set/vec4 8;
    %jmp/0xz  T_2.2, 8;
    %load/vec4 v0x22efa7f0_0;
    %ix/load 4, 1, 0;
    %flag_set/imm 4, 0;
    %shiftl 4;
    %assign/vec4 v0x22efa7f0_0, 0;
T_2.2 ;
T_2.1 ;
    %jmp T_2;
    .thread T_2;
    .scope S_0x22ef7680;
T_3 ;
    %wait E_0x22ea4600;
    %load/vec4 v0x22ef7910_0;
    %inv;
    %addi 1, 0, 16;
    %store/vec4 v0x22ef7a10_0, 0, 16;
    %jmp T_3;
    .thread T_3, $push;
    .scope S_0x22ef9940;
T_4 ;
    %wait E_0x22ea4640;
    %load/vec4 v0x22ef9b80_0;
    %pushi/vec4 15, 0, 32;
    %load/vec4 v0x22ef9d40_0;
    %pad/u 32;
    %sub;
    %part/u 1;
    %store/vec4 v0x22ef9c80_0, 0, 1;
    %jmp T_4;
    .thread T_4, $push;
    .scope S_0x22ef9e80;
T_5 ;
    %wait E_0x22e872c0;
    %load/vec4 v0x22efa0a0_0;
    %pushi/vec4 15, 0, 32;
    %load/vec4 v0x22efa250_0;
    %pad/u 32;
    %sub;
    %part/u 1;
    %store/vec4 v0x22efa1b0_0, 0, 1;
    %jmp T_5;
    .thread T_5, $push;
    .scope S_0x22ef9400;
T_6 ;
    %wait E_0x22ea48f0;
    %load/vec4 v0x22ef9880_0;
    %flag_set/vec4 8;
    %jmp/0xz  T_6.0, 8;
    %pushi/vec4 0, 0, 4;
    %assign/vec4 v0x22ef9720_0, 0;
    %jmp T_6.1;
T_6.0 ;
    %load/vec4 v0x22ef97e0_0;
    %flag_set/vec4 8;
    %jmp/0xz  T_6.2, 8;
    %load/vec4 v0x22ef9720_0;
    %addi 1, 0, 4;
    %assign/vec4 v0x22ef9720_0, 0;
T_6.2 ;
T_6.1 ;
    %jmp T_6;
    .thread T_6;
    .scope S_0x22ec5f80;
T_7 ;
    %wait E_0x22ea4150;
    %load/vec4 v0x22ed9390_0;
    %store/vec4 v0x22eda130_0, 0, 16;
    %load/vec4 v0x22eda480_0;
    %inv;
    %ix/getv 4, v0x22eda8c0_0;
    %store/vec4 v0x22eda130_0, 4, 1;
    %jmp T_7;
    .thread T_7, $push;
    .scope S_0x22ef7b50;
T_8 ;
    %wait E_0x22ea4d10;
    %load/vec4 v0x22ef90a0_0;
    %dup/vec4;
    %pushi/vec4 0, 0, 4;
    %cmp/u;
    %jmp/1 T_8.0, 6;
    %dup/vec4;
    %pushi/vec4 1, 0, 4;
    %cmp/u;
    %jmp/1 T_8.1, 6;
    %dup/vec4;
    %pushi/vec4 2, 0, 4;
    %cmp/u;
    %jmp/1 T_8.2, 6;
    %dup/vec4;
    %pushi/vec4 3, 0, 4;
    %cmp/u;
    %jmp/1 T_8.3, 6;
    %dup/vec4;
    %pushi/vec4 4, 0, 4;
    %cmp/u;
    %jmp/1 T_8.4, 6;
    %dup/vec4;
    %pushi/vec4 5, 0, 4;
    %cmp/u;
    %jmp/1 T_8.5, 6;
    %dup/vec4;
    %pushi/vec4 6, 0, 4;
    %cmp/u;
    %jmp/1 T_8.6, 6;
    %dup/vec4;
    %pushi/vec4 7, 0, 4;
    %cmp/u;
    %jmp/1 T_8.7, 6;
    %dup/vec4;
    %pushi/vec4 8, 0, 4;
    %cmp/u;
    %jmp/1 T_8.8, 6;
    %dup/vec4;
    %pushi/vec4 9, 0, 4;
    %cmp/u;
    %jmp/1 T_8.9, 6;
    %dup/vec4;
    %pushi/vec4 10, 0, 4;
    %cmp/u;
    %jmp/1 T_8.10, 6;
    %dup/vec4;
    %pushi/vec4 11, 0, 4;
    %cmp/u;
    %jmp/1 T_8.11, 6;
    %dup/vec4;
    %pushi/vec4 12, 0, 4;
    %cmp/u;
    %jmp/1 T_8.12, 6;
    %dup/vec4;
    %pushi/vec4 13, 0, 4;
    %cmp/u;
    %jmp/1 T_8.13, 6;
    %pushi/vec4 0, 0, 1;
    %store/vec4 v0x22ef8d70_0, 0, 1;
    %pushi/vec4 0, 0, 1;
    %store/vec4 v0x22ef88e0_0, 0, 1;
    %pushi/vec4 0, 0, 1;
    %store/vec4 v0x22ef9180_0, 0, 1;
    %pushi/vec4 0, 0, 1;
    %store/vec4 v0x22ef8bc0_0, 0, 1;
    %pushi/vec4 0, 0, 1;
    %store/vec4 v0x22ef8fe0_0, 0, 1;
    %pushi/vec4 0, 0, 1;
    %store/vec4 v0x22ef8a80_0, 0, 1;
    %jmp T_8.15;
T_8.0 ;
    %pushi/vec4 0, 0, 1;
    %store/vec4 v0x22ef8d70_0, 0, 1;
    %pushi/vec4 0, 0, 1;
    %store/vec4 v0x22ef88e0_0, 0, 1;
    %pushi/vec4 0, 0, 1;
    %store/vec4 v0x22ef9180_0, 0, 1;
    %pushi/vec4 0, 0, 1;
    %store/vec4 v0x22ef8bc0_0, 0, 1;
    %pushi/vec4 0, 0, 1;
    %store/vec4 v0x22ef8fe0_0, 0, 1;
    %pushi/vec4 0, 0, 1;
    %store/vec4 v0x22ef8a80_0, 0, 1;
    %jmp T_8.15;
T_8.1 ;
    %pushi/vec4 0, 0, 1;
    %store/vec4 v0x22ef8d70_0, 0, 1;
    %pushi/vec4 0, 0, 1;
    %store/vec4 v0x22ef88e0_0, 0, 1;
    %pushi/vec4 0, 0, 1;
    %store/vec4 v0x22ef9180_0, 0, 1;
    %pushi/vec4 0, 0, 1;
    %store/vec4 v0x22ef8bc0_0, 0, 1;
    %pushi/vec4 0, 0, 1;
    %store/vec4 v0x22ef8fe0_0, 0, 1;
    %pushi/vec4 0, 0, 1;
    %store/vec4 v0x22ef8a80_0, 0, 1;
    %jmp T_8.15;
T_8.2 ;
    %pushi/vec4 1, 0, 1;
    %store/vec4 v0x22ef8d70_0, 0, 1;
    %pushi/vec4 0, 0, 1;
    %store/vec4 v0x22ef88e0_0, 0, 1;
    %pushi/vec4 0, 0, 1;
    %store/vec4 v0x22ef9180_0, 0, 1;
    %pushi/vec4 0, 0, 1;
    %store/vec4 v0x22ef8bc0_0, 0, 1;
    %pushi/vec4 0, 0, 1;
    %store/vec4 v0x22ef8fe0_0, 0, 1;
    %pushi/vec4 0, 0, 1;
    %store/vec4 v0x22ef8a80_0, 0, 1;
    %jmp T_8.15;
T_8.3 ;
    %pushi/vec4 0, 0, 1;
    %store/vec4 v0x22ef8d70_0, 0, 1;
    %pushi/vec4 0, 0, 1;
    %store/vec4 v0x22ef88e0_0, 0, 1;
    %pushi/vec4 1, 0, 1;
    %store/vec4 v0x22ef9180_0, 0, 1;
    %pushi/vec4 0, 0, 1;
    %store/vec4 v0x22ef8bc0_0, 0, 1;
    %pushi/vec4 0, 0, 1;
    %store/vec4 v0x22ef8fe0_0, 0, 1;
    %pushi/vec4 0, 0, 1;
    %store/vec4 v0x22ef8a80_0, 0, 1;
    %jmp T_8.15;
T_8.4 ;
    %pushi/vec4 0, 0, 1;
    %store/vec4 v0x22ef8d70_0, 0, 1;
    %pushi/vec4 0, 0, 1;
    %store/vec4 v0x22ef88e0_0, 0, 1;
    %pushi/vec4 0, 0, 1;
    %store/vec4 v0x22ef9180_0, 0, 1;
    %pushi/vec4 0, 0, 1;
    %store/vec4 v0x22ef8bc0_0, 0, 1;
    %pushi/vec4 0, 0, 1;
    %store/vec4 v0x22ef8fe0_0, 0, 1;
    %pushi/vec4 0, 0, 1;
    %store/vec4 v0x22ef8a80_0, 0, 1;
    %jmp T_8.15;
T_8.5 ;
    %pushi/vec4 0, 0, 1;
    %store/vec4 v0x22ef8d70_0, 0, 1;
    %pushi/vec4 1, 0, 1;
    %store/vec4 v0x22ef88e0_0, 0, 1;
    %pushi/vec4 1, 0, 1;
    %store/vec4 v0x22ef9180_0, 0, 1;
    %pushi/vec4 0, 0, 1;
    %store/vec4 v0x22ef8bc0_0, 0, 1;
    %pushi/vec4 0, 0, 1;
    %store/vec4 v0x22ef8fe0_0, 0, 1;
    %pushi/vec4 0, 0, 1;
    %store/vec4 v0x22ef8a80_0, 0, 1;
    %jmp T_8.15;
T_8.6 ;
    %pushi/vec4 0, 0, 1;
    %store/vec4 v0x22ef8d70_0, 0, 1;
    %pushi/vec4 0, 0, 1;
    %store/vec4 v0x22ef88e0_0, 0, 1;
    %pushi/vec4 1, 0, 1;
    %store/vec4 v0x22ef9180_0, 0, 1;
    %pushi/vec4 0, 0, 1;
    %store/vec4 v0x22ef8bc0_0, 0, 1;
    %pushi/vec4 0, 0, 1;
    %store/vec4 v0x22ef8fe0_0, 0, 1;
    %pushi/vec4 0, 0, 1;
    %store/vec4 v0x22ef8a80_0, 0, 1;
    %jmp T_8.15;
T_8.7 ;
    %pushi/vec4 0, 0, 1;
    %store/vec4 v0x22ef8d70_0, 0, 1;
    %pushi/vec4 1, 0, 1;
    %store/vec4 v0x22ef88e0_0, 0, 1;
    %pushi/vec4 0, 0, 1;
    %store/vec4 v0x22ef9180_0, 0, 1;
    %pushi/vec4 0, 0, 1;
    %store/vec4 v0x22ef8bc0_0, 0, 1;
    %pushi/vec4 0, 0, 1;
    %store/vec4 v0x22ef8fe0_0, 0, 1;
    %pushi/vec4 0, 0, 1;
    %store/vec4 v0x22ef8a80_0, 0, 1;
    %jmp T_8.15;
T_8.8 ;
    %pushi/vec4 0, 0, 1;
    %store/vec4 v0x22ef8d70_0, 0, 1;
    %pushi/vec4 0, 0, 1;
    %store/vec4 v0x22ef88e0_0, 0, 1;
    %pushi/vec4 0, 0, 1;
    %store/vec4 v0x22ef9180_0, 0, 1;
    %pushi/vec4 1, 0, 1;
    %store/vec4 v0x22ef8bc0_0, 0, 1;
    %pushi/vec4 0, 0, 1;
    %store/vec4 v0x22ef8fe0_0, 0, 1;
    %pushi/vec4 0, 0, 1;
    %store/vec4 v0x22ef8a80_0, 0, 1;
    %jmp T_8.15;
T_8.9 ;
    %pushi/vec4 0, 0, 1;
    %store/vec4 v0x22ef8d70_0, 0, 1;
    %pushi/vec4 0, 0, 1;
    %store/vec4 v0x22ef88e0_0, 0, 1;
    %pushi/vec4 0, 0, 1;
    %store/vec4 v0x22ef9180_0, 0, 1;
    %pushi/vec4 0, 0, 1;
    %store/vec4 v0x22ef8bc0_0, 0, 1;
    %pushi/vec4 0, 0, 1;
    %store/vec4 v0x22ef8fe0_0, 0, 1;
    %pushi/vec4 0, 0, 1;
    %store/vec4 v0x22ef8a80_0, 0, 1;
    %jmp T_8.15;
T_8.10 ;
    %pushi/vec4 0, 0, 1;
    %store/vec4 v0x22ef8d70_0, 0, 1;
    %pushi/vec4 0, 0, 1;
    %store/vec4 v0x22ef88e0_0, 0, 1;
    %pushi/vec4 0, 0, 1;
    %store/vec4 v0x22ef9180_0, 0, 1;
    %pushi/vec4 0, 0, 1;
    %store/vec4 v0x22ef8bc0_0, 0, 1;
    %pushi/vec4 1, 0, 1;
    %store/vec4 v0x22ef8fe0_0, 0, 1;
    %pushi/vec4 0, 0, 1;
    %store/vec4 v0x22ef8a80_0, 0, 1;
    %jmp T_8.15;
T_8.11 ;
    %pushi/vec4 0, 0, 1;
    %store/vec4 v0x22ef8d70_0, 0, 1;
    %pushi/vec4 1, 0, 1;
    %store/vec4 v0x22ef88e0_0, 0, 1;
    %pushi/vec4 0, 0, 1;
    %store/vec4 v0x22ef9180_0, 0, 1;
    %pushi/vec4 0, 0, 1;
    %store/vec4 v0x22ef8bc0_0, 0, 1;
    %pushi/vec4 0, 0, 1;
    %store/vec4 v0x22ef8fe0_0, 0, 1;
    %pushi/vec4 0, 0, 1;
    %store/vec4 v0x22ef8a80_0, 0, 1;
    %jmp T_8.15;
T_8.12 ;
    %pushi/vec4 0, 0, 1;
    %store/vec4 v0x22ef8d70_0, 0, 1;
    %pushi/vec4 0, 0, 1;
    %store/vec4 v0x22ef88e0_0, 0, 1;
    %pushi/vec4 1, 0, 1;
    %store/vec4 v0x22ef9180_0, 0, 1;
    %pushi/vec4 0, 0, 1;
    %store/vec4 v0x22ef8bc0_0, 0, 1;
    %pushi/vec4 0, 0, 1;
    %store/vec4 v0x22ef8fe0_0, 0, 1;
    %pushi/vec4 0, 0, 1;
    %store/vec4 v0x22ef8a80_0, 0, 1;
    %jmp T_8.15;
T_8.13 ;
    %pushi/vec4 0, 0, 1;
    %store/vec4 v0x22ef8d70_0, 0, 1;
    %pushi/vec4 0, 0, 1;
    %store/vec4 v0x22ef88e0_0, 0, 1;
    %pushi/vec4 0, 0, 1;
    %store/vec4 v0x22ef9180_0, 0, 1;
    %pushi/vec4 0, 0, 1;
    %store/vec4 v0x22ef8bc0_0, 0, 1;
    %pushi/vec4 0, 0, 1;
    %store/vec4 v0x22ef8fe0_0, 0, 1;
    %pushi/vec4 1, 0, 1;
    %store/vec4 v0x22ef8a80_0, 0, 1;
    %jmp T_8.15;
T_8.15 ;
    %pop/vec4 1;
    %jmp T_8;
    .thread T_8, $push;
    .scope S_0x22ef7b50;
T_9 ;
    %wait E_0x22ea4190;
    %load/vec4 v0x22ef8f20_0;
    %flag_set/vec4 8;
    %jmp/0xz  T_9.0, 8;
    %pushi/vec4 0, 0, 4;
    %assign/vec4 v0x22ef90a0_0, 0;
    %jmp T_9.1;
T_9.0 ;
    %load/vec4 v0x22ef90a0_0;
    %dup/vec4;
    %pushi/vec4 0, 0, 4;
    %cmp/u;
    %jmp/1 T_9.2, 6;
    %dup/vec4;
    %pushi/vec4 1, 0, 4;
    %cmp/u;
    %jmp/1 T_9.3, 6;
    %dup/vec4;
    %pushi/vec4 2, 0, 4;
    %cmp/u;
    %jmp/1 T_9.4, 6;
    %dup/vec4;
    %pushi/vec4 3, 0, 4;
    %cmp/u;
    %jmp/1 T_9.5, 6;
    %dup/vec4;
    %pushi/vec4 4, 0, 4;
    %cmp/u;
    %jmp/1 T_9.6, 6;
    %dup/vec4;
    %pushi/vec4 5, 0, 4;
    %cmp/u;
    %jmp/1 T_9.7, 6;
    %dup/vec4;
    %pushi/vec4 6, 0, 4;
    %cmp/u;
    %jmp/1 T_9.8, 6;
    %dup/vec4;
    %pushi/vec4 7, 0, 4;
    %cmp/u;
    %jmp/1 T_9.9, 6;
    %dup/vec4;
    %pushi/vec4 8, 0, 4;
    %cmp/u;
    %jmp/1 T_9.10, 6;
    %dup/vec4;
    %pushi/vec4 9, 0, 4;
    %cmp/u;
    %jmp/1 T_9.11, 6;
    %dup/vec4;
    %pushi/vec4 10, 0, 4;
    %cmp/u;
    %jmp/1 T_9.12, 6;
    %dup/vec4;
    %pushi/vec4 11, 0, 4;
    %cmp/u;
    %jmp/1 T_9.13, 6;
    %dup/vec4;
    %pushi/vec4 12, 0, 4;
    %cmp/u;
    %jmp/1 T_9.14, 6;
    %dup/vec4;
    %pushi/vec4 13, 0, 4;
    %cmp/u;
    %jmp/1 T_9.15, 6;
    %pushi/vec4 0, 0, 4;
    %assign/vec4 v0x22ef90a0_0, 0;
    %jmp T_9.17;
T_9.2 ;
    %pushi/vec4 1, 0, 4;
    %assign/vec4 v0x22ef90a0_0, 0;
    %jmp T_9.17;
T_9.3 ;
    %load/vec4 v0x22ef8cb0_0;
    %flag_set/vec4 8;
    %jmp/0xz  T_9.18, 8;
    %pushi/vec4 2, 0, 4;
    %assign/vec4 v0x22ef90a0_0, 0;
    %jmp T_9.19;
T_9.18 ;
    %pushi/vec4 1, 0, 4;
    %assign/vec4 v0x22ef90a0_0, 0;
T_9.19 ;
    %jmp T_9.17;
T_9.4 ;
    %pushi/vec4 3, 0, 4;
    %assign/vec4 v0x22ef90a0_0, 0;
    %jmp T_9.17;
T_9.5 ;
    %pushi/vec4 4, 0, 4;
    %assign/vec4 v0x22ef90a0_0, 0;
    %jmp T_9.17;
T_9.6 ;
    %load/vec4 v0x22ef8e30_0;
    %flag_set/vec4 8;
    %jmp/0xz  T_9.20, 8;
    %pushi/vec4 5, 0, 4;
    %assign/vec4 v0x22ef90a0_0, 0;
    %jmp T_9.21;
T_9.20 ;
    %pushi/vec4 7, 0, 4;
    %assign/vec4 v0x22ef90a0_0, 0;
T_9.21 ;
    %jmp T_9.17;
T_9.7 ;
    %pushi/vec4 6, 0, 4;
    %assign/vec4 v0x22ef90a0_0, 0;
    %jmp T_9.17;
T_9.8 ;
    %pushi/vec4 8, 0, 4;
    %assign/vec4 v0x22ef90a0_0, 0;
    %jmp T_9.17;
T_9.9 ;
    %pushi/vec4 8, 0, 4;
    %assign/vec4 v0x22ef90a0_0, 0;
    %jmp T_9.17;
T_9.10 ;
    %pushi/vec4 9, 0, 4;
    %assign/vec4 v0x22ef90a0_0, 0;
    %jmp T_9.17;
T_9.11 ;
    %load/vec4 v0x22ef8b20_0;
    %flag_set/vec4 8;
    %jmp/0xz  T_9.22, 8;
    %pushi/vec4 13, 0, 4;
    %assign/vec4 v0x22ef90a0_0, 0;
    %jmp T_9.23;
T_9.22 ;
    %pushi/vec4 10, 0, 4;
    %assign/vec4 v0x22ef90a0_0, 0;
T_9.23 ;
    %jmp T_9.17;
T_9.12 ;
    %pushi/vec4 11, 0, 4;
    %assign/vec4 v0x22ef90a0_0, 0;
    %jmp T_9.17;
T_9.13 ;
    %pushi/vec4 12, 0, 4;
    %assign/vec4 v0x22ef90a0_0, 0;
    %jmp T_9.17;
T_9.14 ;
    %pushi/vec4 4, 0, 4;
    %assign/vec4 v0x22ef90a0_0, 0;
    %jmp T_9.17;
T_9.15 ;
    %pushi/vec4 0, 0, 4;
    %assign/vec4 v0x22ef90a0_0, 0;
    %jmp T_9.17;
T_9.17 ;
    %pop/vec4 1;
T_9.1 ;
    %jmp T_9;
    .thread T_9;
    .scope S_0x22ea7980;
T_10 ;
    %pushi/vec4 0, 0, 1;
    %store/vec4 v0x22efc510_0, 0, 1;
    %pushi/vec4 1, 0, 1;
    %store/vec4 v0x22efc870_0, 0, 1;
    %pushi/vec4 0, 0, 1;
    %store/vec4 v0x22efc780_0, 0, 1;
    %pushi/vec4 122, 0, 16;
    %store/vec4 v0x22efc170_0, 0, 16;
    %pushi/vec4 12, 0, 16;
    %store/vec4 v0x22efc250_0, 0, 16;
    %end;
    .thread T_10;
    .scope S_0x22ea7980;
T_11 ;
T_11.0 ;
    %wait E_0x22ea8c70;
    %wait E_0x22ea48f0;
    %pushi/vec4 1, 0, 1;
    %store/vec4 v0x22efc870_0, 0, 1;
    %wait E_0x22ea48f0;
    %pushi/vec4 0, 0, 1;
    %store/vec4 v0x22efc870_0, 0, 1;
    %event E_0x22ea8cb0;
    %jmp T_11.0;
T_11.1 ;
    %end;
    .thread T_11;
    .scope S_0x22ea7980;
T_12 ;
    %delay 0, 0;
T_12.0 ;
    %pushi/vec4 0, 0, 1;
    %store/vec4 v0x22efc510_0, 0, 1;
    %delay 10000, 0;
    %pushi/vec4 1, 0, 1;
    %store/vec4 v0x22efc510_0, 0, 1;
    %delay 10000, 0;
    %jmp T_12.0;
T_12.1 ;
    %end;
    .thread T_12;
    .scope S_0x22ea7980;
T_13 ;
    %delay 10000, 0;
    %event E_0x22ea8c70;
    %wait E_0x22ea8cb0;
    %wait E_0x22ea4190;
    %pushi/vec4 0, 0, 1;
    %store/vec4 v0x22efc780_0, 0, 1;
    %wait E_0x22ea4190;
    %pushi/vec4 1, 0, 1;
    %store/vec4 v0x22efc780_0, 0, 1;
    %pushi/vec4 0, 0, 21;
    %store/vec4 v0x22efc6a0_0, 0, 21;
T_13.0 ; Top of for-loop 
    %load/vec4 v0x22efc6a0_0;
    %pad/u 32;
    %cmpi/u 2, 0, 32;
    %jmp/0xz T_13.1, 5;
    %wait E_0x22ea4190;
T_13.2 ; for-loop step statement
    %load/vec4 v0x22efc6a0_0;
    %addi 1, 0, 21;
    %store/vec4 v0x22efc6a0_0, 0, 21;
    %jmp T_13.0;
T_13.1 ; for-loop exit label
    %pushi/vec4 0, 0, 1;
    %store/vec4 v0x22efc780_0, 0, 1;
    %pushi/vec4 0, 0, 21;
    %store/vec4 v0x22efc6a0_0, 0, 21;
T_13.3 ; Top of for-loop 
    %load/vec4 v0x22efc6a0_0;
    %pad/u 32;
    %cmpi/u 17, 0, 32;
    %jmp/0xz T_13.4, 5;
    %wait E_0x22ea4190;
T_13.5 ; for-loop step statement
    %load/vec4 v0x22efc6a0_0;
    %addi 1, 0, 21;
    %store/vec4 v0x22efc6a0_0, 0, 21;
    %jmp T_13.3;
T_13.4 ; for-loop exit label
    %end;
    .thread T_13;
    .scope S_0x22ea7980;
T_14 ;
    %fork t_1, S_0x22ea7bb0;
    %jmp t_0;
    .scope S_0x22ea7bb0;
t_1 ;
    %vpi_call 2 72 "$dumpfile", "Division_TB.vcd" {0 0 0};
    %vpi_call 2 73 "$dumpvars", 32'sb11111111111111111111111111111111, S_0x22ec5d50 {0 0 0};
    %delay 100000000, 0;
    %vpi_call 2 74 "$finish" {0 0 0};
    %end;
    .scope S_0x22ea7980;
t_0 %join;
    %end;
    .thread T_14;
# The file index is used to find the file name in the following table.
:file_names 11;
    "N/A";
    "<interactive>";
    "Division_TB.v";
    "Division.v";
    "Asign.v";
    "Comp.v";
    "Complement_A2.v";
    "Control_Div.v";
    "Increase_I.v";
    "Multiplex.v";
    "Shift_Left.v";
# EOF
