#! /usr/bin/vvp
:ivl_version "12.0 (stable)";
:ivl_delay_selection "TYPICAL";
:vpi_time_precision - 12;
:vpi_module "/usr/lib/x86_64-linux-gnu/ivl/system.vpi";
:vpi_module "/usr/lib/x86_64-linux-gnu/ivl/vhdl_sys.vpi";
:vpi_module "/usr/lib/x86_64-linux-gnu/ivl/vhdl_textio.vpi";
:vpi_module "/usr/lib/x86_64-linux-gnu/ivl/v2005_math.vpi";
:vpi_module "/usr/lib/x86_64-linux-gnu/ivl/va_math.vpi";
S_0x58fad1182ab0 .scope module, "DoubleDabble_TB" "DoubleDabble_TB" 2 4;
 .timescale -9 -12;
P_0x58fad1180cd0 .param/real "DUTY_CYCLE" 0 2 18, Cr<m4000000000000000gfc1>; value=0.500000
P_0x58fad1180d10 .param/l "OFFSET" 0 2 19, +C4<00000000000000000000000000000000>;
P_0x58fad1180d50 .param/l "PERIOD" 0 2 17, +C4<00000000000000000000000000010100>;
v0x58fad11d46c0_0 .var "A", 15 0;
v0x58fad11d47c0_0 .net "a1", 3 0, L_0x58fad11d6000;  1 drivers
v0x58fad11d4880_0 .net "a2", 3 0, L_0x58fad11d60f0;  1 drivers
v0x58fad11d4950_0 .net "a3", 3 0, L_0x58fad11d6240;  1 drivers
v0x58fad11d4a20_0 .var "clk", 0 0;
v0x58fad11d4ac0_0 .net "done", 0 0, v0x58fad11d0c40_0;  1 drivers
v0x58fad11d4b60_0 .var "i", 20 0;
v0x58fad11d4c00_0 .var "init", 0 0;
v0x58fad11d4cf0_0 .var "rst", 0 0;
E_0x58fad118ce20 .event negedge, v0x58fad11d0b60_0;
E_0x58fad118cb70 .event "reset_trigger";
E_0x58fad118ce60 .event "reset_done_trigger";
L_0x58fad11d62e0 .part v0x58fad11d46c0_0, 0, 10;
S_0x58fad117dcb0 .scope begin, "TEST_CASE" "TEST_CASE" 2 71, 2 71 0, S_0x58fad1182ab0;
 .timescale -9 -12;
S_0x58fad1181bc0 .scope module, "uut" "DoubleDabble" 2 15, 3 2 0, S_0x58fad1182ab0;
 .timescale -9 -12;
    .port_info 0 /INPUT 1 "clk";
    .port_info 1 /INPUT 1 "rst";
    .port_info 2 /INPUT 10 "A";
    .port_info 3 /INPUT 1 "init";
    .port_info 4 /OUTPUT 4 "a1";
    .port_info 5 /OUTPUT 4 "a2";
    .port_info 6 /OUTPUT 4 "a3";
    .port_info 7 /OUTPUT 1 "done";
v0x58fad11d3780_0 .net "A", 9 0, L_0x58fad11d62e0;  1 drivers
v0x58fad11d3870_0 .net "a1", 3 0, L_0x58fad11d6000;  alias, 1 drivers
v0x58fad11d3930_0 .net "a2", 3 0, L_0x58fad11d60f0;  alias, 1 drivers
v0x58fad11d3a20_0 .net "a3", 3 0, L_0x58fad11d6240;  alias, 1 drivers
v0x58fad11d3b00_0 .net "bcd_add", 11 0, L_0x58fad11d5ce0;  1 drivers
v0x58fad11d3bc0_0 .net "bcd_reg", 11 0, L_0x58fad11d4e20;  1 drivers
v0x58fad11d3c90_0 .net "clk", 0 0, v0x58fad11d4a20_0;  1 drivers
v0x58fad11d3d30_0 .net "done", 0 0, v0x58fad11d0c40_0;  alias, 1 drivers
v0x58fad11d3e00_0 .net "i_eq_n", 0 0, L_0x58fad11d5f10;  1 drivers
v0x58fad11d3f30_0 .net "increase", 0 0, v0x58fad11d0dd0_0;  1 drivers
v0x58fad11d4020_0 .net "init", 0 0, v0x58fad11d4c00_0;  1 drivers
v0x58fad11d40c0_0 .net "load", 0 0, v0x58fad11d0fa0_0;  1 drivers
v0x58fad11d4160_0 .net "m_a1", 0 0, L_0x58fad11d50a0;  1 drivers
v0x58fad11d4200_0 .net "m_a2", 0 0, L_0x58fad11d5280;  1 drivers
v0x58fad11d42d0_0 .net "m_a3", 0 0, L_0x58fad11d54f0;  1 drivers
v0x58fad11d43a0_0 .net "rst", 0 0, v0x58fad11d4cf0_0;  1 drivers
v0x58fad11d4470_0 .net "shift", 0 0, v0x58fad11d1120_0;  1 drivers
v0x58fad11d4560_0 .net "sum", 0 0, v0x58fad11d12c0_0;  1 drivers
L_0x58fad11d4f10 .concat [ 1 1 1 0], L_0x58fad11d50a0, L_0x58fad11d5280, L_0x58fad11d54f0;
L_0x58fad11d5190 .part L_0x58fad11d4e20, 0, 4;
L_0x58fad11d5370 .part L_0x58fad11d4e20, 4, 4;
L_0x58fad11d5590 .part L_0x58fad11d4e20, 8, 4;
L_0x58fad11d57a0 .part L_0x58fad11d4e20, 0, 4;
L_0x58fad11d59d0 .part L_0x58fad11d4e20, 4, 4;
L_0x58fad11d5bf0 .part L_0x58fad11d4e20, 8, 4;
L_0x58fad11d5ce0 .concat8 [ 4 4 4 0], L_0x58fad11d56b0, L_0x58fad11d58e0, L_0x58fad11d5b00;
L_0x58fad11d6000 .part L_0x58fad11d4e20, 0, 4;
L_0x58fad11d60f0 .part L_0x58fad11d4e20, 4, 4;
L_0x58fad11d6240 .part L_0x58fad11d4e20, 8, 4;
S_0x58fad11b09a0 .scope module, "u_Comp_a1" "Comp" 3 24, 4 2 0, S_0x58fad1181bc0;
 .timescale -9 -12;
    .port_info 0 /INPUT 4 "a";
    .port_info 1 /OUTPUT 1 "mayor";
L_0x77e92669d018 .functor BUFT 1, C4<0101>, C4<0>, C4<0>, C4<0>;
v0x58fad11b1e10_0 .net/2u *"_ivl_0", 3 0, L_0x77e92669d018;  1 drivers
v0x58fad11b2d40_0 .net "a", 3 0, L_0x58fad11d5190;  1 drivers
v0x58fad11b3090_0 .net "mayor", 0 0, L_0x58fad11d50a0;  alias, 1 drivers
L_0x58fad11d50a0 .cmp/ge 4, L_0x58fad11d5190, L_0x77e92669d018;
S_0x58fad11cfd00 .scope module, "u_Comp_a2" "Comp" 3 25, 4 2 0, S_0x58fad1181bc0;
 .timescale -9 -12;
    .port_info 0 /INPUT 4 "a";
    .port_info 1 /OUTPUT 1 "mayor";
L_0x77e92669d060 .functor BUFT 1, C4<0101>, C4<0>, C4<0>, C4<0>;
v0x58fad11b34d0_0 .net/2u *"_ivl_0", 3 0, L_0x77e92669d060;  1 drivers
v0x58fad11b3da0_0 .net "a", 3 0, L_0x58fad11d5370;  1 drivers
v0x58fad117d820_0 .net "mayor", 0 0, L_0x58fad11d5280;  alias, 1 drivers
L_0x58fad11d5280 .cmp/ge 4, L_0x58fad11d5370, L_0x77e92669d060;
S_0x58fad11cffe0 .scope module, "u_Comp_a3" "Comp" 3 26, 4 2 0, S_0x58fad1181bc0;
 .timescale -9 -12;
    .port_info 0 /INPUT 4 "a";
    .port_info 1 /OUTPUT 1 "mayor";
L_0x77e92669d0a8 .functor BUFT 1, C4<0101>, C4<0>, C4<0>, C4<0>;
v0x58fad1181f00_0 .net/2u *"_ivl_0", 3 0, L_0x77e92669d0a8;  1 drivers
v0x58fad11d0200_0 .net "a", 3 0, L_0x58fad11d5590;  1 drivers
v0x58fad11d02e0_0 .net "mayor", 0 0, L_0x58fad11d54f0;  alias, 1 drivers
L_0x58fad11d54f0 .cmp/ge 4, L_0x58fad11d5590, L_0x77e92669d0a8;
S_0x58fad11d0410 .scope module, "u_Control_DoubleDabble" "Control_DoubleDabble" 3 34, 5 2 0, S_0x58fad1181bc0;
 .timescale -9 -12;
    .port_info 0 /INPUT 1 "clk";
    .port_info 1 /INPUT 1 "rst";
    .port_info 2 /INPUT 1 "init";
    .port_info 3 /INPUT 1 "i_eq_n";
    .port_info 4 /OUTPUT 1 "load";
    .port_info 5 /OUTPUT 1 "shift";
    .port_info 6 /OUTPUT 1 "sum";
    .port_info 7 /OUTPUT 1 "increase";
    .port_info 8 /OUTPUT 1 "done";
P_0x58fad11b1190 .param/l "CHECK1" 0 5 15, C4<001>;
P_0x58fad11b11d0 .param/l "CHECK2" 0 5 19, C4<101>;
P_0x58fad11b1210 .param/l "FINISH" 0 5 21, C4<111>;
P_0x58fad11b1250 .param/l "INCREASE" 0 5 18, C4<100>;
P_0x58fad11b1290 .param/l "LOAD" 0 5 16, C4<010>;
P_0x58fad11b12d0 .param/l "SHIFT" 0 5 17, C4<011>;
P_0x58fad11b1310 .param/l "START" 0 5 14, C4<000>;
P_0x58fad11b1350 .param/l "SUM" 0 5 20, C4<110>;
v0x58fad11d0b60_0 .net "clk", 0 0, v0x58fad11d4a20_0;  alias, 1 drivers
v0x58fad11d0c40_0 .var "done", 0 0;
v0x58fad11d0d00_0 .net "i_eq_n", 0 0, L_0x58fad11d5f10;  alias, 1 drivers
v0x58fad11d0dd0_0 .var "increase", 0 0;
v0x58fad11d0e90_0 .net "init", 0 0, v0x58fad11d4c00_0;  alias, 1 drivers
v0x58fad11d0fa0_0 .var "load", 0 0;
v0x58fad11d1060_0 .net "rst", 0 0, v0x58fad11d4cf0_0;  alias, 1 drivers
v0x58fad11d1120_0 .var "shift", 0 0;
v0x58fad11d11e0_0 .var "state", 2 0;
v0x58fad11d12c0_0 .var "sum", 0 0;
E_0x58fad11d0aa0 .event posedge, v0x58fad11d0b60_0;
E_0x58fad11d0b00 .event anyedge, v0x58fad11d11e0_0;
S_0x58fad11d14a0 .scope module, "u_Increase" "Increase" 3 32, 6 2 0, S_0x58fad1181bc0;
 .timescale -9 -12;
    .port_info 0 /INPUT 1 "clk";
    .port_info 1 /INPUT 1 "load";
    .port_info 2 /INPUT 1 "increase";
    .port_info 3 /OUTPUT 1 "i_eq_n";
L_0x77e92669d1c8 .functor BUFT 1, C4<01010>, C4<0>, C4<0>, C4<0>;
v0x58fad11d1680_0 .net/2u *"_ivl_0", 4 0, L_0x77e92669d1c8;  1 drivers
v0x58fad11d1780_0 .net "clk", 0 0, v0x58fad11d4a20_0;  alias, 1 drivers
v0x58fad11d1840_0 .var "i", 4 0;
v0x58fad11d1910_0 .net "i_eq_n", 0 0, L_0x58fad11d5f10;  alias, 1 drivers
v0x58fad11d19e0_0 .net "increase", 0 0, v0x58fad11d0dd0_0;  alias, 1 drivers
v0x58fad11d1ad0_0 .net "load", 0 0, v0x58fad11d0fa0_0;  alias, 1 drivers
L_0x58fad11d5f10 .cmp/eq 5, v0x58fad11d1840_0, L_0x77e92669d1c8;
S_0x58fad11d1bd0 .scope module, "u_Shift" "Shift" 3 22, 7 2 0, S_0x58fad1181bc0;
 .timescale -9 -12;
    .port_info 0 /INPUT 1 "clk";
    .port_info 1 /INPUT 1 "load";
    .port_info 2 /INPUT 1 "shift";
    .port_info 3 /INPUT 1 "sum";
    .port_info 4 /INPUT 3 "update";
    .port_info 5 /INPUT 10 "A";
    .port_info 6 /INPUT 12 "in_bcd";
    .port_info 7 /OUTPUT 12 "arr_corr";
v0x58fad11d1ed0_0 .net "A", 9 0, L_0x58fad11d62e0;  alias, 1 drivers
v0x58fad11d1fd0_0 .var "alldata", 21 0;
v0x58fad11d20b0_0 .net "arr_corr", 11 0, L_0x58fad11d4e20;  alias, 1 drivers
v0x58fad11d2170_0 .net "clk", 0 0, v0x58fad11d4a20_0;  alias, 1 drivers
v0x58fad11d2260_0 .net "in_bcd", 11 0, L_0x58fad11d5ce0;  alias, 1 drivers
v0x58fad11d2390_0 .net "load", 0 0, v0x58fad11d0fa0_0;  alias, 1 drivers
v0x58fad11d2480_0 .net "shift", 0 0, v0x58fad11d1120_0;  alias, 1 drivers
v0x58fad11d2520_0 .net "sum", 0 0, v0x58fad11d12c0_0;  alias, 1 drivers
v0x58fad11d25c0_0 .net "update", 2 0, L_0x58fad11d4f10;  1 drivers
L_0x58fad11d4e20 .part v0x58fad11d1fd0_0, 10, 12;
S_0x58fad11d2760 .scope module, "u_Sum_a1" "Sum" 3 28, 8 2 0, S_0x58fad1181bc0;
 .timescale -9 -12;
    .port_info 0 /INPUT 4 "a";
    .port_info 1 /OUTPUT 4 "S";
v0x58fad11d2950_0 .net "S", 3 0, L_0x58fad11d56b0;  1 drivers
L_0x77e92669d0f0 .functor BUFT 1, C4<0011>, C4<0>, C4<0>, C4<0>;
v0x58fad11d2a50_0 .net/2u *"_ivl_0", 3 0, L_0x77e92669d0f0;  1 drivers
v0x58fad11d2b30_0 .net "a", 3 0, L_0x58fad11d57a0;  1 drivers
L_0x58fad11d56b0 .arith/sum 4, L_0x58fad11d57a0, L_0x77e92669d0f0;
S_0x58fad11d2c50 .scope module, "u_Sum_a2" "Sum" 3 29, 8 2 0, S_0x58fad1181bc0;
 .timescale -9 -12;
    .port_info 0 /INPUT 4 "a";
    .port_info 1 /OUTPUT 4 "S";
v0x58fad11d2e70_0 .net "S", 3 0, L_0x58fad11d58e0;  1 drivers
L_0x77e92669d138 .functor BUFT 1, C4<0011>, C4<0>, C4<0>, C4<0>;
v0x58fad11d2f70_0 .net/2u *"_ivl_0", 3 0, L_0x77e92669d138;  1 drivers
v0x58fad11d3050_0 .net "a", 3 0, L_0x58fad11d59d0;  1 drivers
L_0x58fad11d58e0 .arith/sum 4, L_0x58fad11d59d0, L_0x77e92669d138;
S_0x58fad11d31a0 .scope module, "u_Sum_a3" "Sum" 3 30, 8 2 0, S_0x58fad1181bc0;
 .timescale -9 -12;
    .port_info 0 /INPUT 4 "a";
    .port_info 1 /OUTPUT 4 "S";
v0x58fad11d3450_0 .net "S", 3 0, L_0x58fad11d5b00;  1 drivers
L_0x77e92669d180 .functor BUFT 1, C4<0011>, C4<0>, C4<0>, C4<0>;
v0x58fad11d3550_0 .net/2u *"_ivl_0", 3 0, L_0x77e92669d180;  1 drivers
v0x58fad11d3630_0 .net "a", 3 0, L_0x58fad11d5bf0;  1 drivers
L_0x58fad11d5b00 .arith/sum 4, L_0x58fad11d5bf0, L_0x77e92669d180;
    .scope S_0x58fad11d1bd0;
T_0 ;
    %wait E_0x58fad11d0aa0;
    %load/vec4 v0x58fad11d2390_0;
    %flag_set/vec4 8;
    %jmp/0xz  T_0.0, 8;
    %pushi/vec4 0, 0, 12;
    %ix/load 4, 10, 0;
    %ix/load 5, 0, 0;
    %flag_set/imm 4, 0;
    %assign/vec4/off/d v0x58fad11d1fd0_0, 4, 5;
    %load/vec4 v0x58fad11d1ed0_0;
    %ix/load 4, 0, 0;
    %ix/load 5, 0, 0;
    %flag_set/imm 4, 0;
    %assign/vec4/off/d v0x58fad11d1fd0_0, 4, 5;
    %jmp T_0.1;
T_0.0 ;
    %load/vec4 v0x58fad11d2480_0;
    %flag_set/vec4 8;
    %jmp/0xz  T_0.2, 8;
    %load/vec4 v0x58fad11d1fd0_0;
    %ix/load 4, 1, 0;
    %flag_set/imm 4, 0;
    %shiftl 4;
    %assign/vec4 v0x58fad11d1fd0_0, 0;
    %jmp T_0.3;
T_0.2 ;
    %load/vec4 v0x58fad11d2520_0;
    %flag_set/vec4 8;
    %jmp/0xz  T_0.4, 8;
    %load/vec4 v0x58fad11d25c0_0;
    %parti/s 1, 2, 3;
    %flag_set/vec4 8;
    %jmp/0xz  T_0.6, 8;
    %load/vec4 v0x58fad11d2260_0;
    %parti/s 4, 8, 5;
    %ix/load 4, 18, 0;
    %ix/load 5, 0, 0;
    %flag_set/imm 4, 0;
    %assign/vec4/off/d v0x58fad11d1fd0_0, 4, 5;
T_0.6 ;
    %load/vec4 v0x58fad11d25c0_0;
    %parti/s 1, 1, 2;
    %flag_set/vec4 8;
    %jmp/0xz  T_0.8, 8;
    %load/vec4 v0x58fad11d2260_0;
    %parti/s 4, 4, 4;
    %ix/load 4, 14, 0;
    %ix/load 5, 0, 0;
    %flag_set/imm 4, 0;
    %assign/vec4/off/d v0x58fad11d1fd0_0, 4, 5;
T_0.8 ;
    %load/vec4 v0x58fad11d25c0_0;
    %parti/s 1, 0, 2;
    %flag_set/vec4 8;
    %jmp/0xz  T_0.10, 8;
    %load/vec4 v0x58fad11d2260_0;
    %parti/s 4, 0, 2;
    %ix/load 4, 10, 0;
    %ix/load 5, 0, 0;
    %flag_set/imm 4, 0;
    %assign/vec4/off/d v0x58fad11d1fd0_0, 4, 5;
T_0.10 ;
T_0.4 ;
T_0.3 ;
T_0.1 ;
    %jmp T_0;
    .thread T_0;
    .scope S_0x58fad11d14a0;
T_1 ;
    %wait E_0x58fad11d0aa0;
    %load/vec4 v0x58fad11d1ad0_0;
    %flag_set/vec4 8;
    %jmp/0xz  T_1.0, 8;
    %pushi/vec4 0, 0, 5;
    %assign/vec4 v0x58fad11d1840_0, 0;
    %jmp T_1.1;
T_1.0 ;
    %load/vec4 v0x58fad11d19e0_0;
    %flag_set/vec4 8;
    %jmp/0xz  T_1.2, 8;
    %load/vec4 v0x58fad11d1840_0;
    %addi 1, 0, 5;
    %assign/vec4 v0x58fad11d1840_0, 0;
T_1.2 ;
T_1.1 ;
    %jmp T_1;
    .thread T_1;
    .scope S_0x58fad11d0410;
T_2 ;
    %wait E_0x58fad11d0b00;
    %load/vec4 v0x58fad11d11e0_0;
    %dup/vec4;
    %pushi/vec4 0, 0, 3;
    %cmp/u;
    %jmp/1 T_2.0, 6;
    %dup/vec4;
    %pushi/vec4 1, 0, 3;
    %cmp/u;
    %jmp/1 T_2.1, 6;
    %dup/vec4;
    %pushi/vec4 2, 0, 3;
    %cmp/u;
    %jmp/1 T_2.2, 6;
    %dup/vec4;
    %pushi/vec4 3, 0, 3;
    %cmp/u;
    %jmp/1 T_2.3, 6;
    %dup/vec4;
    %pushi/vec4 4, 0, 3;
    %cmp/u;
    %jmp/1 T_2.4, 6;
    %dup/vec4;
    %pushi/vec4 5, 0, 3;
    %cmp/u;
    %jmp/1 T_2.5, 6;
    %dup/vec4;
    %pushi/vec4 6, 0, 3;
    %cmp/u;
    %jmp/1 T_2.6, 6;
    %dup/vec4;
    %pushi/vec4 7, 0, 3;
    %cmp/u;
    %jmp/1 T_2.7, 6;
    %pushi/vec4 0, 0, 1;
    %store/vec4 v0x58fad11d0fa0_0, 0, 1;
    %pushi/vec4 0, 0, 1;
    %store/vec4 v0x58fad11d1120_0, 0, 1;
    %pushi/vec4 0, 0, 1;
    %store/vec4 v0x58fad11d12c0_0, 0, 1;
    %pushi/vec4 0, 0, 1;
    %store/vec4 v0x58fad11d0dd0_0, 0, 1;
    %pushi/vec4 0, 0, 1;
    %store/vec4 v0x58fad11d0c40_0, 0, 1;
    %jmp T_2.9;
T_2.0 ;
    %pushi/vec4 0, 0, 1;
    %store/vec4 v0x58fad11d0fa0_0, 0, 1;
    %pushi/vec4 0, 0, 1;
    %store/vec4 v0x58fad11d1120_0, 0, 1;
    %pushi/vec4 0, 0, 1;
    %store/vec4 v0x58fad11d12c0_0, 0, 1;
    %pushi/vec4 0, 0, 1;
    %store/vec4 v0x58fad11d0dd0_0, 0, 1;
    %pushi/vec4 0, 0, 1;
    %store/vec4 v0x58fad11d0c40_0, 0, 1;
    %jmp T_2.9;
T_2.1 ;
    %pushi/vec4 0, 0, 1;
    %store/vec4 v0x58fad11d0fa0_0, 0, 1;
    %pushi/vec4 0, 0, 1;
    %store/vec4 v0x58fad11d1120_0, 0, 1;
    %pushi/vec4 0, 0, 1;
    %store/vec4 v0x58fad11d12c0_0, 0, 1;
    %pushi/vec4 0, 0, 1;
    %store/vec4 v0x58fad11d0dd0_0, 0, 1;
    %pushi/vec4 0, 0, 1;
    %store/vec4 v0x58fad11d0c40_0, 0, 1;
    %jmp T_2.9;
T_2.2 ;
    %pushi/vec4 1, 0, 1;
    %store/vec4 v0x58fad11d0fa0_0, 0, 1;
    %pushi/vec4 0, 0, 1;
    %store/vec4 v0x58fad11d1120_0, 0, 1;
    %pushi/vec4 0, 0, 1;
    %store/vec4 v0x58fad11d12c0_0, 0, 1;
    %pushi/vec4 0, 0, 1;
    %store/vec4 v0x58fad11d0dd0_0, 0, 1;
    %pushi/vec4 0, 0, 1;
    %store/vec4 v0x58fad11d0c40_0, 0, 1;
    %jmp T_2.9;
T_2.3 ;
    %pushi/vec4 0, 0, 1;
    %store/vec4 v0x58fad11d0fa0_0, 0, 1;
    %pushi/vec4 1, 0, 1;
    %store/vec4 v0x58fad11d1120_0, 0, 1;
    %pushi/vec4 0, 0, 1;
    %store/vec4 v0x58fad11d12c0_0, 0, 1;
    %pushi/vec4 0, 0, 1;
    %store/vec4 v0x58fad11d0dd0_0, 0, 1;
    %pushi/vec4 0, 0, 1;
    %store/vec4 v0x58fad11d0c40_0, 0, 1;
    %jmp T_2.9;
T_2.4 ;
    %pushi/vec4 0, 0, 1;
    %store/vec4 v0x58fad11d0fa0_0, 0, 1;
    %pushi/vec4 0, 0, 1;
    %store/vec4 v0x58fad11d1120_0, 0, 1;
    %pushi/vec4 0, 0, 1;
    %store/vec4 v0x58fad11d12c0_0, 0, 1;
    %pushi/vec4 1, 0, 1;
    %store/vec4 v0x58fad11d0dd0_0, 0, 1;
    %pushi/vec4 0, 0, 1;
    %store/vec4 v0x58fad11d0c40_0, 0, 1;
    %jmp T_2.9;
T_2.5 ;
    %pushi/vec4 0, 0, 1;
    %store/vec4 v0x58fad11d0fa0_0, 0, 1;
    %pushi/vec4 0, 0, 1;
    %store/vec4 v0x58fad11d1120_0, 0, 1;
    %pushi/vec4 0, 0, 1;
    %store/vec4 v0x58fad11d12c0_0, 0, 1;
    %pushi/vec4 0, 0, 1;
    %store/vec4 v0x58fad11d0dd0_0, 0, 1;
    %pushi/vec4 0, 0, 1;
    %store/vec4 v0x58fad11d0c40_0, 0, 1;
    %jmp T_2.9;
T_2.6 ;
    %pushi/vec4 0, 0, 1;
    %store/vec4 v0x58fad11d0fa0_0, 0, 1;
    %pushi/vec4 0, 0, 1;
    %store/vec4 v0x58fad11d1120_0, 0, 1;
    %pushi/vec4 1, 0, 1;
    %store/vec4 v0x58fad11d12c0_0, 0, 1;
    %pushi/vec4 0, 0, 1;
    %store/vec4 v0x58fad11d0dd0_0, 0, 1;
    %pushi/vec4 0, 0, 1;
    %store/vec4 v0x58fad11d0c40_0, 0, 1;
    %jmp T_2.9;
T_2.7 ;
    %pushi/vec4 0, 0, 1;
    %store/vec4 v0x58fad11d0fa0_0, 0, 1;
    %pushi/vec4 0, 0, 1;
    %store/vec4 v0x58fad11d1120_0, 0, 1;
    %pushi/vec4 0, 0, 1;
    %store/vec4 v0x58fad11d12c0_0, 0, 1;
    %pushi/vec4 0, 0, 1;
    %store/vec4 v0x58fad11d0dd0_0, 0, 1;
    %pushi/vec4 1, 0, 1;
    %store/vec4 v0x58fad11d0c40_0, 0, 1;
    %jmp T_2.9;
T_2.9 ;
    %pop/vec4 1;
    %jmp T_2;
    .thread T_2, $push;
    .scope S_0x58fad11d0410;
T_3 ;
    %wait E_0x58fad11d0aa0;
    %load/vec4 v0x58fad11d1060_0;
    %flag_set/vec4 8;
    %jmp/0xz  T_3.0, 8;
    %pushi/vec4 0, 0, 3;
    %assign/vec4 v0x58fad11d11e0_0, 0;
    %jmp T_3.1;
T_3.0 ;
    %load/vec4 v0x58fad11d11e0_0;
    %dup/vec4;
    %pushi/vec4 0, 0, 3;
    %cmp/u;
    %jmp/1 T_3.2, 6;
    %dup/vec4;
    %pushi/vec4 1, 0, 3;
    %cmp/u;
    %jmp/1 T_3.3, 6;
    %dup/vec4;
    %pushi/vec4 2, 0, 3;
    %cmp/u;
    %jmp/1 T_3.4, 6;
    %dup/vec4;
    %pushi/vec4 3, 0, 3;
    %cmp/u;
    %jmp/1 T_3.5, 6;
    %dup/vec4;
    %pushi/vec4 4, 0, 3;
    %cmp/u;
    %jmp/1 T_3.6, 6;
    %dup/vec4;
    %pushi/vec4 5, 0, 3;
    %cmp/u;
    %jmp/1 T_3.7, 6;
    %dup/vec4;
    %pushi/vec4 6, 0, 3;
    %cmp/u;
    %jmp/1 T_3.8, 6;
    %dup/vec4;
    %pushi/vec4 7, 0, 3;
    %cmp/u;
    %jmp/1 T_3.9, 6;
    %pushi/vec4 0, 0, 3;
    %assign/vec4 v0x58fad11d11e0_0, 0;
    %jmp T_3.11;
T_3.2 ;
    %pushi/vec4 1, 0, 3;
    %assign/vec4 v0x58fad11d11e0_0, 0;
    %jmp T_3.11;
T_3.3 ;
    %load/vec4 v0x58fad11d0e90_0;
    %flag_set/vec4 8;
    %jmp/0xz  T_3.12, 8;
    %pushi/vec4 2, 0, 3;
    %assign/vec4 v0x58fad11d11e0_0, 0;
    %jmp T_3.13;
T_3.12 ;
    %pushi/vec4 1, 0, 3;
    %assign/vec4 v0x58fad11d11e0_0, 0;
T_3.13 ;
    %jmp T_3.11;
T_3.4 ;
    %pushi/vec4 3, 0, 3;
    %assign/vec4 v0x58fad11d11e0_0, 0;
    %jmp T_3.11;
T_3.5 ;
    %pushi/vec4 4, 0, 3;
    %assign/vec4 v0x58fad11d11e0_0, 0;
    %jmp T_3.11;
T_3.6 ;
    %pushi/vec4 5, 0, 3;
    %assign/vec4 v0x58fad11d11e0_0, 0;
    %jmp T_3.11;
T_3.7 ;
    %load/vec4 v0x58fad11d0d00_0;
    %flag_set/vec4 8;
    %jmp/0xz  T_3.14, 8;
    %pushi/vec4 7, 0, 3;
    %assign/vec4 v0x58fad11d11e0_0, 0;
    %jmp T_3.15;
T_3.14 ;
    %pushi/vec4 6, 0, 3;
    %assign/vec4 v0x58fad11d11e0_0, 0;
T_3.15 ;
    %jmp T_3.11;
T_3.8 ;
    %pushi/vec4 3, 0, 3;
    %assign/vec4 v0x58fad11d11e0_0, 0;
    %jmp T_3.11;
T_3.9 ;
    %pushi/vec4 0, 0, 3;
    %assign/vec4 v0x58fad11d11e0_0, 0;
    %jmp T_3.11;
T_3.11 ;
    %pop/vec4 1;
T_3.1 ;
    %jmp T_3;
    .thread T_3;
    .scope S_0x58fad1182ab0;
T_4 ;
    %pushi/vec4 0, 0, 1;
    %store/vec4 v0x58fad11d4a20_0, 0, 1;
    %pushi/vec4 1, 0, 1;
    %store/vec4 v0x58fad11d4cf0_0, 0, 1;
    %pushi/vec4 0, 0, 1;
    %store/vec4 v0x58fad11d4c00_0, 0, 1;
    %pushi/vec4 399, 0, 16;
    %store/vec4 v0x58fad11d46c0_0, 0, 16;
    %end;
    .thread T_4;
    .scope S_0x58fad1182ab0;
T_5 ;
T_5.0 ;
    %wait E_0x58fad118cb70;
    %wait E_0x58fad118ce20;
    %pushi/vec4 1, 0, 1;
    %store/vec4 v0x58fad11d4cf0_0, 0, 1;
    %wait E_0x58fad118ce20;
    %pushi/vec4 0, 0, 1;
    %store/vec4 v0x58fad11d4cf0_0, 0, 1;
    %event E_0x58fad118ce60;
    %jmp T_5.0;
    %end;
    .thread T_5;
    .scope S_0x58fad1182ab0;
T_6 ;
    %delay 0, 0;
T_6.0 ;
    %pushi/vec4 0, 0, 1;
    %store/vec4 v0x58fad11d4a20_0, 0, 1;
    %delay 10000, 0;
    %pushi/vec4 1, 0, 1;
    %store/vec4 v0x58fad11d4a20_0, 0, 1;
    %delay 10000, 0;
    %jmp T_6.0;
    %end;
    .thread T_6;
    .scope S_0x58fad1182ab0;
T_7 ;
    %delay 10000, 0;
    %event E_0x58fad118cb70;
    %wait E_0x58fad118ce60;
    %wait E_0x58fad11d0aa0;
    %pushi/vec4 0, 0, 1;
    %store/vec4 v0x58fad11d4c00_0, 0, 1;
    %wait E_0x58fad11d0aa0;
    %pushi/vec4 1, 0, 1;
    %store/vec4 v0x58fad11d4c00_0, 0, 1;
    %pushi/vec4 0, 0, 21;
    %store/vec4 v0x58fad11d4b60_0, 0, 21;
T_7.0 ;
    %load/vec4 v0x58fad11d4b60_0;
    %pad/u 32;
    %cmpi/u 2, 0, 32;
    %jmp/0xz T_7.1, 5;
    %wait E_0x58fad11d0aa0;
    %load/vec4 v0x58fad11d4b60_0;
    %addi 1, 0, 21;
    %store/vec4 v0x58fad11d4b60_0, 0, 21;
    %jmp T_7.0;
T_7.1 ;
    %pushi/vec4 0, 0, 1;
    %store/vec4 v0x58fad11d4c00_0, 0, 1;
    %pushi/vec4 0, 0, 21;
    %store/vec4 v0x58fad11d4b60_0, 0, 21;
T_7.2 ;
    %load/vec4 v0x58fad11d4b60_0;
    %pad/u 32;
    %cmpi/u 17, 0, 32;
    %jmp/0xz T_7.3, 5;
    %wait E_0x58fad11d0aa0;
    %load/vec4 v0x58fad11d4b60_0;
    %addi 1, 0, 21;
    %store/vec4 v0x58fad11d4b60_0, 0, 21;
    %jmp T_7.2;
T_7.3 ;
    %end;
    .thread T_7;
    .scope S_0x58fad1182ab0;
T_8 ;
    %fork t_1, S_0x58fad117dcb0;
    %jmp t_0;
    .scope S_0x58fad117dcb0;
t_1 ;
    %vpi_call 2 72 "$dumpfile", "DoubleDabble_TB.vcd" {0 0 0};
    %vpi_call 2 73 "$dumpvars", 32'sb11111111111111111111111111111111, S_0x58fad1181bc0 {0 0 0};
    %delay 100000000, 0;
    %vpi_call 2 74 "$finish" {0 0 0};
    %end;
    .scope S_0x58fad1182ab0;
t_0 %join;
    %end;
    .thread T_8;
# The file index is used to find the file name in the following table.
:file_names 9;
    "N/A";
    "<interactive>";
    "DoubleDabble_TB.v";
    "DoubleDabble.v";
    "Comp.v";
    "Control_DoubleDabble.v";
    "Increase.v";
    "Shift.v";
    "Sum.v";
