#! /usr/bin/vvp
:ivl_version "12.0 (stable)";
:ivl_delay_selection "TYPICAL";
:vpi_time_precision - 12;
:vpi_module "/usr/lib/x86_64-linux-gnu/ivl/system.vpi";
:vpi_module "/usr/lib/x86_64-linux-gnu/ivl/vhdl_sys.vpi";
:vpi_module "/usr/lib/x86_64-linux-gnu/ivl/vhdl_textio.vpi";
:vpi_module "/usr/lib/x86_64-linux-gnu/ivl/v2005_math.vpi";
:vpi_module "/usr/lib/x86_64-linux-gnu/ivl/va_math.vpi";
S_0x5a01599ff490 .scope module, "DoubleDabble_Inverso_TB" "DoubleDabble_Inverso_TB" 2 4;
 .timescale -9 -12;
P_0x5a0159a0f840 .param/l "PERIOD" 0 2 15, +C4<00000000000000000000000000010100>;
v0x5a0159a50410_0 .net "A", 9 0, L_0x5a0159a50cb0;  1 drivers
v0x5a0159a50540_0 .var "a1", 3 0;
v0x5a0159a50650_0 .var "a2", 3 0;
v0x5a0159a50740_0 .var "a3", 3 0;
v0x5a0159a50850_0 .var "clk", 0 0;
v0x5a0159a50940_0 .net "done", 0 0, v0x5a0159a4c930_0;  1 drivers
v0x5a0159a509e0_0 .var "init", 0 0;
v0x5a0159a50ad0_0 .var "rst", 0 0;
E_0x5a0159a07f10 .event anyedge, v0x5a0159a4c930_0;
E_0x5a0159a07c60 .event negedge, v0x5a0159a4c850_0;
E_0x5a0159a07f50 .event "reset_trigger";
E_0x5a01599ec290 .event "reset_done_trigger";
S_0x5a01599fa5a0 .scope begin, "TEST_CASE" "TEST_CASE" 2 56, 2 56 0, S_0x5a01599ff490;
 .timescale -9 -12;
S_0x5a01599fe5a0 .scope module, "uut" "DoubleDabble_Inverso" 2 13, 3 2 0, S_0x5a01599ff490;
 .timescale -9 -12;
    .port_info 0 /INPUT 1 "clk";
    .port_info 1 /INPUT 1 "rst";
    .port_info 2 /INPUT 1 "init";
    .port_info 3 /INPUT 4 "a1";
    .port_info 4 /INPUT 4 "a2";
    .port_info 5 /INPUT 4 "a3";
    .port_info 6 /OUTPUT 10 "A";
    .port_info 7 /OUTPUT 1 "done";
v0x5a0159a4f590_0 .net "A", 9 0, L_0x5a0159a50cb0;  alias, 1 drivers
v0x5a0159a4f680_0 .net "a1", 3 0, v0x5a0159a50540_0;  1 drivers
v0x5a0159a4f750_0 .net "a2", 3 0, v0x5a0159a50650_0;  1 drivers
v0x5a0159a4f850_0 .net "a3", 3 0, v0x5a0159a50740_0;  1 drivers
v0x5a0159a4f920_0 .net "bcd_reg", 11 0, L_0x5a0159a50bc0;  1 drivers
v0x5a0159a4f9c0_0 .net "bcd_sub", 11 0, L_0x5a0159a51bc0;  1 drivers
v0x5a0159a4fa90_0 .net "clk", 0 0, v0x5a0159a50850_0;  1 drivers
v0x5a0159a4fb30_0 .net "done", 0 0, v0x5a0159a4c930_0;  alias, 1 drivers
v0x5a0159a4fc00_0 .net "i_eq_n", 0 0, L_0x5a0159a51df0;  1 drivers
v0x5a0159a4fca0_0 .net "increase", 0 0, v0x5a0159a4ca90_0;  1 drivers
v0x5a0159a4fd90_0 .net "init", 0 0, v0x5a0159a509e0_0;  1 drivers
v0x5a0159a4fe30_0 .net "load", 0 0, v0x5a0159a4cc60_0;  1 drivers
v0x5a0159a4fed0_0 .net "m_a1", 0 0, L_0x5a0159a50f30;  1 drivers
v0x5a0159a4ff70_0 .net "m_a2", 0 0, L_0x5a0159a51110;  1 drivers
v0x5a0159a50040_0 .net "m_a3", 0 0, L_0x5a0159a512f0;  1 drivers
v0x5a0159a50110_0 .net "rst", 0 0, v0x5a0159a50ad0_0;  1 drivers
v0x5a0159a501e0_0 .net "shift", 0 0, v0x5a0159a4cde0_0;  1 drivers
v0x5a0159a502d0_0 .net "subs", 0 0, v0x5a0159a4cf80_0;  1 drivers
L_0x5a0159a50da0 .concat [ 1 1 1 0], L_0x5a0159a50f30, L_0x5a0159a51110, L_0x5a0159a512f0;
L_0x5a0159a51020 .part L_0x5a0159a50bc0, 0, 4;
L_0x5a0159a51200 .part L_0x5a0159a50bc0, 4, 4;
L_0x5a0159a51390 .part L_0x5a0159a50bc0, 8, 4;
L_0x5a0159a51570 .part L_0x5a0159a50bc0, 0, 4;
L_0x5a0159a517a0 .part L_0x5a0159a50bc0, 4, 4;
L_0x5a0159a519c0 .part L_0x5a0159a50bc0, 8, 4;
L_0x5a0159a51bc0 .concat8 [ 4 4 4 0], L_0x5a0159a51480, L_0x5a0159a516b0, L_0x5a0159a518d0;
S_0x5a01599fecc0 .scope module, "u_Comp_a1" "Comp" 3 25, 4 2 0, S_0x5a01599fe5a0;
 .timescale -9 -12;
    .port_info 0 /INPUT 4 "a";
    .port_info 1 /OUTPUT 1 "mayor";
L_0x77a95909d018 .functor BUFT 1, C4<1000>, C4<0>, C4<0>, C4<0>;
v0x5a0159a2d0e0_0 .net/2u *"_ivl_0", 3 0, L_0x77a95909d018;  1 drivers
v0x5a0159a2e3e0_0 .net "a", 3 0, L_0x5a0159a51020;  1 drivers
v0x5a0159a2e730_0 .net "mayor", 0 0, L_0x5a0159a50f30;  alias, 1 drivers
L_0x5a0159a50f30 .cmp/ge 4, L_0x5a0159a51020, L_0x77a95909d018;
S_0x5a0159a4b7d0 .scope module, "u_Comp_a2" "Comp" 3 26, 4 2 0, S_0x5a01599fe5a0;
 .timescale -9 -12;
    .port_info 0 /INPUT 4 "a";
    .port_info 1 /OUTPUT 1 "mayor";
L_0x77a95909d060 .functor BUFT 1, C4<1000>, C4<0>, C4<0>, C4<0>;
v0x5a0159a2ea80_0 .net/2u *"_ivl_0", 3 0, L_0x77a95909d060;  1 drivers
v0x5a0159a2ec70_0 .net "a", 3 0, L_0x5a0159a51200;  1 drivers
v0x5a01599fa0d0_0 .net "mayor", 0 0, L_0x5a0159a51110;  alias, 1 drivers
L_0x5a0159a51110 .cmp/ge 4, L_0x5a0159a51200, L_0x77a95909d060;
S_0x5a0159a4bab0 .scope module, "u_Comp_a3" "Comp" 3 27, 4 2 0, S_0x5a01599fe5a0;
 .timescale -9 -12;
    .port_info 0 /INPUT 4 "a";
    .port_info 1 /OUTPUT 1 "mayor";
L_0x77a95909d0a8 .functor BUFT 1, C4<1000>, C4<0>, C4<0>, C4<0>;
v0x5a01599fe8e0_0 .net/2u *"_ivl_0", 3 0, L_0x77a95909d0a8;  1 drivers
v0x5a0159a4bd10_0 .net "a", 3 0, L_0x5a0159a51390;  1 drivers
v0x5a0159a4bdf0_0 .net "mayor", 0 0, L_0x5a0159a512f0;  alias, 1 drivers
L_0x5a0159a512f0 .cmp/ge 4, L_0x5a0159a51390, L_0x77a95909d0a8;
S_0x5a0159a4bef0 .scope module, "u_Control" "Control_DoubleDabble_Inverso" 3 35, 5 2 0, S_0x5a01599fe5a0;
 .timescale -9 -12;
    .port_info 0 /INPUT 1 "clk";
    .port_info 1 /INPUT 1 "rst";
    .port_info 2 /INPUT 1 "init";
    .port_info 3 /INPUT 1 "i_eq_n";
    .port_info 4 /OUTPUT 1 "load";
    .port_info 5 /OUTPUT 1 "shift";
    .port_info 6 /OUTPUT 1 "subs";
    .port_info 7 /OUTPUT 1 "increase";
    .port_info 8 /OUTPUT 1 "done";
P_0x5a0159a4c0d0 .param/l "CHECK1" 0 5 15, C4<001>;
P_0x5a0159a4c110 .param/l "CHECK2" 0 5 19, C4<101>;
P_0x5a0159a4c150 .param/l "FINISH" 0 5 21, C4<111>;
P_0x5a0159a4c190 .param/l "INCREASE" 0 5 18, C4<100>;
P_0x5a0159a4c1d0 .param/l "LOAD" 0 5 16, C4<010>;
P_0x5a0159a4c210 .param/l "SHIFT" 0 5 17, C4<011>;
P_0x5a0159a4c250 .param/l "START" 0 5 14, C4<000>;
P_0x5a0159a4c290 .param/l "SUBS" 0 5 20, C4<110>;
v0x5a0159a4c850_0 .net "clk", 0 0, v0x5a0159a50850_0;  alias, 1 drivers
v0x5a0159a4c930_0 .var "done", 0 0;
v0x5a0159a4c9f0_0 .net "i_eq_n", 0 0, L_0x5a0159a51df0;  alias, 1 drivers
v0x5a0159a4ca90_0 .var "increase", 0 0;
v0x5a0159a4cb50_0 .net "init", 0 0, v0x5a0159a509e0_0;  alias, 1 drivers
v0x5a0159a4cc60_0 .var "load", 0 0;
v0x5a0159a4cd20_0 .net "rst", 0 0, v0x5a0159a50ad0_0;  alias, 1 drivers
v0x5a0159a4cde0_0 .var "shift", 0 0;
v0x5a0159a4cea0_0 .var "state", 2 0;
v0x5a0159a4cf80_0 .var "subs", 0 0;
E_0x5a0159a4c790 .event posedge, v0x5a0159a4c850_0;
E_0x5a0159a4c7f0 .event anyedge, v0x5a0159a4cea0_0;
S_0x5a0159a4d160 .scope module, "u_Increase" "Increase" 3 33, 6 2 0, S_0x5a01599fe5a0;
 .timescale -9 -12;
    .port_info 0 /INPUT 1 "clk";
    .port_info 1 /INPUT 1 "load";
    .port_info 2 /INPUT 1 "increase";
    .port_info 3 /OUTPUT 1 "i_eq_n";
L_0x77a95909d1c8 .functor BUFT 1, C4<01010>, C4<0>, C4<0>, C4<0>;
v0x5a0159a4d340_0 .net/2u *"_ivl_0", 4 0, L_0x77a95909d1c8;  1 drivers
v0x5a0159a4d440_0 .net "clk", 0 0, v0x5a0159a50850_0;  alias, 1 drivers
v0x5a0159a4d500_0 .var "i", 4 0;
v0x5a0159a4d5a0_0 .net "i_eq_n", 0 0, L_0x5a0159a51df0;  alias, 1 drivers
v0x5a0159a4d640_0 .net "increase", 0 0, v0x5a0159a4ca90_0;  alias, 1 drivers
v0x5a0159a4d730_0 .net "load", 0 0, v0x5a0159a4cc60_0;  alias, 1 drivers
L_0x5a0159a51df0 .cmp/eq 5, v0x5a0159a4d500_0, L_0x77a95909d1c8;
S_0x5a0159a4d830 .scope module, "u_Shift" "Shift" 3 22, 7 2 0, S_0x5a01599fe5a0;
 .timescale -9 -12;
    .port_info 0 /INPUT 1 "clk";
    .port_info 1 /INPUT 1 "load";
    .port_info 2 /INPUT 1 "shift";
    .port_info 3 /INPUT 1 "subs";
    .port_info 4 /INPUT 3 "update";
    .port_info 5 /INPUT 4 "a1";
    .port_info 6 /INPUT 4 "a2";
    .port_info 7 /INPUT 4 "a3";
    .port_info 8 /INPUT 12 "in_bcd";
    .port_info 9 /OUTPUT 12 "arr_corr";
    .port_info 10 /OUTPUT 10 "A";
v0x5a0159a4da10_0 .net "A", 9 0, L_0x5a0159a50cb0;  alias, 1 drivers
v0x5a0159a4db10_0 .net "a1", 3 0, v0x5a0159a50540_0;  alias, 1 drivers
v0x5a0159a4dbf0_0 .net "a2", 3 0, v0x5a0159a50650_0;  alias, 1 drivers
v0x5a0159a4dcb0_0 .net "a3", 3 0, v0x5a0159a50740_0;  alias, 1 drivers
v0x5a0159a4dd90_0 .var "alldata", 21 0;
v0x5a0159a4dec0_0 .net "arr_corr", 11 0, L_0x5a0159a50bc0;  alias, 1 drivers
v0x5a0159a4dfa0_0 .net "clk", 0 0, v0x5a0159a50850_0;  alias, 1 drivers
v0x5a0159a4e090_0 .net "in_bcd", 11 0, L_0x5a0159a51bc0;  alias, 1 drivers
v0x5a0159a4e170_0 .net "load", 0 0, v0x5a0159a4cc60_0;  alias, 1 drivers
v0x5a0159a4e210_0 .net "shift", 0 0, v0x5a0159a4cde0_0;  alias, 1 drivers
v0x5a0159a4e2b0_0 .net "subs", 0 0, v0x5a0159a4cf80_0;  alias, 1 drivers
v0x5a0159a4e350_0 .net "update", 2 0, L_0x5a0159a50da0;  1 drivers
L_0x5a0159a50bc0 .part v0x5a0159a4dd90_0, 10, 12;
L_0x5a0159a50cb0 .part v0x5a0159a4dd90_0, 0, 10;
S_0x5a0159a4e5b0 .scope module, "u_Sub_a1" "Substrac" 3 29, 8 2 0, S_0x5a01599fe5a0;
 .timescale -9 -12;
    .port_info 0 /INPUT 4 "a";
    .port_info 1 /OUTPUT 4 "S";
v0x5a0159a4e7f0_0 .net "S", 3 0, L_0x5a0159a51480;  1 drivers
L_0x77a95909d0f0 .functor BUFT 1, C4<0011>, C4<0>, C4<0>, C4<0>;
v0x5a0159a4e8f0_0 .net/2u *"_ivl_0", 3 0, L_0x77a95909d0f0;  1 drivers
v0x5a0159a4e9d0_0 .net "a", 3 0, L_0x5a0159a51570;  1 drivers
L_0x5a0159a51480 .arith/sub 4, L_0x5a0159a51570, L_0x77a95909d0f0;
S_0x5a0159a4eaf0 .scope module, "u_Sub_a2" "Substrac" 3 30, 8 2 0, S_0x5a01599fe5a0;
 .timescale -9 -12;
    .port_info 0 /INPUT 4 "a";
    .port_info 1 /OUTPUT 4 "S";
v0x5a0159a4ed10_0 .net "S", 3 0, L_0x5a0159a516b0;  1 drivers
L_0x77a95909d138 .functor BUFT 1, C4<0011>, C4<0>, C4<0>, C4<0>;
v0x5a0159a4ee10_0 .net/2u *"_ivl_0", 3 0, L_0x77a95909d138;  1 drivers
v0x5a0159a4eef0_0 .net "a", 3 0, L_0x5a0159a517a0;  1 drivers
L_0x5a0159a516b0 .arith/sub 4, L_0x5a0159a517a0, L_0x77a95909d138;
S_0x5a0159a4f040 .scope module, "u_Sub_a3" "Substrac" 3 31, 8 2 0, S_0x5a01599fe5a0;
 .timescale -9 -12;
    .port_info 0 /INPUT 4 "a";
    .port_info 1 /OUTPUT 4 "S";
v0x5a0159a4f260_0 .net "S", 3 0, L_0x5a0159a518d0;  1 drivers
L_0x77a95909d180 .functor BUFT 1, C4<0011>, C4<0>, C4<0>, C4<0>;
v0x5a0159a4f360_0 .net/2u *"_ivl_0", 3 0, L_0x77a95909d180;  1 drivers
v0x5a0159a4f440_0 .net "a", 3 0, L_0x5a0159a519c0;  1 drivers
L_0x5a0159a518d0 .arith/sub 4, L_0x5a0159a519c0, L_0x77a95909d180;
    .scope S_0x5a0159a4d830;
T_0 ;
    %wait E_0x5a0159a4c790;
    %load/vec4 v0x5a0159a4e170_0;
    %flag_set/vec4 8;
    %jmp/0xz  T_0.0, 8;
    %load/vec4 v0x5a0159a4dcb0_0;
    %load/vec4 v0x5a0159a4dbf0_0;
    %concat/vec4; draw_concat_vec4
    %load/vec4 v0x5a0159a4db10_0;
    %concat/vec4; draw_concat_vec4
    %ix/load 4, 10, 0;
    %ix/load 5, 0, 0;
    %flag_set/imm 4, 0;
    %assign/vec4/off/d v0x5a0159a4dd90_0, 4, 5;
    %pushi/vec4 0, 0, 10;
    %ix/load 4, 0, 0;
    %ix/load 5, 0, 0;
    %flag_set/imm 4, 0;
    %assign/vec4/off/d v0x5a0159a4dd90_0, 4, 5;
    %jmp T_0.1;
T_0.0 ;
    %load/vec4 v0x5a0159a4e210_0;
    %flag_set/vec4 8;
    %jmp/0xz  T_0.2, 8;
    %load/vec4 v0x5a0159a4dd90_0;
    %ix/load 4, 1, 0;
    %flag_set/imm 4, 0;
    %shiftr 4;
    %assign/vec4 v0x5a0159a4dd90_0, 0;
    %jmp T_0.3;
T_0.2 ;
    %load/vec4 v0x5a0159a4e2b0_0;
    %flag_set/vec4 8;
    %jmp/0xz  T_0.4, 8;
    %load/vec4 v0x5a0159a4e350_0;
    %parti/s 1, 2, 3;
    %flag_set/vec4 8;
    %jmp/0xz  T_0.6, 8;
    %load/vec4 v0x5a0159a4e090_0;
    %parti/s 4, 8, 5;
    %ix/load 4, 18, 0;
    %ix/load 5, 0, 0;
    %flag_set/imm 4, 0;
    %assign/vec4/off/d v0x5a0159a4dd90_0, 4, 5;
T_0.6 ;
    %load/vec4 v0x5a0159a4e350_0;
    %parti/s 1, 1, 2;
    %flag_set/vec4 8;
    %jmp/0xz  T_0.8, 8;
    %load/vec4 v0x5a0159a4e090_0;
    %parti/s 4, 4, 4;
    %ix/load 4, 14, 0;
    %ix/load 5, 0, 0;
    %flag_set/imm 4, 0;
    %assign/vec4/off/d v0x5a0159a4dd90_0, 4, 5;
T_0.8 ;
    %load/vec4 v0x5a0159a4e350_0;
    %parti/s 1, 0, 2;
    %flag_set/vec4 8;
    %jmp/0xz  T_0.10, 8;
    %load/vec4 v0x5a0159a4e090_0;
    %parti/s 4, 0, 2;
    %ix/load 4, 10, 0;
    %ix/load 5, 0, 0;
    %flag_set/imm 4, 0;
    %assign/vec4/off/d v0x5a0159a4dd90_0, 4, 5;
T_0.10 ;
T_0.4 ;
T_0.3 ;
T_0.1 ;
    %jmp T_0;
    .thread T_0;
    .scope S_0x5a0159a4d160;
T_1 ;
    %wait E_0x5a0159a4c790;
    %load/vec4 v0x5a0159a4d730_0;
    %flag_set/vec4 8;
    %jmp/0xz  T_1.0, 8;
    %pushi/vec4 0, 0, 5;
    %assign/vec4 v0x5a0159a4d500_0, 0;
    %jmp T_1.1;
T_1.0 ;
    %load/vec4 v0x5a0159a4d640_0;
    %flag_set/vec4 8;
    %jmp/0xz  T_1.2, 8;
    %load/vec4 v0x5a0159a4d500_0;
    %addi 1, 0, 5;
    %assign/vec4 v0x5a0159a4d500_0, 0;
T_1.2 ;
T_1.1 ;
    %jmp T_1;
    .thread T_1;
    .scope S_0x5a0159a4bef0;
T_2 ;
    %wait E_0x5a0159a4c7f0;
    %load/vec4 v0x5a0159a4cea0_0;
    %dup/vec4;
    %pushi/vec4 0, 0, 3;
    %cmp/u;
    %jmp/1 T_2.0, 6;
    %dup/vec4;
    %pushi/vec4 1, 0, 3;
    %cmp/u;
    %jmp/1 T_2.1, 6;
    %dup/vec4;
    %pushi/vec4 2, 0, 3;
    %cmp/u;
    %jmp/1 T_2.2, 6;
    %dup/vec4;
    %pushi/vec4 3, 0, 3;
    %cmp/u;
    %jmp/1 T_2.3, 6;
    %dup/vec4;
    %pushi/vec4 4, 0, 3;
    %cmp/u;
    %jmp/1 T_2.4, 6;
    %dup/vec4;
    %pushi/vec4 5, 0, 3;
    %cmp/u;
    %jmp/1 T_2.5, 6;
    %dup/vec4;
    %pushi/vec4 6, 0, 3;
    %cmp/u;
    %jmp/1 T_2.6, 6;
    %dup/vec4;
    %pushi/vec4 7, 0, 3;
    %cmp/u;
    %jmp/1 T_2.7, 6;
    %pushi/vec4 0, 0, 1;
    %store/vec4 v0x5a0159a4cc60_0, 0, 1;
    %pushi/vec4 0, 0, 1;
    %store/vec4 v0x5a0159a4cde0_0, 0, 1;
    %pushi/vec4 0, 0, 1;
    %store/vec4 v0x5a0159a4cf80_0, 0, 1;
    %pushi/vec4 0, 0, 1;
    %store/vec4 v0x5a0159a4ca90_0, 0, 1;
    %pushi/vec4 0, 0, 1;
    %store/vec4 v0x5a0159a4c930_0, 0, 1;
    %jmp T_2.9;
T_2.0 ;
    %pushi/vec4 0, 0, 1;
    %store/vec4 v0x5a0159a4cc60_0, 0, 1;
    %pushi/vec4 0, 0, 1;
    %store/vec4 v0x5a0159a4cde0_0, 0, 1;
    %pushi/vec4 0, 0, 1;
    %store/vec4 v0x5a0159a4cf80_0, 0, 1;
    %pushi/vec4 0, 0, 1;
    %store/vec4 v0x5a0159a4ca90_0, 0, 1;
    %pushi/vec4 0, 0, 1;
    %store/vec4 v0x5a0159a4c930_0, 0, 1;
    %jmp T_2.9;
T_2.1 ;
    %pushi/vec4 0, 0, 1;
    %store/vec4 v0x5a0159a4cc60_0, 0, 1;
    %pushi/vec4 0, 0, 1;
    %store/vec4 v0x5a0159a4cde0_0, 0, 1;
    %pushi/vec4 0, 0, 1;
    %store/vec4 v0x5a0159a4cf80_0, 0, 1;
    %pushi/vec4 0, 0, 1;
    %store/vec4 v0x5a0159a4ca90_0, 0, 1;
    %pushi/vec4 0, 0, 1;
    %store/vec4 v0x5a0159a4c930_0, 0, 1;
    %jmp T_2.9;
T_2.2 ;
    %pushi/vec4 1, 0, 1;
    %store/vec4 v0x5a0159a4cc60_0, 0, 1;
    %pushi/vec4 0, 0, 1;
    %store/vec4 v0x5a0159a4cde0_0, 0, 1;
    %pushi/vec4 0, 0, 1;
    %store/vec4 v0x5a0159a4cf80_0, 0, 1;
    %pushi/vec4 0, 0, 1;
    %store/vec4 v0x5a0159a4ca90_0, 0, 1;
    %pushi/vec4 0, 0, 1;
    %store/vec4 v0x5a0159a4c930_0, 0, 1;
    %jmp T_2.9;
T_2.3 ;
    %pushi/vec4 0, 0, 1;
    %store/vec4 v0x5a0159a4cc60_0, 0, 1;
    %pushi/vec4 1, 0, 1;
    %store/vec4 v0x5a0159a4cde0_0, 0, 1;
    %pushi/vec4 0, 0, 1;
    %store/vec4 v0x5a0159a4cf80_0, 0, 1;
    %pushi/vec4 0, 0, 1;
    %store/vec4 v0x5a0159a4ca90_0, 0, 1;
    %pushi/vec4 0, 0, 1;
    %store/vec4 v0x5a0159a4c930_0, 0, 1;
    %jmp T_2.9;
T_2.4 ;
    %pushi/vec4 0, 0, 1;
    %store/vec4 v0x5a0159a4cc60_0, 0, 1;
    %pushi/vec4 0, 0, 1;
    %store/vec4 v0x5a0159a4cde0_0, 0, 1;
    %pushi/vec4 0, 0, 1;
    %store/vec4 v0x5a0159a4cf80_0, 0, 1;
    %pushi/vec4 1, 0, 1;
    %store/vec4 v0x5a0159a4ca90_0, 0, 1;
    %pushi/vec4 0, 0, 1;
    %store/vec4 v0x5a0159a4c930_0, 0, 1;
    %jmp T_2.9;
T_2.5 ;
    %pushi/vec4 0, 0, 1;
    %store/vec4 v0x5a0159a4cc60_0, 0, 1;
    %pushi/vec4 0, 0, 1;
    %store/vec4 v0x5a0159a4cde0_0, 0, 1;
    %pushi/vec4 0, 0, 1;
    %store/vec4 v0x5a0159a4cf80_0, 0, 1;
    %pushi/vec4 0, 0, 1;
    %store/vec4 v0x5a0159a4ca90_0, 0, 1;
    %pushi/vec4 0, 0, 1;
    %store/vec4 v0x5a0159a4c930_0, 0, 1;
    %jmp T_2.9;
T_2.6 ;
    %pushi/vec4 0, 0, 1;
    %store/vec4 v0x5a0159a4cc60_0, 0, 1;
    %pushi/vec4 0, 0, 1;
    %store/vec4 v0x5a0159a4cde0_0, 0, 1;
    %pushi/vec4 1, 0, 1;
    %store/vec4 v0x5a0159a4cf80_0, 0, 1;
    %pushi/vec4 0, 0, 1;
    %store/vec4 v0x5a0159a4ca90_0, 0, 1;
    %pushi/vec4 0, 0, 1;
    %store/vec4 v0x5a0159a4c930_0, 0, 1;
    %jmp T_2.9;
T_2.7 ;
    %pushi/vec4 0, 0, 1;
    %store/vec4 v0x5a0159a4cc60_0, 0, 1;
    %pushi/vec4 0, 0, 1;
    %store/vec4 v0x5a0159a4cde0_0, 0, 1;
    %pushi/vec4 0, 0, 1;
    %store/vec4 v0x5a0159a4cf80_0, 0, 1;
    %pushi/vec4 0, 0, 1;
    %store/vec4 v0x5a0159a4ca90_0, 0, 1;
    %pushi/vec4 1, 0, 1;
    %store/vec4 v0x5a0159a4c930_0, 0, 1;
    %jmp T_2.9;
T_2.9 ;
    %pop/vec4 1;
    %jmp T_2;
    .thread T_2, $push;
    .scope S_0x5a0159a4bef0;
T_3 ;
    %wait E_0x5a0159a4c790;
    %load/vec4 v0x5a0159a4cd20_0;
    %flag_set/vec4 8;
    %jmp/0xz  T_3.0, 8;
    %pushi/vec4 0, 0, 3;
    %assign/vec4 v0x5a0159a4cea0_0, 0;
    %jmp T_3.1;
T_3.0 ;
    %load/vec4 v0x5a0159a4cea0_0;
    %dup/vec4;
    %pushi/vec4 0, 0, 3;
    %cmp/u;
    %jmp/1 T_3.2, 6;
    %dup/vec4;
    %pushi/vec4 1, 0, 3;
    %cmp/u;
    %jmp/1 T_3.3, 6;
    %dup/vec4;
    %pushi/vec4 2, 0, 3;
    %cmp/u;
    %jmp/1 T_3.4, 6;
    %dup/vec4;
    %pushi/vec4 3, 0, 3;
    %cmp/u;
    %jmp/1 T_3.5, 6;
    %dup/vec4;
    %pushi/vec4 4, 0, 3;
    %cmp/u;
    %jmp/1 T_3.6, 6;
    %dup/vec4;
    %pushi/vec4 5, 0, 3;
    %cmp/u;
    %jmp/1 T_3.7, 6;
    %dup/vec4;
    %pushi/vec4 6, 0, 3;
    %cmp/u;
    %jmp/1 T_3.8, 6;
    %dup/vec4;
    %pushi/vec4 7, 0, 3;
    %cmp/u;
    %jmp/1 T_3.9, 6;
    %pushi/vec4 0, 0, 3;
    %assign/vec4 v0x5a0159a4cea0_0, 0;
    %jmp T_3.11;
T_3.2 ;
    %pushi/vec4 1, 0, 3;
    %assign/vec4 v0x5a0159a4cea0_0, 0;
    %jmp T_3.11;
T_3.3 ;
    %load/vec4 v0x5a0159a4cb50_0;
    %flag_set/vec4 8;
    %jmp/0xz  T_3.12, 8;
    %pushi/vec4 2, 0, 3;
    %assign/vec4 v0x5a0159a4cea0_0, 0;
    %jmp T_3.13;
T_3.12 ;
    %pushi/vec4 1, 0, 3;
    %assign/vec4 v0x5a0159a4cea0_0, 0;
T_3.13 ;
    %jmp T_3.11;
T_3.4 ;
    %pushi/vec4 3, 0, 3;
    %assign/vec4 v0x5a0159a4cea0_0, 0;
    %jmp T_3.11;
T_3.5 ;
    %pushi/vec4 4, 0, 3;
    %assign/vec4 v0x5a0159a4cea0_0, 0;
    %jmp T_3.11;
T_3.6 ;
    %pushi/vec4 5, 0, 3;
    %assign/vec4 v0x5a0159a4cea0_0, 0;
    %jmp T_3.11;
T_3.7 ;
    %load/vec4 v0x5a0159a4c9f0_0;
    %flag_set/vec4 8;
    %jmp/0xz  T_3.14, 8;
    %pushi/vec4 7, 0, 3;
    %assign/vec4 v0x5a0159a4cea0_0, 0;
    %jmp T_3.15;
T_3.14 ;
    %pushi/vec4 6, 0, 3;
    %assign/vec4 v0x5a0159a4cea0_0, 0;
T_3.15 ;
    %jmp T_3.11;
T_3.8 ;
    %pushi/vec4 3, 0, 3;
    %assign/vec4 v0x5a0159a4cea0_0, 0;
    %jmp T_3.11;
T_3.9 ;
    %pushi/vec4 0, 0, 3;
    %assign/vec4 v0x5a0159a4cea0_0, 0;
    %jmp T_3.11;
T_3.11 ;
    %pop/vec4 1;
T_3.1 ;
    %jmp T_3;
    .thread T_3;
    .scope S_0x5a01599ff490;
T_4 ;
    %pushi/vec4 0, 0, 1;
    %store/vec4 v0x5a0159a50850_0, 0, 1;
    %pushi/vec4 1, 0, 1;
    %store/vec4 v0x5a0159a50ad0_0, 0, 1;
    %pushi/vec4 0, 0, 1;
    %store/vec4 v0x5a0159a509e0_0, 0, 1;
    %pushi/vec4 2, 0, 4;
    %store/vec4 v0x5a0159a50740_0, 0, 4;
    %pushi/vec4 5, 0, 4;
    %store/vec4 v0x5a0159a50650_0, 0, 4;
    %pushi/vec4 5, 0, 4;
    %store/vec4 v0x5a0159a50540_0, 0, 4;
    %end;
    .thread T_4;
    .scope S_0x5a01599ff490;
T_5 ;
T_5.0 ;
    %wait E_0x5a0159a07f50;
    %wait E_0x5a0159a07c60;
    %pushi/vec4 1, 0, 1;
    %store/vec4 v0x5a0159a50ad0_0, 0, 1;
    %wait E_0x5a0159a07c60;
    %pushi/vec4 0, 0, 1;
    %store/vec4 v0x5a0159a50ad0_0, 0, 1;
    %event E_0x5a01599ec290;
    %jmp T_5.0;
    %end;
    .thread T_5;
    .scope S_0x5a01599ff490;
T_6 ;
T_6.0 ;
    %pushi/vec4 0, 0, 1;
    %store/vec4 v0x5a0159a50850_0, 0, 1;
    %delay 10000, 0;
    %pushi/vec4 1, 0, 1;
    %store/vec4 v0x5a0159a50850_0, 0, 1;
    %delay 10000, 0;
    %jmp T_6.0;
    %end;
    .thread T_6;
    .scope S_0x5a01599ff490;
T_7 ;
    %delay 10000, 0;
    %event E_0x5a0159a07f50;
    %wait E_0x5a01599ec290;
    %wait E_0x5a0159a4c790;
    %pushi/vec4 0, 0, 1;
    %store/vec4 v0x5a0159a509e0_0, 0, 1;
    %wait E_0x5a0159a4c790;
    %pushi/vec4 1, 0, 1;
    %store/vec4 v0x5a0159a509e0_0, 0, 1;
    %wait E_0x5a0159a4c790;
    %wait E_0x5a0159a4c790;
    %pushi/vec4 0, 0, 1;
    %store/vec4 v0x5a0159a509e0_0, 0, 1;
T_7.0 ;
    %load/vec4 v0x5a0159a50940_0;
    %cmpi/ne 1, 0, 1;
    %jmp/0xz T_7.1, 6;
    %wait E_0x5a0159a07f10;
    %jmp T_7.0;
T_7.1 ;
    %vpi_call 2 51 "$display", "BCD a1=%d a2=%d a3=%d  ->  Binario A=%d", v0x5a0159a50540_0, v0x5a0159a50650_0, v0x5a0159a50740_0, v0x5a0159a50410_0 {0 0 0};
    %delay 20000, 0;
    %vpi_call 2 53 "$finish" {0 0 0};
    %end;
    .thread T_7;
    .scope S_0x5a01599ff490;
T_8 ;
    %fork t_1, S_0x5a01599fa5a0;
    %jmp t_0;
    .scope S_0x5a01599fa5a0;
t_1 ;
    %vpi_call 2 57 "$dumpfile", "DoubleDabble_Inverso_TB.vcd" {0 0 0};
    %vpi_call 2 58 "$dumpvars", 32'sb11111111111111111111111111111111, S_0x5a01599fe5a0 {0 0 0};
    %delay 100000000, 0;
    %vpi_call 2 59 "$finish" {0 0 0};
    %end;
    .scope S_0x5a01599ff490;
t_0 %join;
    %end;
    .thread T_8;
# The file index is used to find the file name in the following table.
:file_names 9;
    "N/A";
    "<interactive>";
    "DoubleDabble_Inverso_TB.v";
    "DoubleDabble_Inverso.v";
    "Comp.v";
    "Control_DoubleDabble_Inverso.v";
    "Increase.v";
    "Shift.v";
    "Substrac.v";
