#! /usr/bin/vvp
:ivl_version "12.0 (stable)";
:ivl_delay_selection "TYPICAL";
:vpi_time_precision - 12;
:vpi_module "/usr/lib/x86_64-linux-gnu/ivl/system.vpi";
:vpi_module "/usr/lib/x86_64-linux-gnu/ivl/vhdl_sys.vpi";
:vpi_module "/usr/lib/x86_64-linux-gnu/ivl/vhdl_textio.vpi";
:vpi_module "/usr/lib/x86_64-linux-gnu/ivl/v2005_math.vpi";
:vpi_module "/usr/lib/x86_64-linux-gnu/ivl/va_math.vpi";
S_0x5b9b067f13a0 .scope module, "Paridad_TB" "Paridad_TB" 2 4;
 .timescale -9 -12;
P_0x5b9b0680daa0 .param/real "DUTY_CYCLE" 0 2 18, Cr<m4000000000000000gfc1>; value=0.500000
P_0x5b9b0680dae0 .param/l "OFFSET" 0 2 19, +C4<00000000000000000000000000000000>;
P_0x5b9b0680db20 .param/l "PERIOD" 0 2 17, +C4<00000000000000000000000000010100>;
v0x5b9b06830970_0 .var "A", 15 0;
v0x5b9b06830aa0_0 .net "Cont", 0 0, L_0x5b9b068413b0;  1 drivers
v0x5b9b06830b60_0 .var "clk", 0 0;
v0x5b9b06830c00_0 .net "done", 0 0, v0x5b9b0682e260_0;  1 drivers
v0x5b9b06830ca0_0 .var "i", 20 0;
v0x5b9b06830db0_0 .var "init", 0 0;
v0x5b9b06830ea0_0 .var "rst", 0 0;
E_0x5b9b067f0970 .event "reset_trigger";
E_0x5b9b067f01a0 .event "reset_done_trigger";
L_0x5b9b068413b0 .part L_0x5b9b068410d0, 0, 1;
S_0x5b9b06802880 .scope begin, "TEST_CASE" "TEST_CASE" 2 71, 2 71 0, S_0x5b9b067f13a0;
 .timescale -9 -12;
S_0x5b9b06802a10 .scope module, "uut" "Paridad" 2 15, 3 2 0, S_0x5b9b067f13a0;
 .timescale -9 -12;
    .port_info 0 /INPUT 1 "clk";
    .port_info 1 /INPUT 1 "rst";
    .port_info 2 /INPUT 16 "A";
    .port_info 3 /INPUT 1 "init";
    .port_info 4 /OUTPUT 5 "Cont";
    .port_info 5 /OUTPUT 1 "done";
v0x5b9b0682fd00_0 .net "A", 15 0, v0x5b9b06830970_0;  1 drivers
v0x5b9b0682fde0_0 .net "Cont", 4 0, L_0x5b9b068410d0;  1 drivers
L_0x74917ed29018 .functor BUFT 1, C4<000000000000000>, C4<0>, C4<0>, C4<0>;
v0x5b9b0682fea0_0 .net *"_ivl_3", 14 0, L_0x74917ed29018;  1 drivers
L_0x74917ed29060 .functor BUFT 1, C4<00000000000000000000000000000000>, C4<0>, C4<0>, C4<0>;
v0x5b9b0682ff60_0 .net/2s *"_ivl_9", 31 0, L_0x74917ed29060;  1 drivers
v0x5b9b06830040_0 .net "a_eq_1", 0 0, v0x5b9b0682f410_0;  1 drivers
v0x5b9b06830180_0 .net "clk", 0 0, v0x5b9b06830b60_0;  1 drivers
v0x5b9b06830220_0 .net "cont_eq_zero", 0 0, v0x5b9b0680eb90_0;  1 drivers
v0x5b9b06830310_0 .net "done", 0 0, v0x5b9b0682e260_0;  alias, 1 drivers
v0x5b9b068303b0_0 .net "i", 3 0, v0x5b9b0682ec30_0;  1 drivers
v0x5b9b06830450_0 .net "i_eq_n", 0 0, v0x5b9b067de2b0_0;  1 drivers
v0x5b9b068304f0_0 .net "increase", 0 0, v0x5b9b0682e3f0_0;  1 drivers
v0x5b9b068305e0_0 .net "init", 0 0, v0x5b9b06830db0_0;  1 drivers
v0x5b9b06830680_0 .net "load", 0 0, v0x5b9b0682e530_0;  1 drivers
v0x5b9b06830720_0 .net "rst", 0 0, v0x5b9b06830ea0_0;  1 drivers
v0x5b9b068307c0_0 .net "sum", 0 0, v0x5b9b0682e790_0;  1 drivers
L_0x5b9b06830f90 .concat [ 1 15 0 0], v0x5b9b0682f410_0, L_0x74917ed29018;
L_0x5b9b068410d0 .part v0x5b9b0682f8c0_0, 0, 5;
L_0x5b9b06841170 .part L_0x5b9b068410d0, 0, 4;
L_0x5b9b06841290 .part L_0x74917ed29060, 0, 4;
S_0x5b9b06804ab0 .scope module, "u_Comp_cont_eq_zero" "Comp" 3 26, 4 2 0, S_0x5b9b06802a10;
 .timescale -9 -12;
    .port_info 0 /INPUT 4 "i";
    .port_info 1 /INPUT 4 "val";
    .port_info 2 /OUTPUT 1 "ans";
v0x5b9b0680eb90_0 .var "ans", 0 0;
v0x5b9b0680efd0_0 .net "i", 3 0, L_0x5b9b06841170;  1 drivers
v0x5b9b0680f8a0_0 .net "val", 3 0, L_0x5b9b06841290;  1 drivers
E_0x5b9b067d42d0 .event anyedge, v0x5b9b0680efd0_0, v0x5b9b0680f8a0_0;
S_0x5b9b0682d150 .scope module, "u_Comp_i_eq_n" "Comp" 3 28, 4 2 0, S_0x5b9b06802a10;
 .timescale -9 -12;
    .port_info 0 /INPUT 4 "i";
    .port_info 1 /INPUT 4 "val";
    .port_info 2 /OUTPUT 1 "ans";
v0x5b9b067de2b0_0 .var "ans", 0 0;
v0x5b9b067e1510_0 .net "i", 3 0, v0x5b9b0682ec30_0;  alias, 1 drivers
L_0x74917ed290a8 .functor BUFT 1, C4<0111>, C4<0>, C4<0>, C4<0>;
v0x5b9b067e1220_0 .net "val", 3 0, L_0x74917ed290a8;  1 drivers
E_0x5b9b06810370 .event anyedge, v0x5b9b067e1510_0, v0x5b9b067e1220_0;
S_0x5b9b0682d4e0 .scope module, "u_Control_Paridad" "Control_Paridad" 3 31, 5 2 0, S_0x5b9b06802a10;
 .timescale -9 -12;
    .port_info 0 /INPUT 1 "clk";
    .port_info 1 /INPUT 1 "rst";
    .port_info 2 /INPUT 1 "cont_eq_zero";
    .port_info 3 /INPUT 1 "i_eq_n";
    .port_info 4 /INPUT 1 "a_eq_1";
    .port_info 5 /INPUT 1 "init";
    .port_info 6 /OUTPUT 1 "done";
    .port_info 7 /OUTPUT 1 "load";
    .port_info 8 /OUTPUT 1 "sum";
    .port_info 9 /OUTPUT 1 "increase";
P_0x5b9b0682d6c0 .param/l "CHECK1" 0 5 16, C4<0001>;
P_0x5b9b0682d700 .param/l "CHECK2" 0 5 18, C4<0011>;
P_0x5b9b0682d740 .param/l "CHECK3" 0 5 21, C4<0110>;
P_0x5b9b0682d780 .param/l "CHECK4" 0 5 22, C4<0111>;
P_0x5b9b0682d7c0 .param/l "FINISH" 0 5 25, C4<1010>;
P_0x5b9b0682d800 .param/l "IMPAR" 0 5 24, C4<1001>;
P_0x5b9b0682d840 .param/l "INCREASE" 0 5 20, C4<0101>;
P_0x5b9b0682d880 .param/l "LOAD" 0 5 17, C4<0010>;
P_0x5b9b0682d8c0 .param/l "PAR" 0 5 23, C4<1000>;
P_0x5b9b0682d900 .param/l "START" 0 5 15, C4<0000>;
P_0x5b9b0682d940 .param/l "SUM" 0 5 19, C4<0100>;
v0x5b9b0682dfc0_0 .net "a_eq_1", 0 0, v0x5b9b0682f410_0;  alias, 1 drivers
v0x5b9b0682e0a0_0 .net "clk", 0 0, v0x5b9b06830b60_0;  alias, 1 drivers
v0x5b9b0682e160_0 .net "cont_eq_zero", 0 0, v0x5b9b0680eb90_0;  alias, 1 drivers
v0x5b9b0682e260_0 .var "done", 0 0;
v0x5b9b0682e300_0 .net "i_eq_n", 0 0, v0x5b9b067de2b0_0;  alias, 1 drivers
v0x5b9b0682e3f0_0 .var "increase", 0 0;
v0x5b9b0682e490_0 .net "init", 0 0, v0x5b9b06830db0_0;  alias, 1 drivers
v0x5b9b0682e530_0 .var "load", 0 0;
v0x5b9b0682e5f0_0 .net "rst", 0 0, v0x5b9b06830ea0_0;  alias, 1 drivers
v0x5b9b0682e6b0_0 .var "state", 3 0;
v0x5b9b0682e790_0 .var "sum", 0 0;
E_0x5b9b06810480 .event posedge, v0x5b9b0682e0a0_0;
E_0x5b9b0682df60 .event anyedge, v0x5b9b0682e6b0_0;
S_0x5b9b0682e9f0 .scope module, "u_Increase" "Increase" 3 23, 6 2 0, S_0x5b9b06802a10;
 .timescale -9 -12;
    .port_info 0 /INPUT 1 "clk";
    .port_info 1 /INPUT 1 "load";
    .port_info 2 /INPUT 1 "increase";
    .port_info 3 /OUTPUT 4 "Inc";
v0x5b9b0682ec30_0 .var "Inc", 3 0;
v0x5b9b0682ed40_0 .net "clk", 0 0, v0x5b9b06830b60_0;  alias, 1 drivers
v0x5b9b0682ee10_0 .net "increase", 0 0, v0x5b9b0682e3f0_0;  alias, 1 drivers
v0x5b9b0682ef10_0 .net "load", 0 0, v0x5b9b0682e530_0;  alias, 1 drivers
E_0x5b9b0682ebb0 .event negedge, v0x5b9b0682e0a0_0;
S_0x5b9b0682f010 .scope module, "u_Multiplex" "Multiplex" 3 18, 7 2 0, S_0x5b9b06802a10;
 .timescale -9 -12;
    .port_info 0 /INPUT 4 "i";
    .port_info 1 /INPUT 16 "A";
    .port_info 2 /OUTPUT 1 "A_i";
v0x5b9b0682f310_0 .net "A", 15 0, v0x5b9b06830970_0;  alias, 1 drivers
v0x5b9b0682f410_0 .var "A_i", 0 0;
v0x5b9b0682f4d0_0 .net "i", 3 0, v0x5b9b0682ec30_0;  alias, 1 drivers
E_0x5b9b0682f290 .event anyedge, v0x5b9b067e1510_0, v0x5b9b0682f310_0;
S_0x5b9b0682f600 .scope module, "u_Sum" "Sum" 3 20, 8 2 0, S_0x5b9b06802a10;
 .timescale -9 -12;
    .port_info 0 /INPUT 1 "clk";
    .port_info 1 /INPUT 1 "load";
    .port_info 2 /INPUT 1 "sum";
    .port_info 3 /INPUT 16 "B";
    .port_info 4 /OUTPUT 32 "S";
v0x5b9b0682f7e0_0 .net "B", 15 0, L_0x5b9b06830f90;  1 drivers
v0x5b9b0682f8c0_0 .var "S", 31 0;
v0x5b9b0682f9a0_0 .net "clk", 0 0, v0x5b9b06830b60_0;  alias, 1 drivers
v0x5b9b0682fac0_0 .net "load", 0 0, v0x5b9b0682e530_0;  alias, 1 drivers
v0x5b9b0682fbb0_0 .net "sum", 0 0, v0x5b9b0682e790_0;  alias, 1 drivers
    .scope S_0x5b9b0682f010;
T_0 ;
    %wait E_0x5b9b0682f290;
    %load/vec4 v0x5b9b0682f310_0;
    %load/vec4 v0x5b9b0682f4d0_0;
    %part/u 1;
    %store/vec4 v0x5b9b0682f410_0, 0, 1;
    %jmp T_0;
    .thread T_0, $push;
    .scope S_0x5b9b0682f600;
T_1 ;
    %wait E_0x5b9b0682ebb0;
    %load/vec4 v0x5b9b0682fac0_0;
    %flag_set/vec4 8;
    %jmp/0xz  T_1.0, 8;
    %pushi/vec4 0, 0, 32;
    %assign/vec4 v0x5b9b0682f8c0_0, 0;
    %jmp T_1.1;
T_1.0 ;
    %load/vec4 v0x5b9b0682fbb0_0;
    %flag_set/vec4 8;
    %jmp/0xz  T_1.2, 8;
    %load/vec4 v0x5b9b0682f8c0_0;
    %load/vec4 v0x5b9b0682f7e0_0;
    %pad/u 32;
    %add;
    %assign/vec4 v0x5b9b0682f8c0_0, 0;
T_1.2 ;
T_1.1 ;
    %jmp T_1;
    .thread T_1;
    .scope S_0x5b9b0682e9f0;
T_2 ;
    %wait E_0x5b9b0682ebb0;
    %load/vec4 v0x5b9b0682ef10_0;
    %flag_set/vec4 8;
    %jmp/0xz  T_2.0, 8;
    %pushi/vec4 0, 0, 4;
    %assign/vec4 v0x5b9b0682ec30_0, 0;
    %jmp T_2.1;
T_2.0 ;
    %load/vec4 v0x5b9b0682ee10_0;
    %flag_set/vec4 8;
    %jmp/0xz  T_2.2, 8;
    %load/vec4 v0x5b9b0682ec30_0;
    %addi 1, 0, 4;
    %assign/vec4 v0x5b9b0682ec30_0, 0;
T_2.2 ;
T_2.1 ;
    %jmp T_2;
    .thread T_2;
    .scope S_0x5b9b06804ab0;
T_3 ;
    %wait E_0x5b9b067d42d0;
    %load/vec4 v0x5b9b0680efd0_0;
    %load/vec4 v0x5b9b0680f8a0_0;
    %cmp/e;
    %jmp/0xz  T_3.0, 4;
    %pushi/vec4 1, 0, 1;
    %store/vec4 v0x5b9b0680eb90_0, 0, 1;
    %jmp T_3.1;
T_3.0 ;
    %pushi/vec4 0, 0, 1;
    %store/vec4 v0x5b9b0680eb90_0, 0, 1;
T_3.1 ;
    %jmp T_3;
    .thread T_3, $push;
    .scope S_0x5b9b0682d150;
T_4 ;
    %wait E_0x5b9b06810370;
    %load/vec4 v0x5b9b067e1510_0;
    %load/vec4 v0x5b9b067e1220_0;
    %cmp/e;
    %jmp/0xz  T_4.0, 4;
    %pushi/vec4 1, 0, 1;
    %store/vec4 v0x5b9b067de2b0_0, 0, 1;
    %jmp T_4.1;
T_4.0 ;
    %pushi/vec4 0, 0, 1;
    %store/vec4 v0x5b9b067de2b0_0, 0, 1;
T_4.1 ;
    %jmp T_4;
    .thread T_4, $push;
    .scope S_0x5b9b0682d4e0;
T_5 ;
    %wait E_0x5b9b0682df60;
    %load/vec4 v0x5b9b0682e6b0_0;
    %dup/vec4;
    %pushi/vec4 0, 0, 4;
    %cmp/u;
    %jmp/1 T_5.0, 6;
    %dup/vec4;
    %pushi/vec4 1, 0, 4;
    %cmp/u;
    %jmp/1 T_5.1, 6;
    %dup/vec4;
    %pushi/vec4 2, 0, 4;
    %cmp/u;
    %jmp/1 T_5.2, 6;
    %dup/vec4;
    %pushi/vec4 3, 0, 4;
    %cmp/u;
    %jmp/1 T_5.3, 6;
    %dup/vec4;
    %pushi/vec4 4, 0, 4;
    %cmp/u;
    %jmp/1 T_5.4, 6;
    %dup/vec4;
    %pushi/vec4 5, 0, 4;
    %cmp/u;
    %jmp/1 T_5.5, 6;
    %dup/vec4;
    %pushi/vec4 6, 0, 4;
    %cmp/u;
    %jmp/1 T_5.6, 6;
    %dup/vec4;
    %pushi/vec4 7, 0, 4;
    %cmp/u;
    %jmp/1 T_5.7, 6;
    %dup/vec4;
    %pushi/vec4 8, 0, 4;
    %cmp/u;
    %jmp/1 T_5.8, 6;
    %dup/vec4;
    %pushi/vec4 9, 0, 4;
    %cmp/u;
    %jmp/1 T_5.9, 6;
    %dup/vec4;
    %pushi/vec4 10, 0, 4;
    %cmp/u;
    %jmp/1 T_5.10, 6;
    %pushi/vec4 0, 0, 1;
    %store/vec4 v0x5b9b0682e530_0, 0, 1;
    %pushi/vec4 0, 0, 1;
    %store/vec4 v0x5b9b0682e790_0, 0, 1;
    %pushi/vec4 0, 0, 1;
    %store/vec4 v0x5b9b0682e3f0_0, 0, 1;
    %pushi/vec4 0, 0, 1;
    %store/vec4 v0x5b9b0682e260_0, 0, 1;
    %jmp T_5.12;
T_5.0 ;
    %pushi/vec4 0, 0, 1;
    %store/vec4 v0x5b9b0682e530_0, 0, 1;
    %pushi/vec4 0, 0, 1;
    %store/vec4 v0x5b9b0682e790_0, 0, 1;
    %pushi/vec4 0, 0, 1;
    %store/vec4 v0x5b9b0682e3f0_0, 0, 1;
    %pushi/vec4 0, 0, 1;
    %store/vec4 v0x5b9b0682e260_0, 0, 1;
    %jmp T_5.12;
T_5.1 ;
    %pushi/vec4 0, 0, 1;
    %store/vec4 v0x5b9b0682e530_0, 0, 1;
    %pushi/vec4 0, 0, 1;
    %store/vec4 v0x5b9b0682e790_0, 0, 1;
    %pushi/vec4 0, 0, 1;
    %store/vec4 v0x5b9b0682e3f0_0, 0, 1;
    %pushi/vec4 0, 0, 1;
    %store/vec4 v0x5b9b0682e260_0, 0, 1;
    %jmp T_5.12;
T_5.2 ;
    %pushi/vec4 1, 0, 1;
    %store/vec4 v0x5b9b0682e530_0, 0, 1;
    %pushi/vec4 0, 0, 1;
    %store/vec4 v0x5b9b0682e790_0, 0, 1;
    %pushi/vec4 0, 0, 1;
    %store/vec4 v0x5b9b0682e3f0_0, 0, 1;
    %pushi/vec4 0, 0, 1;
    %store/vec4 v0x5b9b0682e260_0, 0, 1;
    %jmp T_5.12;
T_5.3 ;
    %pushi/vec4 0, 0, 1;
    %store/vec4 v0x5b9b0682e530_0, 0, 1;
    %pushi/vec4 0, 0, 1;
    %store/vec4 v0x5b9b0682e790_0, 0, 1;
    %pushi/vec4 0, 0, 1;
    %store/vec4 v0x5b9b0682e3f0_0, 0, 1;
    %pushi/vec4 0, 0, 1;
    %store/vec4 v0x5b9b0682e260_0, 0, 1;
    %jmp T_5.12;
T_5.4 ;
    %pushi/vec4 0, 0, 1;
    %store/vec4 v0x5b9b0682e530_0, 0, 1;
    %pushi/vec4 1, 0, 1;
    %store/vec4 v0x5b9b0682e790_0, 0, 1;
    %pushi/vec4 0, 0, 1;
    %store/vec4 v0x5b9b0682e3f0_0, 0, 1;
    %pushi/vec4 0, 0, 1;
    %store/vec4 v0x5b9b0682e260_0, 0, 1;
    %jmp T_5.12;
T_5.5 ;
    %pushi/vec4 0, 0, 1;
    %store/vec4 v0x5b9b0682e530_0, 0, 1;
    %pushi/vec4 0, 0, 1;
    %store/vec4 v0x5b9b0682e790_0, 0, 1;
    %pushi/vec4 1, 0, 1;
    %store/vec4 v0x5b9b0682e3f0_0, 0, 1;
    %pushi/vec4 0, 0, 1;
    %store/vec4 v0x5b9b0682e260_0, 0, 1;
    %jmp T_5.12;
T_5.6 ;
    %pushi/vec4 0, 0, 1;
    %store/vec4 v0x5b9b0682e530_0, 0, 1;
    %pushi/vec4 0, 0, 1;
    %store/vec4 v0x5b9b0682e790_0, 0, 1;
    %pushi/vec4 0, 0, 1;
    %store/vec4 v0x5b9b0682e3f0_0, 0, 1;
    %pushi/vec4 0, 0, 1;
    %store/vec4 v0x5b9b0682e260_0, 0, 1;
    %jmp T_5.12;
T_5.7 ;
    %pushi/vec4 0, 0, 1;
    %store/vec4 v0x5b9b0682e530_0, 0, 1;
    %pushi/vec4 0, 0, 1;
    %store/vec4 v0x5b9b0682e790_0, 0, 1;
    %pushi/vec4 0, 0, 1;
    %store/vec4 v0x5b9b0682e3f0_0, 0, 1;
    %pushi/vec4 0, 0, 1;
    %store/vec4 v0x5b9b0682e260_0, 0, 1;
    %jmp T_5.12;
T_5.8 ;
    %pushi/vec4 0, 0, 1;
    %store/vec4 v0x5b9b0682e530_0, 0, 1;
    %pushi/vec4 0, 0, 1;
    %store/vec4 v0x5b9b0682e790_0, 0, 1;
    %pushi/vec4 0, 0, 1;
    %store/vec4 v0x5b9b0682e3f0_0, 0, 1;
    %pushi/vec4 0, 0, 1;
    %store/vec4 v0x5b9b0682e260_0, 0, 1;
    %jmp T_5.12;
T_5.9 ;
    %pushi/vec4 0, 0, 1;
    %store/vec4 v0x5b9b0682e530_0, 0, 1;
    %pushi/vec4 0, 0, 1;
    %store/vec4 v0x5b9b0682e790_0, 0, 1;
    %pushi/vec4 0, 0, 1;
    %store/vec4 v0x5b9b0682e3f0_0, 0, 1;
    %pushi/vec4 0, 0, 1;
    %store/vec4 v0x5b9b0682e260_0, 0, 1;
    %jmp T_5.12;
T_5.10 ;
    %pushi/vec4 0, 0, 1;
    %store/vec4 v0x5b9b0682e530_0, 0, 1;
    %pushi/vec4 0, 0, 1;
    %store/vec4 v0x5b9b0682e790_0, 0, 1;
    %pushi/vec4 0, 0, 1;
    %store/vec4 v0x5b9b0682e3f0_0, 0, 1;
    %pushi/vec4 1, 0, 1;
    %store/vec4 v0x5b9b0682e260_0, 0, 1;
    %jmp T_5.12;
T_5.12 ;
    %pop/vec4 1;
    %jmp T_5;
    .thread T_5, $push;
    .scope S_0x5b9b0682d4e0;
T_6 ;
    %wait E_0x5b9b06810480;
    %load/vec4 v0x5b9b0682e5f0_0;
    %flag_set/vec4 8;
    %jmp/0xz  T_6.0, 8;
    %pushi/vec4 0, 0, 4;
    %assign/vec4 v0x5b9b0682e6b0_0, 0;
    %jmp T_6.1;
T_6.0 ;
    %load/vec4 v0x5b9b0682e6b0_0;
    %dup/vec4;
    %pushi/vec4 0, 0, 4;
    %cmp/u;
    %jmp/1 T_6.2, 6;
    %dup/vec4;
    %pushi/vec4 1, 0, 4;
    %cmp/u;
    %jmp/1 T_6.3, 6;
    %dup/vec4;
    %pushi/vec4 2, 0, 4;
    %cmp/u;
    %jmp/1 T_6.4, 6;
    %dup/vec4;
    %pushi/vec4 3, 0, 4;
    %cmp/u;
    %jmp/1 T_6.5, 6;
    %dup/vec4;
    %pushi/vec4 4, 0, 4;
    %cmp/u;
    %jmp/1 T_6.6, 6;
    %dup/vec4;
    %pushi/vec4 5, 0, 4;
    %cmp/u;
    %jmp/1 T_6.7, 6;
    %dup/vec4;
    %pushi/vec4 6, 0, 4;
    %cmp/u;
    %jmp/1 T_6.8, 6;
    %dup/vec4;
    %pushi/vec4 7, 0, 4;
    %cmp/u;
    %jmp/1 T_6.9, 6;
    %dup/vec4;
    %pushi/vec4 8, 0, 4;
    %cmp/u;
    %jmp/1 T_6.10, 6;
    %dup/vec4;
    %pushi/vec4 9, 0, 4;
    %cmp/u;
    %jmp/1 T_6.11, 6;
    %dup/vec4;
    %pushi/vec4 10, 0, 4;
    %cmp/u;
    %jmp/1 T_6.12, 6;
    %pushi/vec4 0, 0, 4;
    %assign/vec4 v0x5b9b0682e6b0_0, 0;
    %jmp T_6.14;
T_6.2 ;
    %pushi/vec4 1, 0, 4;
    %assign/vec4 v0x5b9b0682e6b0_0, 0;
    %jmp T_6.14;
T_6.3 ;
    %load/vec4 v0x5b9b0682e490_0;
    %flag_set/vec4 8;
    %jmp/0xz  T_6.15, 8;
    %pushi/vec4 2, 0, 4;
    %assign/vec4 v0x5b9b0682e6b0_0, 0;
    %jmp T_6.16;
T_6.15 ;
    %pushi/vec4 1, 0, 4;
    %assign/vec4 v0x5b9b0682e6b0_0, 0;
T_6.16 ;
    %jmp T_6.14;
T_6.4 ;
    %pushi/vec4 3, 0, 4;
    %assign/vec4 v0x5b9b0682e6b0_0, 0;
    %jmp T_6.14;
T_6.5 ;
    %load/vec4 v0x5b9b0682dfc0_0;
    %flag_set/vec4 8;
    %jmp/0xz  T_6.17, 8;
    %pushi/vec4 4, 0, 4;
    %assign/vec4 v0x5b9b0682e6b0_0, 0;
    %jmp T_6.18;
T_6.17 ;
    %pushi/vec4 5, 0, 4;
    %assign/vec4 v0x5b9b0682e6b0_0, 0;
T_6.18 ;
    %jmp T_6.14;
T_6.6 ;
    %pushi/vec4 5, 0, 4;
    %assign/vec4 v0x5b9b0682e6b0_0, 0;
    %jmp T_6.14;
T_6.7 ;
    %pushi/vec4 6, 0, 4;
    %assign/vec4 v0x5b9b0682e6b0_0, 0;
    %jmp T_6.14;
T_6.8 ;
    %load/vec4 v0x5b9b0682e300_0;
    %flag_set/vec4 8;
    %jmp/0xz  T_6.19, 8;
    %pushi/vec4 7, 0, 4;
    %assign/vec4 v0x5b9b0682e6b0_0, 0;
    %jmp T_6.20;
T_6.19 ;
    %pushi/vec4 3, 0, 4;
    %assign/vec4 v0x5b9b0682e6b0_0, 0;
T_6.20 ;
    %jmp T_6.14;
T_6.9 ;
    %load/vec4 v0x5b9b0682e160_0;
    %flag_set/vec4 8;
    %jmp/0xz  T_6.21, 8;
    %pushi/vec4 9, 0, 4;
    %assign/vec4 v0x5b9b0682e6b0_0, 0;
    %jmp T_6.22;
T_6.21 ;
    %pushi/vec4 8, 0, 4;
    %assign/vec4 v0x5b9b0682e6b0_0, 0;
T_6.22 ;
    %jmp T_6.14;
T_6.10 ;
    %pushi/vec4 10, 0, 4;
    %assign/vec4 v0x5b9b0682e6b0_0, 0;
    %jmp T_6.14;
T_6.11 ;
    %pushi/vec4 10, 0, 4;
    %assign/vec4 v0x5b9b0682e6b0_0, 0;
    %jmp T_6.14;
T_6.12 ;
    %pushi/vec4 0, 0, 4;
    %assign/vec4 v0x5b9b0682e6b0_0, 0;
    %jmp T_6.14;
T_6.14 ;
    %pop/vec4 1;
T_6.1 ;
    %jmp T_6;
    .thread T_6;
    .scope S_0x5b9b067f13a0;
T_7 ;
    %pushi/vec4 0, 0, 1;
    %store/vec4 v0x5b9b06830b60_0, 0, 1;
    %pushi/vec4 1, 0, 1;
    %store/vec4 v0x5b9b06830ea0_0, 0, 1;
    %pushi/vec4 0, 0, 1;
    %store/vec4 v0x5b9b06830db0_0, 0, 1;
    %pushi/vec4 117, 0, 16;
    %store/vec4 v0x5b9b06830970_0, 0, 16;
    %end;
    .thread T_7;
    .scope S_0x5b9b067f13a0;
T_8 ;
T_8.0 ;
    %wait E_0x5b9b067f0970;
    %wait E_0x5b9b0682ebb0;
    %pushi/vec4 1, 0, 1;
    %store/vec4 v0x5b9b06830ea0_0, 0, 1;
    %wait E_0x5b9b0682ebb0;
    %pushi/vec4 0, 0, 1;
    %store/vec4 v0x5b9b06830ea0_0, 0, 1;
    %event E_0x5b9b067f01a0;
    %jmp T_8.0;
    %end;
    .thread T_8;
    .scope S_0x5b9b067f13a0;
T_9 ;
    %delay 0, 0;
T_9.0 ;
    %pushi/vec4 0, 0, 1;
    %store/vec4 v0x5b9b06830b60_0, 0, 1;
    %delay 10000, 0;
    %pushi/vec4 1, 0, 1;
    %store/vec4 v0x5b9b06830b60_0, 0, 1;
    %delay 10000, 0;
    %jmp T_9.0;
    %end;
    .thread T_9;
    .scope S_0x5b9b067f13a0;
T_10 ;
    %delay 10000, 0;
    %event E_0x5b9b067f0970;
    %wait E_0x5b9b067f01a0;
    %wait E_0x5b9b06810480;
    %pushi/vec4 0, 0, 1;
    %store/vec4 v0x5b9b06830db0_0, 0, 1;
    %wait E_0x5b9b06810480;
    %pushi/vec4 1, 0, 1;
    %store/vec4 v0x5b9b06830db0_0, 0, 1;
    %pushi/vec4 0, 0, 21;
    %store/vec4 v0x5b9b06830ca0_0, 0, 21;
T_10.0 ;
    %load/vec4 v0x5b9b06830ca0_0;
    %pad/u 32;
    %cmpi/u 2, 0, 32;
    %jmp/0xz T_10.1, 5;
    %wait E_0x5b9b06810480;
    %load/vec4 v0x5b9b06830ca0_0;
    %addi 1, 0, 21;
    %store/vec4 v0x5b9b06830ca0_0, 0, 21;
    %jmp T_10.0;
T_10.1 ;
    %pushi/vec4 0, 0, 1;
    %store/vec4 v0x5b9b06830db0_0, 0, 1;
    %pushi/vec4 0, 0, 21;
    %store/vec4 v0x5b9b06830ca0_0, 0, 21;
T_10.2 ;
    %load/vec4 v0x5b9b06830ca0_0;
    %pad/u 32;
    %cmpi/u 17, 0, 32;
    %jmp/0xz T_10.3, 5;
    %wait E_0x5b9b06810480;
    %load/vec4 v0x5b9b06830ca0_0;
    %addi 1, 0, 21;
    %store/vec4 v0x5b9b06830ca0_0, 0, 21;
    %jmp T_10.2;
T_10.3 ;
    %end;
    .thread T_10;
    .scope S_0x5b9b067f13a0;
T_11 ;
    %fork t_1, S_0x5b9b06802880;
    %jmp t_0;
    .scope S_0x5b9b06802880;
t_1 ;
    %vpi_call 2 72 "$dumpfile", "Paridad_TB.vcd" {0 0 0};
    %vpi_call 2 73 "$dumpvars", 32'sb11111111111111111111111111111111, S_0x5b9b06802a10 {0 0 0};
    %delay 100000000, 0;
    %vpi_call 2 74 "$finish" {0 0 0};
    %end;
    .scope S_0x5b9b067f13a0;
t_0 %join;
    %end;
    .thread T_11;
# The file index is used to find the file name in the following table.
:file_names 9;
    "N/A";
    "<interactive>";
    "Paridad_TB.v";
    "Paridad.v";
    "Comp.v";
    "Control_Paridad.v";
    "Increase.v";
    "Multiplex.v";
    "Sum.v";
