#! /usr/bin/vvp
:ivl_version "12.0 (stable)";
:ivl_delay_selection "TYPICAL";
:vpi_time_precision - 12;
:vpi_module "/usr/lib/x86_64-linux-gnu/ivl/system.vpi";
:vpi_module "/usr/lib/x86_64-linux-gnu/ivl/vhdl_sys.vpi";
:vpi_module "/usr/lib/x86_64-linux-gnu/ivl/vhdl_textio.vpi";
:vpi_module "/usr/lib/x86_64-linux-gnu/ivl/v2005_math.vpi";
:vpi_module "/usr/lib/x86_64-linux-gnu/ivl/va_math.vpi";
S_0x591d7d156c70 .scope module, "Ws2812_TB" "Ws2812_TB" 2 3;
 .timescale -9 -12;
v0x591d7d1c8200_0 .var "RGB", 23 0;
v0x591d7d1c8330_0 .var "clk", 0 0;
v0x591d7d1c83f0_0 .net "done", 0 0, v0x591d7d1a3990_0;  1 drivers
v0x591d7d1c84e0_0 .net "dout", 0 0, v0x591d7d1c5500_0;  1 drivers
v0x591d7d1c8580_0 .var "init", 0 0;
v0x591d7d1c86c0_0 .var "rst_cmd", 0 0;
E_0x591d7d155e00 .event posedge, v0x591d7d1a3990_0;
S_0x591d7d156e00 .scope begin, "TEST_CASE" "TEST_CASE" 2 41, 2 41 0, S_0x591d7d156c70;
 .timescale -9 -12;
S_0x591d7d16fca0 .scope module, "uut" "Ws2812" 2 13, 3 1 0, S_0x591d7d156c70;
 .timescale -9 -12;
    .port_info 0 /INPUT 1 "clk";
    .port_info 1 /INPUT 24 "RGB";
    .port_info 2 /INPUT 1 "init";
    .port_info 3 /INPUT 1 "rst_cmd";
    .port_info 4 /OUTPUT 1 "dout";
    .port_info 5 /OUTPUT 1 "done";
v0x591d7d1c76d0_0 .net "RGB", 23 0, v0x591d7d1c8200_0;  1 drivers
v0x591d7d1c77b0_0 .net "clk", 0 0, v0x591d7d1c8330_0;  1 drivers
v0x591d7d1c7850_0 .net "corr", 23 0, v0x591d7d1c3850_0;  1 drivers
v0x591d7d1c78f0_0 .net "dec", 0 0, v0x591d7d198650_0;  1 drivers
v0x591d7d1c79e0_0 .net "done", 0 0, v0x591d7d1a3990_0;  alias, 1 drivers
v0x591d7d1c7ad0_0 .net "done_t", 0 0, v0x591d7d1c5410_0;  1 drivers
v0x591d7d1c7b70_0 .net "dout", 0 0, v0x591d7d1c5500_0;  alias, 1 drivers
v0x591d7d1c7c60_0 .net "init", 0 0, v0x591d7d1c8580_0;  1 drivers
v0x591d7d1c7d00_0 .net "init_t", 0 0, v0x591d7d1c27a0_0;  1 drivers
v0x591d7d1c7e30_0 .net "ld", 0 0, v0x591d7d1c2860_0;  1 drivers
v0x591d7d1c7ed0_0 .net "rst_cmd", 0 0, v0x591d7d1c86c0_0;  1 drivers
v0x591d7d1c7f70_0 .net "sel", 1 0, v0x591d7d1c2aa0_0;  1 drivers
v0x591d7d1c8010_0 .net "sh", 0 0, v0x591d7d1c2b80_0;  1 drivers
v0x591d7d1c80b0_0 .net "z", 15 0, v0x591d7d1c3350_0;  1 drivers
L_0x591d7d1c87b0 .part v0x591d7d1c3850_0, 23, 1;
S_0x591d7d16fe30 .scope module, "u_Control_Ws2812" "Control_Ws2812" 3 22, 4 2 0, S_0x591d7d16fca0;
 .timescale -9 -12;
    .port_info 0 /INPUT 1 "clk";
    .port_info 1 /INPUT 1 "msb";
    .port_info 2 /INPUT 1 "init";
    .port_info 3 /INPUT 1 "rst_cmd";
    .port_info 4 /INPUT 1 "done_t";
    .port_info 5 /INPUT 16 "z";
    .port_info 6 /OUTPUT 1 "sh";
    .port_info 7 /OUTPUT 1 "init_t";
    .port_info 8 /OUTPUT 2 "sel";
    .port_info 9 /OUTPUT 1 "dec";
    .port_info 10 /OUTPUT 1 "ld";
    .port_info 11 /OUTPUT 1 "done";
P_0x591d7d1848f0 .param/l "CASE" 0 4 20, C4<0011>;
P_0x591d7d184930 .param/l "CHECK1" 0 4 18, C4<0001>;
P_0x591d7d184970 .param/l "CHECK2" 0 4 25, C4<1000>;
P_0x591d7d1849b0 .param/l "COUNT" 0 4 24, C4<0111>;
P_0x591d7d1849f0 .param/l "DONE" 0 4 26, C4<1001>;
P_0x591d7d184a30 .param/l "LOAD" 0 4 19, C4<0010>;
P_0x591d7d184a70 .param/l "RES" 0 4 23, C4<0110>;
P_0x591d7d184ab0 .param/l "RGB1" 0 4 21, C4<0100>;
P_0x591d7d184af0 .param/l "RGB2" 0 4 22, C4<0101>;
P_0x591d7d184b30 .param/l "START" 0 4 17, C4<0000>;
v0x591d7d1a6660_0 .net "clk", 0 0, v0x591d7d1c8330_0;  alias, 1 drivers
v0x591d7d198650_0 .var "dec", 0 0;
v0x591d7d1a3990_0 .var "done", 0 0;
v0x591d7d14bc80_0 .net "done_t", 0 0, v0x591d7d1c5410_0;  alias, 1 drivers
v0x591d7d1c2690_0 .net "init", 0 0, v0x591d7d1c8580_0;  alias, 1 drivers
v0x591d7d1c27a0_0 .var "init_t", 0 0;
v0x591d7d1c2860_0 .var "ld", 0 0;
v0x591d7d1c2920_0 .net "msb", 0 0, L_0x591d7d1c87b0;  1 drivers
v0x591d7d1c29e0_0 .net "rst_cmd", 0 0, v0x591d7d1c86c0_0;  alias, 1 drivers
v0x591d7d1c2aa0_0 .var "sel", 1 0;
v0x591d7d1c2b80_0 .var "sh", 0 0;
v0x591d7d1c2c40_0 .var "state", 3 0;
v0x591d7d1c2d20_0 .net "z", 15 0, v0x591d7d1c3350_0;  alias, 1 drivers
E_0x591d7d1565d0 .event posedge, v0x591d7d1a6660_0;
E_0x591d7d13d310 .event anyedge, v0x591d7d1c2c40_0;
S_0x591d7d1c2f80 .scope module, "u_Count" "Count" 3 20, 5 2 0, S_0x591d7d16fca0;
 .timescale -9 -12;
    .port_info 0 /INPUT 1 "clk";
    .port_info 1 /INPUT 1 "ld";
    .port_info 2 /INPUT 1 "dec";
    .port_info 3 /OUTPUT 16 "z";
v0x591d7d1c3150_0 .net "clk", 0 0, v0x591d7d1c8330_0;  alias, 1 drivers
v0x591d7d1c3210_0 .net "dec", 0 0, v0x591d7d198650_0;  alias, 1 drivers
v0x591d7d1c32b0_0 .net "ld", 0 0, v0x591d7d1c2860_0;  alias, 1 drivers
v0x591d7d1c3350_0 .var "z", 15 0;
E_0x591d7d1a7610 .event negedge, v0x591d7d1a6660_0;
S_0x591d7d1c3450 .scope module, "u_Shift" "Shift" 3 18, 6 2 0, S_0x591d7d16fca0;
 .timescale -9 -12;
    .port_info 0 /INPUT 1 "clk";
    .port_info 1 /INPUT 1 "ld";
    .port_info 2 /INPUT 24 "RGB";
    .port_info 3 /INPUT 1 "sh";
    .port_info 4 /OUTPUT 24 "corr";
v0x591d7d1c3660_0 .net "RGB", 23 0, v0x591d7d1c8200_0;  alias, 1 drivers
v0x591d7d1c3740_0 .net "clk", 0 0, v0x591d7d1c8330_0;  alias, 1 drivers
v0x591d7d1c3850_0 .var "corr", 23 0;
v0x591d7d1c38f0_0 .net "ld", 0 0, v0x591d7d1c2860_0;  alias, 1 drivers
v0x591d7d1c39e0_0 .net "sh", 0 0, v0x591d7d1c2b80_0;  alias, 1 drivers
S_0x591d7d1c3b50 .scope module, "u_Timer" "Timer" 3 25, 7 2 0, S_0x591d7d16fca0;
 .timescale -9 -12;
    .port_info 0 /INPUT 1 "init_t";
    .port_info 1 /INPUT 1 "clk";
    .port_info 2 /INPUT 2 "sel";
    .port_info 3 /OUTPUT 1 "dout";
    .port_info 4 /OUTPUT 1 "done_t";
P_0x591d7d1a4640 .param/l "Per" 0 7 17, C4<0000000000011111>;
P_0x591d7d1a4680 .param/l "Res" 0 7 16, C4<0000010011100010>;
P_0x591d7d1a46c0 .param/l "T0h" 0 7 14, C4<0000000000001010>;
P_0x591d7d1a4700 .param/l "T1h" 0 7 15, C4<0000000000010100>;
v0x591d7d1c6b90_0 .net "clk", 0 0, v0x591d7d1c8330_0;  alias, 1 drivers
v0x591d7d1c6c50_0 .net "count_out", 15 0, v0x591d7d1c5f60_0;  1 drivers
v0x591d7d1c6d60_0 .net "done_t", 0 0, v0x591d7d1c5410_0;  alias, 1 drivers
v0x591d7d1c6e50_0 .net "dout", 0 0, v0x591d7d1c5500_0;  alias, 1 drivers
v0x591d7d1c6ef0_0 .net "inc", 0 0, v0x591d7d1c55d0_0;  1 drivers
v0x591d7d1c7030_0 .net "init_t", 0 0, v0x591d7d1c27a0_0;  alias, 1 drivers
v0x591d7d1c7120_0 .net "out", 15 0, v0x591d7d1c68d0_0;  1 drivers
v0x591d7d1c7210_0 .net "rst", 0 0, v0x591d7d1c5760_0;  1 drivers
v0x591d7d1c7300_0 .net "sel", 1 0, v0x591d7d1c2aa0_0;  alias, 1 drivers
v0x591d7d1c7430_0 .net "sel_tim", 1 0, v0x591d7d1c58d0_0;  1 drivers
v0x591d7d1c7540_0 .net "z", 0 0, v0x591d7d1c4380_0;  1 drivers
S_0x591d7d1c3f40 .scope module, "u_Comp" "Comp" 7 29, 8 2 0, S_0x591d7d1c3b50;
 .timescale -9 -12;
    .port_info 0 /INPUT 16 "a";
    .port_info 1 /INPUT 16 "b";
    .port_info 2 /OUTPUT 1 "z";
v0x591d7d1c41a0_0 .net "a", 15 0, v0x591d7d1c68d0_0;  alias, 1 drivers
v0x591d7d1c42a0_0 .net "b", 15 0, v0x591d7d1c5f60_0;  alias, 1 drivers
v0x591d7d1c4380_0 .var "z", 0 0;
E_0x591d7d1a7720 .event anyedge, v0x591d7d1c41a0_0, v0x591d7d1c42a0_0;
S_0x591d7d1c44d0 .scope module, "u_Control_Timer" "Control_Timer" 7 27, 9 2 0, S_0x591d7d1c3b50;
 .timescale -9 -12;
    .port_info 0 /INPUT 1 "clk";
    .port_info 1 /INPUT 1 "z";
    .port_info 2 /INPUT 2 "sel";
    .port_info 3 /INPUT 1 "init_t";
    .port_info 4 /OUTPUT 1 "dout";
    .port_info 5 /OUTPUT 1 "done";
    .port_info 6 /OUTPUT 1 "rst";
    .port_info 7 /OUTPUT 1 "inc";
    .port_info 8 /OUTPUT 2 "sel_tim";
P_0x591d7d1c46b0 .param/l "CHECK1" 0 9 15, C4<0001>;
P_0x591d7d1c46f0 .param/l "CHECK2" 0 9 17, C4<0011>;
P_0x591d7d1c4730 .param/l "CHECK3" 0 9 24, C4<1010>;
P_0x591d7d1c4770 .param/l "CHECK4" 0 9 27, C4<1101>;
P_0x591d7d1c47b0 .param/l "CHECK5" 0 9 28, C4<1110>;
P_0x591d7d1c47f0 .param/l "COUNT1" 0 9 23, C4<1001>;
P_0x591d7d1c4830 .param/l "COUNT2" 0 9 25, C4<1011>;
P_0x591d7d1c4870 .param/l "COUNT3" 0 9 26, C4<1100>;
P_0x591d7d1c48b0 .param/l "DONE" 0 9 29, C4<1111>;
P_0x591d7d1c48f0 .param/l "DOUT1" 0 9 20, C4<0110>;
P_0x591d7d1c4930 .param/l "DOUT2" 0 9 21, C4<0111>;
P_0x591d7d1c4970 .param/l "DOUT3" 0 9 22, C4<1000>;
P_0x591d7d1c49b0 .param/l "INIT" 0 9 16, C4<0010>;
P_0x591d7d1c49f0 .param/l "START" 0 9 14, C4<0000>;
P_0x591d7d1c4a30 .param/l "T0H" 0 9 18, C4<0100>;
P_0x591d7d1c4a70 .param/l "T1H" 0 9 19, C4<0101>;
v0x591d7d1c5350_0 .net "clk", 0 0, v0x591d7d1c8330_0;  alias, 1 drivers
v0x591d7d1c5410_0 .var "done", 0 0;
v0x591d7d1c5500_0 .var "dout", 0 0;
v0x591d7d1c55d0_0 .var "inc", 0 0;
v0x591d7d1c5670_0 .net "init_t", 0 0, v0x591d7d1c27a0_0;  alias, 1 drivers
v0x591d7d1c5760_0 .var "rst", 0 0;
v0x591d7d1c5800_0 .net "sel", 1 0, v0x591d7d1c2aa0_0;  alias, 1 drivers
v0x591d7d1c58d0_0 .var "sel_tim", 1 0;
v0x591d7d1c5990_0 .var "state", 3 0;
v0x591d7d1c5a70_0 .net "z", 0 0, v0x591d7d1c4380_0;  alias, 1 drivers
E_0x591d7d1c52f0 .event anyedge, v0x591d7d1c5990_0;
S_0x591d7d1c5c40 .scope module, "u_Count_out" "Count_out" 7 23, 10 2 0, S_0x591d7d1c3b50;
 .timescale -9 -12;
    .port_info 0 /INPUT 1 "clk";
    .port_info 1 /INPUT 1 "rst";
    .port_info 2 /INPUT 1 "inc";
    .port_info 3 /OUTPUT 16 "count_out";
v0x591d7d1c5e30_0 .net "clk", 0 0, v0x591d7d1c8330_0;  alias, 1 drivers
v0x591d7d1c5f60_0 .var "count_out", 15 0;
v0x591d7d1c6050_0 .net "inc", 0 0, v0x591d7d1c55d0_0;  alias, 1 drivers
v0x591d7d1c6150_0 .net "rst", 0 0, v0x591d7d1c5760_0;  alias, 1 drivers
S_0x591d7d1c6250 .scope module, "u_Multiplex" "Multiplex" 7 25, 11 2 0, S_0x591d7d1c3b50;
 .timescale -9 -12;
    .port_info 0 /INPUT 16 "T0h";
    .port_info 1 /INPUT 16 "T1h";
    .port_info 2 /INPUT 16 "Res";
    .port_info 3 /INPUT 16 "Per";
    .port_info 4 /INPUT 2 "sel_tim";
    .port_info 5 /OUTPUT 16 "out";
L_0x701206ca20f0 .functor BUFT 1, C4<0000000000011111>, C4<0>, C4<0>, C4<0>;
v0x591d7d1c6550_0 .net "Per", 15 0, L_0x701206ca20f0;  1 drivers
L_0x701206ca20a8 .functor BUFT 1, C4<0000010011100010>, C4<0>, C4<0>, C4<0>;
v0x591d7d1c6650_0 .net "Res", 15 0, L_0x701206ca20a8;  1 drivers
L_0x701206ca2018 .functor BUFT 1, C4<0000000000001010>, C4<0>, C4<0>, C4<0>;
v0x591d7d1c6730_0 .net "T0h", 15 0, L_0x701206ca2018;  1 drivers
L_0x701206ca2060 .functor BUFT 1, C4<0000000000010100>, C4<0>, C4<0>, C4<0>;
v0x591d7d1c67f0_0 .net "T1h", 15 0, L_0x701206ca2060;  1 drivers
v0x591d7d1c68d0_0 .var "out", 15 0;
v0x591d7d1c69e0_0 .net "sel_tim", 1 0, v0x591d7d1c58d0_0;  alias, 1 drivers
E_0x591d7d1c64c0/0 .event anyedge, v0x591d7d1c58d0_0, v0x591d7d1c6730_0, v0x591d7d1c67f0_0, v0x591d7d1c6650_0;
E_0x591d7d1c64c0/1 .event anyedge, v0x591d7d1c6550_0;
E_0x591d7d1c64c0 .event/or E_0x591d7d1c64c0/0, E_0x591d7d1c64c0/1;
    .scope S_0x591d7d1c3450;
T_0 ;
    %wait E_0x591d7d1a7610;
    %load/vec4 v0x591d7d1c38f0_0;
    %flag_set/vec4 8;
    %jmp/0xz  T_0.0, 8;
    %load/vec4 v0x591d7d1c3660_0;
    %assign/vec4 v0x591d7d1c3850_0, 0;
    %jmp T_0.1;
T_0.0 ;
    %load/vec4 v0x591d7d1c39e0_0;
    %flag_set/vec4 8;
    %jmp/0xz  T_0.2, 8;
    %load/vec4 v0x591d7d1c3850_0;
    %ix/load 4, 1, 0;
    %flag_set/imm 4, 0;
    %shiftl 4;
    %assign/vec4 v0x591d7d1c3850_0, 0;
T_0.2 ;
T_0.1 ;
    %jmp T_0;
    .thread T_0;
    .scope S_0x591d7d1c2f80;
T_1 ;
    %wait E_0x591d7d1a7610;
    %load/vec4 v0x591d7d1c32b0_0;
    %flag_set/vec4 8;
    %jmp/0xz  T_1.0, 8;
    %pushi/vec4 23, 0, 16;
    %assign/vec4 v0x591d7d1c3350_0, 0;
    %jmp T_1.1;
T_1.0 ;
    %load/vec4 v0x591d7d1c3210_0;
    %flag_set/vec4 8;
    %jmp/0xz  T_1.2, 8;
    %load/vec4 v0x591d7d1c3350_0;
    %subi 1, 0, 16;
    %assign/vec4 v0x591d7d1c3350_0, 0;
T_1.2 ;
T_1.1 ;
    %jmp T_1;
    .thread T_1;
    .scope S_0x591d7d16fe30;
T_2 ;
    %wait E_0x591d7d13d310;
    %load/vec4 v0x591d7d1c2c40_0;
    %dup/vec4;
    %pushi/vec4 0, 0, 4;
    %cmp/u;
    %jmp/1 T_2.0, 6;
    %dup/vec4;
    %pushi/vec4 1, 0, 4;
    %cmp/u;
    %jmp/1 T_2.1, 6;
    %dup/vec4;
    %pushi/vec4 2, 0, 4;
    %cmp/u;
    %jmp/1 T_2.2, 6;
    %dup/vec4;
    %pushi/vec4 3, 0, 4;
    %cmp/u;
    %jmp/1 T_2.3, 6;
    %dup/vec4;
    %pushi/vec4 4, 0, 4;
    %cmp/u;
    %jmp/1 T_2.4, 6;
    %dup/vec4;
    %pushi/vec4 5, 0, 4;
    %cmp/u;
    %jmp/1 T_2.5, 6;
    %dup/vec4;
    %pushi/vec4 6, 0, 4;
    %cmp/u;
    %jmp/1 T_2.6, 6;
    %dup/vec4;
    %pushi/vec4 7, 0, 4;
    %cmp/u;
    %jmp/1 T_2.7, 6;
    %dup/vec4;
    %pushi/vec4 8, 0, 4;
    %cmp/u;
    %jmp/1 T_2.8, 6;
    %dup/vec4;
    %pushi/vec4 9, 0, 4;
    %cmp/u;
    %jmp/1 T_2.9, 6;
    %pushi/vec4 0, 0, 1;
    %store/vec4 v0x591d7d1c2b80_0, 0, 1;
    %pushi/vec4 0, 0, 1;
    %store/vec4 v0x591d7d1c27a0_0, 0, 1;
    %pushi/vec4 0, 0, 2;
    %store/vec4 v0x591d7d1c2aa0_0, 0, 2;
    %pushi/vec4 0, 0, 1;
    %store/vec4 v0x591d7d198650_0, 0, 1;
    %pushi/vec4 0, 0, 1;
    %store/vec4 v0x591d7d1c2860_0, 0, 1;
    %pushi/vec4 0, 0, 1;
    %store/vec4 v0x591d7d1a3990_0, 0, 1;
    %jmp T_2.11;
T_2.0 ;
    %pushi/vec4 0, 0, 1;
    %store/vec4 v0x591d7d1c2b80_0, 0, 1;
    %pushi/vec4 0, 0, 1;
    %store/vec4 v0x591d7d1c27a0_0, 0, 1;
    %pushi/vec4 0, 0, 2;
    %store/vec4 v0x591d7d1c2aa0_0, 0, 2;
    %pushi/vec4 0, 0, 1;
    %store/vec4 v0x591d7d198650_0, 0, 1;
    %pushi/vec4 0, 0, 1;
    %store/vec4 v0x591d7d1c2860_0, 0, 1;
    %pushi/vec4 0, 0, 1;
    %store/vec4 v0x591d7d1a3990_0, 0, 1;
    %jmp T_2.11;
T_2.1 ;
    %pushi/vec4 0, 0, 1;
    %store/vec4 v0x591d7d1c2b80_0, 0, 1;
    %pushi/vec4 0, 0, 1;
    %store/vec4 v0x591d7d1c27a0_0, 0, 1;
    %pushi/vec4 0, 0, 2;
    %store/vec4 v0x591d7d1c2aa0_0, 0, 2;
    %pushi/vec4 0, 0, 1;
    %store/vec4 v0x591d7d198650_0, 0, 1;
    %pushi/vec4 0, 0, 1;
    %store/vec4 v0x591d7d1c2860_0, 0, 1;
    %pushi/vec4 0, 0, 1;
    %store/vec4 v0x591d7d1a3990_0, 0, 1;
    %jmp T_2.11;
T_2.2 ;
    %pushi/vec4 0, 0, 1;
    %store/vec4 v0x591d7d1c2b80_0, 0, 1;
    %pushi/vec4 0, 0, 1;
    %store/vec4 v0x591d7d1c27a0_0, 0, 1;
    %pushi/vec4 0, 0, 2;
    %store/vec4 v0x591d7d1c2aa0_0, 0, 2;
    %pushi/vec4 0, 0, 1;
    %store/vec4 v0x591d7d198650_0, 0, 1;
    %pushi/vec4 1, 0, 1;
    %store/vec4 v0x591d7d1c2860_0, 0, 1;
    %pushi/vec4 0, 0, 1;
    %store/vec4 v0x591d7d1a3990_0, 0, 1;
    %jmp T_2.11;
T_2.3 ;
    %pushi/vec4 0, 0, 1;
    %store/vec4 v0x591d7d1c2b80_0, 0, 1;
    %pushi/vec4 0, 0, 1;
    %store/vec4 v0x591d7d1c27a0_0, 0, 1;
    %pushi/vec4 0, 0, 2;
    %store/vec4 v0x591d7d1c2aa0_0, 0, 2;
    %pushi/vec4 0, 0, 1;
    %store/vec4 v0x591d7d198650_0, 0, 1;
    %pushi/vec4 0, 0, 1;
    %store/vec4 v0x591d7d1c2860_0, 0, 1;
    %pushi/vec4 0, 0, 1;
    %store/vec4 v0x591d7d1a3990_0, 0, 1;
    %jmp T_2.11;
T_2.4 ;
    %pushi/vec4 0, 0, 1;
    %store/vec4 v0x591d7d1c2b80_0, 0, 1;
    %pushi/vec4 1, 0, 1;
    %store/vec4 v0x591d7d1c27a0_0, 0, 1;
    %pushi/vec4 1, 0, 2;
    %store/vec4 v0x591d7d1c2aa0_0, 0, 2;
    %pushi/vec4 0, 0, 1;
    %store/vec4 v0x591d7d198650_0, 0, 1;
    %pushi/vec4 0, 0, 1;
    %store/vec4 v0x591d7d1c2860_0, 0, 1;
    %pushi/vec4 0, 0, 1;
    %store/vec4 v0x591d7d1a3990_0, 0, 1;
    %jmp T_2.11;
T_2.5 ;
    %pushi/vec4 0, 0, 1;
    %store/vec4 v0x591d7d1c2b80_0, 0, 1;
    %pushi/vec4 1, 0, 1;
    %store/vec4 v0x591d7d1c27a0_0, 0, 1;
    %pushi/vec4 0, 0, 2;
    %store/vec4 v0x591d7d1c2aa0_0, 0, 2;
    %pushi/vec4 0, 0, 1;
    %store/vec4 v0x591d7d198650_0, 0, 1;
    %pushi/vec4 0, 0, 1;
    %store/vec4 v0x591d7d1c2860_0, 0, 1;
    %pushi/vec4 0, 0, 1;
    %store/vec4 v0x591d7d1a3990_0, 0, 1;
    %jmp T_2.11;
T_2.6 ;
    %pushi/vec4 0, 0, 1;
    %store/vec4 v0x591d7d1c2b80_0, 0, 1;
    %pushi/vec4 1, 0, 1;
    %store/vec4 v0x591d7d1c27a0_0, 0, 1;
    %pushi/vec4 2, 0, 2;
    %store/vec4 v0x591d7d1c2aa0_0, 0, 2;
    %pushi/vec4 0, 0, 1;
    %store/vec4 v0x591d7d198650_0, 0, 1;
    %pushi/vec4 0, 0, 1;
    %store/vec4 v0x591d7d1c2860_0, 0, 1;
    %pushi/vec4 0, 0, 1;
    %store/vec4 v0x591d7d1a3990_0, 0, 1;
    %jmp T_2.11;
T_2.7 ;
    %pushi/vec4 1, 0, 1;
    %store/vec4 v0x591d7d1c2b80_0, 0, 1;
    %pushi/vec4 0, 0, 1;
    %store/vec4 v0x591d7d1c27a0_0, 0, 1;
    %pushi/vec4 0, 0, 2;
    %store/vec4 v0x591d7d1c2aa0_0, 0, 2;
    %pushi/vec4 1, 0, 1;
    %store/vec4 v0x591d7d198650_0, 0, 1;
    %pushi/vec4 0, 0, 1;
    %store/vec4 v0x591d7d1c2860_0, 0, 1;
    %pushi/vec4 0, 0, 1;
    %store/vec4 v0x591d7d1a3990_0, 0, 1;
    %jmp T_2.11;
T_2.8 ;
    %pushi/vec4 0, 0, 1;
    %store/vec4 v0x591d7d1c2b80_0, 0, 1;
    %pushi/vec4 0, 0, 1;
    %store/vec4 v0x591d7d1c27a0_0, 0, 1;
    %pushi/vec4 0, 0, 2;
    %store/vec4 v0x591d7d1c2aa0_0, 0, 2;
    %pushi/vec4 0, 0, 1;
    %store/vec4 v0x591d7d198650_0, 0, 1;
    %pushi/vec4 0, 0, 1;
    %store/vec4 v0x591d7d1c2860_0, 0, 1;
    %pushi/vec4 0, 0, 1;
    %store/vec4 v0x591d7d1a3990_0, 0, 1;
    %jmp T_2.11;
T_2.9 ;
    %pushi/vec4 0, 0, 1;
    %store/vec4 v0x591d7d1c2b80_0, 0, 1;
    %pushi/vec4 0, 0, 1;
    %store/vec4 v0x591d7d1c27a0_0, 0, 1;
    %pushi/vec4 0, 0, 2;
    %store/vec4 v0x591d7d1c2aa0_0, 0, 2;
    %pushi/vec4 0, 0, 1;
    %store/vec4 v0x591d7d198650_0, 0, 1;
    %pushi/vec4 0, 0, 1;
    %store/vec4 v0x591d7d1c2860_0, 0, 1;
    %pushi/vec4 1, 0, 1;
    %store/vec4 v0x591d7d1a3990_0, 0, 1;
    %jmp T_2.11;
T_2.11 ;
    %pop/vec4 1;
    %jmp T_2;
    .thread T_2, $push;
    .scope S_0x591d7d16fe30;
T_3 ;
    %wait E_0x591d7d1565d0;
    %load/vec4 v0x591d7d1c2c40_0;
    %dup/vec4;
    %pushi/vec4 0, 0, 4;
    %cmp/u;
    %jmp/1 T_3.0, 6;
    %dup/vec4;
    %pushi/vec4 1, 0, 4;
    %cmp/u;
    %jmp/1 T_3.1, 6;
    %dup/vec4;
    %pushi/vec4 2, 0, 4;
    %cmp/u;
    %jmp/1 T_3.2, 6;
    %dup/vec4;
    %pushi/vec4 3, 0, 4;
    %cmp/u;
    %jmp/1 T_3.3, 6;
    %dup/vec4;
    %pushi/vec4 4, 0, 4;
    %cmp/u;
    %jmp/1 T_3.4, 6;
    %dup/vec4;
    %pushi/vec4 5, 0, 4;
    %cmp/u;
    %jmp/1 T_3.5, 6;
    %dup/vec4;
    %pushi/vec4 7, 0, 4;
    %cmp/u;
    %jmp/1 T_3.6, 6;
    %dup/vec4;
    %pushi/vec4 8, 0, 4;
    %cmp/u;
    %jmp/1 T_3.7, 6;
    %dup/vec4;
    %pushi/vec4 6, 0, 4;
    %cmp/u;
    %jmp/1 T_3.8, 6;
    %dup/vec4;
    %pushi/vec4 9, 0, 4;
    %cmp/u;
    %jmp/1 T_3.9, 6;
    %pushi/vec4 0, 0, 4;
    %assign/vec4 v0x591d7d1c2c40_0, 0;
    %jmp T_3.11;
T_3.0 ;
    %pushi/vec4 1, 0, 4;
    %assign/vec4 v0x591d7d1c2c40_0, 0;
    %jmp T_3.11;
T_3.1 ;
    %load/vec4 v0x591d7d1c2690_0;
    %flag_set/vec4 8;
    %jmp/0xz  T_3.12, 8;
    %pushi/vec4 2, 0, 4;
    %assign/vec4 v0x591d7d1c2c40_0, 0;
    %jmp T_3.13;
T_3.12 ;
    %pushi/vec4 1, 0, 4;
    %assign/vec4 v0x591d7d1c2c40_0, 0;
T_3.13 ;
    %jmp T_3.11;
T_3.2 ;
    %pushi/vec4 3, 0, 4;
    %assign/vec4 v0x591d7d1c2c40_0, 0;
    %jmp T_3.11;
T_3.3 ;
    %load/vec4 v0x591d7d1c29e0_0;
    %flag_set/vec4 8;
    %jmp/0xz  T_3.14, 8;
    %pushi/vec4 6, 0, 4;
    %assign/vec4 v0x591d7d1c2c40_0, 0;
    %jmp T_3.15;
T_3.14 ;
    %load/vec4 v0x591d7d1c2920_0;
    %flag_set/vec4 8;
    %jmp/0xz  T_3.16, 8;
    %pushi/vec4 4, 0, 4;
    %assign/vec4 v0x591d7d1c2c40_0, 0;
    %jmp T_3.17;
T_3.16 ;
    %pushi/vec4 5, 0, 4;
    %assign/vec4 v0x591d7d1c2c40_0, 0;
T_3.17 ;
T_3.15 ;
    %jmp T_3.11;
T_3.4 ;
    %pushi/vec4 7, 0, 4;
    %assign/vec4 v0x591d7d1c2c40_0, 0;
    %jmp T_3.11;
T_3.5 ;
    %pushi/vec4 7, 0, 4;
    %assign/vec4 v0x591d7d1c2c40_0, 0;
    %jmp T_3.11;
T_3.6 ;
    %pushi/vec4 8, 0, 4;
    %assign/vec4 v0x591d7d1c2c40_0, 0;
    %jmp T_3.11;
T_3.7 ;
    %load/vec4 v0x591d7d1c2d20_0;
    %pad/u 32;
    %cmpi/e 0, 0, 32;
    %jmp/0xz  T_3.18, 4;
    %pushi/vec4 9, 0, 4;
    %assign/vec4 v0x591d7d1c2c40_0, 0;
    %jmp T_3.19;
T_3.18 ;
    %pushi/vec4 3, 0, 4;
    %assign/vec4 v0x591d7d1c2c40_0, 0;
T_3.19 ;
    %jmp T_3.11;
T_3.8 ;
    %pushi/vec4 9, 0, 4;
    %assign/vec4 v0x591d7d1c2c40_0, 0;
    %jmp T_3.11;
T_3.9 ;
    %pushi/vec4 0, 0, 4;
    %assign/vec4 v0x591d7d1c2c40_0, 0;
    %jmp T_3.11;
T_3.11 ;
    %pop/vec4 1;
    %jmp T_3;
    .thread T_3;
    .scope S_0x591d7d1c5c40;
T_4 ;
    %wait E_0x591d7d1a7610;
    %load/vec4 v0x591d7d1c6150_0;
    %flag_set/vec4 8;
    %jmp/0xz  T_4.0, 8;
    %pushi/vec4 0, 0, 16;
    %assign/vec4 v0x591d7d1c5f60_0, 0;
    %jmp T_4.1;
T_4.0 ;
    %load/vec4 v0x591d7d1c6050_0;
    %flag_set/vec4 8;
    %jmp/0xz  T_4.2, 8;
    %load/vec4 v0x591d7d1c5f60_0;
    %addi 1, 0, 16;
    %assign/vec4 v0x591d7d1c5f60_0, 0;
T_4.2 ;
T_4.1 ;
    %jmp T_4;
    .thread T_4;
    .scope S_0x591d7d1c6250;
T_5 ;
    %wait E_0x591d7d1c64c0;
    %load/vec4 v0x591d7d1c69e0_0;
    %dup/vec4;
    %pushi/vec4 0, 0, 2;
    %cmp/u;
    %jmp/1 T_5.0, 6;
    %dup/vec4;
    %pushi/vec4 1, 0, 2;
    %cmp/u;
    %jmp/1 T_5.1, 6;
    %dup/vec4;
    %pushi/vec4 2, 0, 2;
    %cmp/u;
    %jmp/1 T_5.2, 6;
    %dup/vec4;
    %pushi/vec4 3, 0, 2;
    %cmp/u;
    %jmp/1 T_5.3, 6;
    %load/vec4 v0x591d7d1c6730_0;
    %store/vec4 v0x591d7d1c68d0_0, 0, 16;
    %jmp T_5.5;
T_5.0 ;
    %load/vec4 v0x591d7d1c6730_0;
    %store/vec4 v0x591d7d1c68d0_0, 0, 16;
    %jmp T_5.5;
T_5.1 ;
    %load/vec4 v0x591d7d1c67f0_0;
    %store/vec4 v0x591d7d1c68d0_0, 0, 16;
    %jmp T_5.5;
T_5.2 ;
    %load/vec4 v0x591d7d1c6650_0;
    %store/vec4 v0x591d7d1c68d0_0, 0, 16;
    %jmp T_5.5;
T_5.3 ;
    %load/vec4 v0x591d7d1c6550_0;
    %store/vec4 v0x591d7d1c68d0_0, 0, 16;
    %jmp T_5.5;
T_5.5 ;
    %pop/vec4 1;
    %jmp T_5;
    .thread T_5, $push;
    .scope S_0x591d7d1c44d0;
T_6 ;
    %wait E_0x591d7d1c52f0;
    %load/vec4 v0x591d7d1c5990_0;
    %dup/vec4;
    %pushi/vec4 0, 0, 4;
    %cmp/u;
    %jmp/1 T_6.0, 6;
    %dup/vec4;
    %pushi/vec4 1, 0, 4;
    %cmp/u;
    %jmp/1 T_6.1, 6;
    %dup/vec4;
    %pushi/vec4 2, 0, 4;
    %cmp/u;
    %jmp/1 T_6.2, 6;
    %dup/vec4;
    %pushi/vec4 3, 0, 4;
    %cmp/u;
    %jmp/1 T_6.3, 6;
    %dup/vec4;
    %pushi/vec4 4, 0, 4;
    %cmp/u;
    %jmp/1 T_6.4, 6;
    %dup/vec4;
    %pushi/vec4 5, 0, 4;
    %cmp/u;
    %jmp/1 T_6.5, 6;
    %dup/vec4;
    %pushi/vec4 6, 0, 4;
    %cmp/u;
    %jmp/1 T_6.6, 6;
    %dup/vec4;
    %pushi/vec4 7, 0, 4;
    %cmp/u;
    %jmp/1 T_6.7, 6;
    %dup/vec4;
    %pushi/vec4 8, 0, 4;
    %cmp/u;
    %jmp/1 T_6.8, 6;
    %dup/vec4;
    %pushi/vec4 9, 0, 4;
    %cmp/u;
    %jmp/1 T_6.9, 6;
    %dup/vec4;
    %pushi/vec4 10, 0, 4;
    %cmp/u;
    %jmp/1 T_6.10, 6;
    %dup/vec4;
    %pushi/vec4 11, 0, 4;
    %cmp/u;
    %jmp/1 T_6.11, 6;
    %dup/vec4;
    %pushi/vec4 12, 0, 4;
    %cmp/u;
    %jmp/1 T_6.12, 6;
    %dup/vec4;
    %pushi/vec4 13, 0, 4;
    %cmp/u;
    %jmp/1 T_6.13, 6;
    %dup/vec4;
    %pushi/vec4 14, 0, 4;
    %cmp/u;
    %jmp/1 T_6.14, 6;
    %dup/vec4;
    %pushi/vec4 15, 0, 4;
    %cmp/u;
    %jmp/1 T_6.15, 6;
    %pushi/vec4 0, 0, 1;
    %store/vec4 v0x591d7d1c5500_0, 0, 1;
    %pushi/vec4 0, 0, 1;
    %store/vec4 v0x591d7d1c5410_0, 0, 1;
    %pushi/vec4 0, 0, 1;
    %store/vec4 v0x591d7d1c5760_0, 0, 1;
    %pushi/vec4 0, 0, 1;
    %store/vec4 v0x591d7d1c55d0_0, 0, 1;
    %pushi/vec4 0, 0, 2;
    %store/vec4 v0x591d7d1c58d0_0, 0, 2;
    %jmp T_6.17;
T_6.0 ;
    %pushi/vec4 0, 0, 1;
    %store/vec4 v0x591d7d1c5500_0, 0, 1;
    %pushi/vec4 0, 0, 1;
    %store/vec4 v0x591d7d1c5410_0, 0, 1;
    %pushi/vec4 0, 0, 1;
    %store/vec4 v0x591d7d1c5760_0, 0, 1;
    %pushi/vec4 0, 0, 1;
    %store/vec4 v0x591d7d1c55d0_0, 0, 1;
    %pushi/vec4 0, 0, 2;
    %store/vec4 v0x591d7d1c58d0_0, 0, 2;
    %jmp T_6.17;
T_6.1 ;
    %pushi/vec4 0, 0, 1;
    %store/vec4 v0x591d7d1c5500_0, 0, 1;
    %pushi/vec4 0, 0, 1;
    %store/vec4 v0x591d7d1c5410_0, 0, 1;
    %pushi/vec4 0, 0, 1;
    %store/vec4 v0x591d7d1c5760_0, 0, 1;
    %pushi/vec4 0, 0, 1;
    %store/vec4 v0x591d7d1c55d0_0, 0, 1;
    %pushi/vec4 0, 0, 2;
    %store/vec4 v0x591d7d1c58d0_0, 0, 2;
    %jmp T_6.17;
T_6.2 ;
    %pushi/vec4 0, 0, 1;
    %store/vec4 v0x591d7d1c5500_0, 0, 1;
    %pushi/vec4 0, 0, 1;
    %store/vec4 v0x591d7d1c5410_0, 0, 1;
    %pushi/vec4 1, 0, 1;
    %store/vec4 v0x591d7d1c5760_0, 0, 1;
    %pushi/vec4 0, 0, 1;
    %store/vec4 v0x591d7d1c55d0_0, 0, 1;
    %pushi/vec4 0, 0, 2;
    %store/vec4 v0x591d7d1c58d0_0, 0, 2;
    %jmp T_6.17;
T_6.3 ;
    %pushi/vec4 0, 0, 1;
    %store/vec4 v0x591d7d1c5500_0, 0, 1;
    %pushi/vec4 0, 0, 1;
    %store/vec4 v0x591d7d1c5410_0, 0, 1;
    %pushi/vec4 0, 0, 1;
    %store/vec4 v0x591d7d1c5760_0, 0, 1;
    %pushi/vec4 0, 0, 1;
    %store/vec4 v0x591d7d1c55d0_0, 0, 1;
    %pushi/vec4 0, 0, 2;
    %store/vec4 v0x591d7d1c58d0_0, 0, 2;
    %jmp T_6.17;
T_6.4 ;
    %pushi/vec4 0, 0, 1;
    %store/vec4 v0x591d7d1c5500_0, 0, 1;
    %pushi/vec4 0, 0, 1;
    %store/vec4 v0x591d7d1c5410_0, 0, 1;
    %pushi/vec4 0, 0, 1;
    %store/vec4 v0x591d7d1c5760_0, 0, 1;
    %pushi/vec4 0, 0, 1;
    %store/vec4 v0x591d7d1c55d0_0, 0, 1;
    %pushi/vec4 0, 0, 2;
    %store/vec4 v0x591d7d1c58d0_0, 0, 2;
    %jmp T_6.17;
T_6.5 ;
    %pushi/vec4 0, 0, 1;
    %store/vec4 v0x591d7d1c5500_0, 0, 1;
    %pushi/vec4 0, 0, 1;
    %store/vec4 v0x591d7d1c5410_0, 0, 1;
    %pushi/vec4 0, 0, 1;
    %store/vec4 v0x591d7d1c5760_0, 0, 1;
    %pushi/vec4 0, 0, 1;
    %store/vec4 v0x591d7d1c55d0_0, 0, 1;
    %pushi/vec4 1, 0, 2;
    %store/vec4 v0x591d7d1c58d0_0, 0, 2;
    %jmp T_6.17;
T_6.6 ;
    %pushi/vec4 0, 0, 1;
    %store/vec4 v0x591d7d1c5500_0, 0, 1;
    %pushi/vec4 0, 0, 1;
    %store/vec4 v0x591d7d1c5410_0, 0, 1;
    %pushi/vec4 0, 0, 1;
    %store/vec4 v0x591d7d1c5760_0, 0, 1;
    %pushi/vec4 0, 0, 1;
    %store/vec4 v0x591d7d1c55d0_0, 0, 1;
    %pushi/vec4 2, 0, 2;
    %store/vec4 v0x591d7d1c58d0_0, 0, 2;
    %jmp T_6.17;
T_6.7 ;
    %pushi/vec4 1, 0, 1;
    %store/vec4 v0x591d7d1c5500_0, 0, 1;
    %pushi/vec4 0, 0, 1;
    %store/vec4 v0x591d7d1c5410_0, 0, 1;
    %pushi/vec4 0, 0, 1;
    %store/vec4 v0x591d7d1c5760_0, 0, 1;
    %pushi/vec4 0, 0, 1;
    %store/vec4 v0x591d7d1c55d0_0, 0, 1;
    %pushi/vec4 0, 0, 2;
    %store/vec4 v0x591d7d1c58d0_0, 0, 2;
    %jmp T_6.17;
T_6.8 ;
    %pushi/vec4 0, 0, 1;
    %store/vec4 v0x591d7d1c5500_0, 0, 1;
    %pushi/vec4 0, 0, 1;
    %store/vec4 v0x591d7d1c5410_0, 0, 1;
    %pushi/vec4 0, 0, 1;
    %store/vec4 v0x591d7d1c5760_0, 0, 1;
    %pushi/vec4 0, 0, 1;
    %store/vec4 v0x591d7d1c55d0_0, 0, 1;
    %pushi/vec4 0, 0, 2;
    %store/vec4 v0x591d7d1c58d0_0, 0, 2;
    %jmp T_6.17;
T_6.9 ;
    %pushi/vec4 1, 0, 1;
    %store/vec4 v0x591d7d1c5500_0, 0, 1;
    %pushi/vec4 0, 0, 1;
    %store/vec4 v0x591d7d1c5410_0, 0, 1;
    %pushi/vec4 0, 0, 1;
    %store/vec4 v0x591d7d1c5760_0, 0, 1;
    %pushi/vec4 1, 0, 1;
    %store/vec4 v0x591d7d1c55d0_0, 0, 1;
    %pushi/vec4 0, 0, 2;
    %store/vec4 v0x591d7d1c58d0_0, 0, 2;
    %jmp T_6.17;
T_6.10 ;
    %pushi/vec4 1, 0, 1;
    %store/vec4 v0x591d7d1c5500_0, 0, 1;
    %pushi/vec4 0, 0, 1;
    %store/vec4 v0x591d7d1c5410_0, 0, 1;
    %pushi/vec4 0, 0, 1;
    %store/vec4 v0x591d7d1c5760_0, 0, 1;
    %pushi/vec4 0, 0, 1;
    %store/vec4 v0x591d7d1c55d0_0, 0, 1;
    %pushi/vec4 0, 0, 2;
    %store/vec4 v0x591d7d1c58d0_0, 0, 2;
    %jmp T_6.17;
T_6.11 ;
    %pushi/vec4 0, 0, 1;
    %store/vec4 v0x591d7d1c5500_0, 0, 1;
    %pushi/vec4 0, 0, 1;
    %store/vec4 v0x591d7d1c5410_0, 0, 1;
    %pushi/vec4 0, 0, 1;
    %store/vec4 v0x591d7d1c5760_0, 0, 1;
    %pushi/vec4 1, 0, 1;
    %store/vec4 v0x591d7d1c55d0_0, 0, 1;
    %pushi/vec4 3, 0, 2;
    %store/vec4 v0x591d7d1c58d0_0, 0, 2;
    %jmp T_6.17;
T_6.12 ;
    %pushi/vec4 0, 0, 1;
    %store/vec4 v0x591d7d1c5500_0, 0, 1;
    %pushi/vec4 0, 0, 1;
    %store/vec4 v0x591d7d1c5410_0, 0, 1;
    %pushi/vec4 0, 0, 1;
    %store/vec4 v0x591d7d1c5760_0, 0, 1;
    %pushi/vec4 1, 0, 1;
    %store/vec4 v0x591d7d1c55d0_0, 0, 1;
    %pushi/vec4 2, 0, 2;
    %store/vec4 v0x591d7d1c58d0_0, 0, 2;
    %jmp T_6.17;
T_6.13 ;
    %pushi/vec4 0, 0, 1;
    %store/vec4 v0x591d7d1c5500_0, 0, 1;
    %pushi/vec4 0, 0, 1;
    %store/vec4 v0x591d7d1c5410_0, 0, 1;
    %pushi/vec4 0, 0, 1;
    %store/vec4 v0x591d7d1c5760_0, 0, 1;
    %pushi/vec4 0, 0, 1;
    %store/vec4 v0x591d7d1c55d0_0, 0, 1;
    %pushi/vec4 2, 0, 2;
    %store/vec4 v0x591d7d1c58d0_0, 0, 2;
    %jmp T_6.17;
T_6.14 ;
    %pushi/vec4 0, 0, 1;
    %store/vec4 v0x591d7d1c5500_0, 0, 1;
    %pushi/vec4 0, 0, 1;
    %store/vec4 v0x591d7d1c5410_0, 0, 1;
    %pushi/vec4 0, 0, 1;
    %store/vec4 v0x591d7d1c5760_0, 0, 1;
    %pushi/vec4 0, 0, 1;
    %store/vec4 v0x591d7d1c55d0_0, 0, 1;
    %pushi/vec4 3, 0, 2;
    %store/vec4 v0x591d7d1c58d0_0, 0, 2;
    %jmp T_6.17;
T_6.15 ;
    %pushi/vec4 0, 0, 1;
    %store/vec4 v0x591d7d1c5500_0, 0, 1;
    %pushi/vec4 1, 0, 1;
    %store/vec4 v0x591d7d1c5410_0, 0, 1;
    %pushi/vec4 0, 0, 1;
    %store/vec4 v0x591d7d1c5760_0, 0, 1;
    %pushi/vec4 0, 0, 1;
    %store/vec4 v0x591d7d1c55d0_0, 0, 1;
    %pushi/vec4 0, 0, 2;
    %store/vec4 v0x591d7d1c58d0_0, 0, 2;
    %jmp T_6.17;
T_6.17 ;
    %pop/vec4 1;
    %jmp T_6;
    .thread T_6, $push;
    .scope S_0x591d7d1c44d0;
T_7 ;
    %wait E_0x591d7d1565d0;
    %load/vec4 v0x591d7d1c5990_0;
    %dup/vec4;
    %pushi/vec4 0, 0, 4;
    %cmp/u;
    %jmp/1 T_7.0, 6;
    %dup/vec4;
    %pushi/vec4 1, 0, 4;
    %cmp/u;
    %jmp/1 T_7.1, 6;
    %dup/vec4;
    %pushi/vec4 2, 0, 4;
    %cmp/u;
    %jmp/1 T_7.2, 6;
    %dup/vec4;
    %pushi/vec4 3, 0, 4;
    %cmp/u;
    %jmp/1 T_7.3, 6;
    %dup/vec4;
    %pushi/vec4 4, 0, 4;
    %cmp/u;
    %jmp/1 T_7.4, 6;
    %dup/vec4;
    %pushi/vec4 5, 0, 4;
    %cmp/u;
    %jmp/1 T_7.5, 6;
    %dup/vec4;
    %pushi/vec4 6, 0, 4;
    %cmp/u;
    %jmp/1 T_7.6, 6;
    %dup/vec4;
    %pushi/vec4 7, 0, 4;
    %cmp/u;
    %jmp/1 T_7.7, 6;
    %dup/vec4;
    %pushi/vec4 8, 0, 4;
    %cmp/u;
    %jmp/1 T_7.8, 6;
    %dup/vec4;
    %pushi/vec4 9, 0, 4;
    %cmp/u;
    %jmp/1 T_7.9, 6;
    %dup/vec4;
    %pushi/vec4 10, 0, 4;
    %cmp/u;
    %jmp/1 T_7.10, 6;
    %dup/vec4;
    %pushi/vec4 11, 0, 4;
    %cmp/u;
    %jmp/1 T_7.11, 6;
    %dup/vec4;
    %pushi/vec4 14, 0, 4;
    %cmp/u;
    %jmp/1 T_7.12, 6;
    %dup/vec4;
    %pushi/vec4 12, 0, 4;
    %cmp/u;
    %jmp/1 T_7.13, 6;
    %dup/vec4;
    %pushi/vec4 13, 0, 4;
    %cmp/u;
    %jmp/1 T_7.14, 6;
    %dup/vec4;
    %pushi/vec4 15, 0, 4;
    %cmp/u;
    %jmp/1 T_7.15, 6;
    %pushi/vec4 0, 0, 4;
    %assign/vec4 v0x591d7d1c5990_0, 0;
    %jmp T_7.17;
T_7.0 ;
    %pushi/vec4 1, 0, 4;
    %assign/vec4 v0x591d7d1c5990_0, 0;
    %jmp T_7.17;
T_7.1 ;
    %load/vec4 v0x591d7d1c5670_0;
    %pad/u 32;
    %cmpi/e 1, 0, 32;
    %jmp/0xz  T_7.18, 4;
    %pushi/vec4 2, 0, 4;
    %assign/vec4 v0x591d7d1c5990_0, 0;
    %jmp T_7.19;
T_7.18 ;
    %pushi/vec4 1, 0, 4;
    %assign/vec4 v0x591d7d1c5990_0, 0;
T_7.19 ;
    %jmp T_7.17;
T_7.2 ;
    %pushi/vec4 3, 0, 4;
    %assign/vec4 v0x591d7d1c5990_0, 0;
    %jmp T_7.17;
T_7.3 ;
    %load/vec4 v0x591d7d1c5800_0;
    %dup/vec4;
    %pushi/vec4 0, 0, 2;
    %cmp/u;
    %jmp/1 T_7.20, 6;
    %dup/vec4;
    %pushi/vec4 1, 0, 2;
    %cmp/u;
    %jmp/1 T_7.21, 6;
    %dup/vec4;
    %pushi/vec4 2, 0, 2;
    %cmp/u;
    %jmp/1 T_7.22, 6;
    %pushi/vec4 4, 0, 4;
    %assign/vec4 v0x591d7d1c5990_0, 0;
    %jmp T_7.24;
T_7.20 ;
    %pushi/vec4 4, 0, 4;
    %assign/vec4 v0x591d7d1c5990_0, 0;
    %jmp T_7.24;
T_7.21 ;
    %pushi/vec4 5, 0, 4;
    %assign/vec4 v0x591d7d1c5990_0, 0;
    %jmp T_7.24;
T_7.22 ;
    %pushi/vec4 6, 0, 4;
    %assign/vec4 v0x591d7d1c5990_0, 0;
    %jmp T_7.24;
T_7.24 ;
    %pop/vec4 1;
    %jmp T_7.17;
T_7.4 ;
    %pushi/vec4 7, 0, 4;
    %assign/vec4 v0x591d7d1c5990_0, 0;
    %jmp T_7.17;
T_7.5 ;
    %pushi/vec4 7, 0, 4;
    %assign/vec4 v0x591d7d1c5990_0, 0;
    %jmp T_7.17;
T_7.6 ;
    %pushi/vec4 8, 0, 4;
    %assign/vec4 v0x591d7d1c5990_0, 0;
    %jmp T_7.17;
T_7.7 ;
    %pushi/vec4 9, 0, 4;
    %assign/vec4 v0x591d7d1c5990_0, 0;
    %jmp T_7.17;
T_7.8 ;
    %pushi/vec4 12, 0, 4;
    %assign/vec4 v0x591d7d1c5990_0, 0;
    %jmp T_7.17;
T_7.9 ;
    %pushi/vec4 10, 0, 4;
    %assign/vec4 v0x591d7d1c5990_0, 0;
    %jmp T_7.17;
T_7.10 ;
    %load/vec4 v0x591d7d1c5a70_0;
    %flag_set/vec4 8;
    %jmp/0xz  T_7.25, 8;
    %pushi/vec4 11, 0, 4;
    %assign/vec4 v0x591d7d1c5990_0, 0;
    %jmp T_7.26;
T_7.25 ;
    %pushi/vec4 9, 0, 4;
    %assign/vec4 v0x591d7d1c5990_0, 0;
T_7.26 ;
    %jmp T_7.17;
T_7.11 ;
    %pushi/vec4 14, 0, 4;
    %assign/vec4 v0x591d7d1c5990_0, 0;
    %jmp T_7.17;
T_7.12 ;
    %load/vec4 v0x591d7d1c5a70_0;
    %flag_set/vec4 8;
    %jmp/0xz  T_7.27, 8;
    %pushi/vec4 15, 0, 4;
    %assign/vec4 v0x591d7d1c5990_0, 0;
    %jmp T_7.28;
T_7.27 ;
    %pushi/vec4 11, 0, 4;
    %assign/vec4 v0x591d7d1c5990_0, 0;
T_7.28 ;
    %jmp T_7.17;
T_7.13 ;
    %pushi/vec4 13, 0, 4;
    %assign/vec4 v0x591d7d1c5990_0, 0;
    %jmp T_7.17;
T_7.14 ;
    %load/vec4 v0x591d7d1c5a70_0;
    %flag_set/vec4 8;
    %jmp/0xz  T_7.29, 8;
    %pushi/vec4 15, 0, 4;
    %assign/vec4 v0x591d7d1c5990_0, 0;
    %jmp T_7.30;
T_7.29 ;
    %pushi/vec4 12, 0, 4;
    %assign/vec4 v0x591d7d1c5990_0, 0;
T_7.30 ;
    %jmp T_7.17;
T_7.15 ;
    %pushi/vec4 0, 0, 4;
    %assign/vec4 v0x591d7d1c5990_0, 0;
    %jmp T_7.17;
T_7.17 ;
    %pop/vec4 1;
    %jmp T_7;
    .thread T_7;
    .scope S_0x591d7d1c3f40;
T_8 ;
    %wait E_0x591d7d1a7720;
    %load/vec4 v0x591d7d1c41a0_0;
    %load/vec4 v0x591d7d1c42a0_0;
    %cmp/e;
    %flag_get/vec4 4;
    %store/vec4 v0x591d7d1c4380_0, 0, 1;
    %jmp T_8;
    .thread T_8, $push;
    .scope S_0x591d7d156c70;
T_9 ;
    %delay 10000, 0;
    %load/vec4 v0x591d7d1c8330_0;
    %inv;
    %store/vec4 v0x591d7d1c8330_0, 0, 1;
    %jmp T_9;
    .thread T_9;
    .scope S_0x591d7d156c70;
T_10 ;
    %delay 1000000000, 0;
    %vpi_call 2 19 "$display", "TIMEOUT de seguridad activado." {0 0 0};
    %vpi_call 2 20 "$finish" {0 0 0};
    %end;
    .thread T_10;
    .scope S_0x591d7d156c70;
T_11 ;
    %vpi_call 2 24 "$display", "=== TESTBENCH TOP MODULE WS2812 ===" {0 0 0};
    %pushi/vec4 0, 0, 1;
    %store/vec4 v0x591d7d1c8330_0, 0, 1;
    %pushi/vec4 16711850, 0, 24;
    %store/vec4 v0x591d7d1c8200_0, 0, 24;
    %pushi/vec4 0, 0, 1;
    %store/vec4 v0x591d7d1c8580_0, 0, 1;
    %pushi/vec4 0, 0, 1;
    %store/vec4 v0x591d7d1c86c0_0, 0, 1;
    %delay 50000, 0;
    %vpi_call 2 28 "$display", "Iniciando transmisi\303\263n de color..." {0 0 0};
    %wait E_0x591d7d1a7610;
    %pushi/vec4 1, 0, 1;
    %store/vec4 v0x591d7d1c8580_0, 0, 1;
    %wait E_0x591d7d1a7610;
    %pushi/vec4 0, 0, 1;
    %store/vec4 v0x591d7d1c8580_0, 0, 1;
    %wait E_0x591d7d155e00;
    %vpi_call 2 35 "$display", "Transmisi\303\263n finalizada." {0 0 0};
    %delay 100000, 0;
    %vpi_call 2 38 "$finish" {0 0 0};
    %end;
    .thread T_11;
    .scope S_0x591d7d156c70;
T_12 ;
    %fork t_1, S_0x591d7d156e00;
    %jmp t_0;
    .scope S_0x591d7d156e00;
t_1 ;
    %vpi_call 2 42 "$dumpfile", "Ws2812_TB.vcd" {0 0 0};
    %vpi_call 2 43 "$dumpvars", 32'sb11111111111111111111111111111111, S_0x591d7d16fca0 {0 0 0};
    %end;
    .scope S_0x591d7d156c70;
t_0 %join;
    %end;
    .thread T_12;
# The file index is used to find the file name in the following table.
:file_names 12;
    "N/A";
    "<interactive>";
    "Ws2812_TB.v";
    "Ws2812.v";
    "Control_Ws2812.v";
    "Count.v";
    "Shift.v";
    "Timer.v";
    "Comp.v";
    "Control_Timer.v";
    "Count_out.v";
    "Multiplex.v";
