#! /usr/bin/env bash
exec /home/abprietol/miniconda3/envs/digital/bin/vvp -f "$0" "$@" <<'# EOF'
:ivl_version "13.0 (devel)" "(0_8-6859-gf50cc35d2-dirty)";
:ivl_delay_selection "TYPICAL";
:vpi_time_precision - 12;
:vpi_module "/home/abprietol/miniconda3/envs/digital/lib/ivl/system.vpi";
:vpi_module "/home/abprietol/miniconda3/envs/digital/lib/ivl/vhdl_sys.vpi";
:vpi_module "/home/abprietol/miniconda3/envs/digital/lib/ivl/vhdl_textio.vpi";
:vpi_module "/home/abprietol/miniconda3/envs/digital/lib/ivl/v2005_math.vpi";
:vpi_module "/home/abprietol/miniconda3/envs/digital/lib/ivl/va_math.vpi";
S_0x406ce980 .scope module, "Mult_TB" "Mult_TB" 2 4;
 .timescale -9 -12;
P_0x40680500 .param/real "DUTY_CYCLE" 0 2 17, Cr<m4000000000000000gfc1>; value=0.500000
P_0x40680540 .param/l "OFFSET" 0 2 18, +C4<00000000000000000000000000000000>;
P_0x40680580 .param/l "PERIOD" 0 2 16, +C4<00000000000000000000000000010100>;
v0x40700570_0 .var "A", 15 0;
v0x407006a0_0 .var "B", 15 0;
v0x407007b0_0 .net "S", 31 0, v0x406ff410_0;  1 drivers
v0x407008a0_0 .var "clk", 0 0;
v0x40700940_0 .net "done", 0 0, v0x406dfd80_0;  1 drivers
v0x40700a80_0 .var "i", 20 0;
v0x40700b60_0 .var "init", 0 0;
v0x40700c50_0 .var "rst", 0 0;
E_0x406c74c0 .event "reset_trigger";
E_0x406a3110 .event "reset_done_trigger";
S_0x406cec00 .scope begin, "TEST_CASE" "TEST_CASE" 2 70, 2 70 0, S_0x406ce980;
 .timescale -9 -12;
S_0x406bf420 .scope module, "uut" "Mult" 2 14, 3 2 0, S_0x406ce980;
 .timescale -9 -12;
    .port_info 0 /INPUT 1 "clk";
    .port_info 1 /INPUT 1 "rst";
    .port_info 2 /INPUT 16 "A";
    .port_info 3 /INPUT 16 "B";
    .port_info 4 /INPUT 1 "init";
    .port_info 5 /OUTPUT 32 "S";
    .port_info 6 /OUTPUT 1 "done";
v0x406ff7c0_0 .net "A", 15 0, v0x40700570_0;  1 drivers
v0x406ff8a0_0 .net "B", 15 0, v0x407006a0_0;  1 drivers
v0x406ff970_0 .net "B_corr", 15 0, v0x406fec90_0;  1 drivers
v0x406ffa90_0 .net "Inc", 3 0, v0x406fdfd0_0;  1 drivers
v0x406ffb30_0 .net "S", 31 0, v0x406ff410_0;  alias, 1 drivers
v0x406ffc40_0 .net "a_eq_1", 0 0, v0x406fe6b0_0;  1 drivers
v0x406ffd30_0 .net "clk", 0 0, v0x407008a0_0;  1 drivers
v0x406ffe60_0 .net "done", 0 0, v0x406dfd80_0;  alias, 1 drivers
v0x406fff00_0 .net "i_eq_n", 0 0, v0x406dee90_0;  1 drivers
v0x40700030_0 .net "increase", 0 0, v0x406ad530_0;  1 drivers
v0x407000d0_0 .net "init", 0 0, v0x40700b60_0;  1 drivers
v0x40700170_0 .net "load", 0 0, v0x406fd860_0;  1 drivers
v0x407002a0_0 .net "rst", 0 0, v0x40700c50_0;  1 drivers
v0x40700340_0 .net "shift", 0 0, v0x406fd9e0_0;  1 drivers
v0x407003e0_0 .net "sum", 0 0, v0x406fdb80_0;  1 drivers
S_0x406bf6f0 .scope module, "u_Comp_Eq" "Comp_Eq" 3 35, 4 2 0, S_0x406bf420;
 .timescale -9 -12;
    .port_info 0 /INPUT 4 "i";
    .port_info 1 /OUTPUT 1 "i_eq_n";
v0x406b6190_0 .net "i", 3 0, v0x406fdfd0_0;  alias, 1 drivers
v0x406dee90_0 .var "i_eq_n", 0 0;
E_0x406e0680 .event anyedge, v0x406b6190_0;
S_0x406fccc0 .scope module, "u_Control_Mult" "Control_Mult" 3 38, 5 2 0, S_0x406bf420;
 .timescale -9 -12;
    .port_info 0 /INPUT 1 "clk";
    .port_info 1 /INPUT 1 "rst";
    .port_info 2 /INPUT 1 "a_eq_1";
    .port_info 3 /INPUT 1 "i_eq_n";
    .port_info 4 /INPUT 1 "init";
    .port_info 5 /OUTPUT 1 "done";
    .port_info 6 /OUTPUT 1 "load";
    .port_info 7 /OUTPUT 1 "sum";
    .port_info 8 /OUTPUT 1 "increase";
    .port_info 9 /OUTPUT 1 "shift";
P_0x406fcea0 .param/l "CHECK1" 0 5 16, C4<0001>;
P_0x406fcee0 .param/l "CHECK2" 0 5 18, C4<0011>;
P_0x406fcf20 .param/l "CHECK3" 0 5 21, C4<0110>;
P_0x406fcf60 .param/l "FINISH" 0 5 23, C4<1001>;
P_0x406fcfa0 .param/l "INCREASE" 0 5 20, C4<0101>;
P_0x406fcfe0 .param/l "LOAD" 0 5 17, C4<0010>;
P_0x406fd020 .param/l "SHIFT" 0 5 22, C4<1000>;
P_0x406fd060 .param/l "START" 0 5 15, C4<0000>;
P_0x406fd0a0 .param/l "SUM" 0 5 19, C4<0100>;
v0x406df170_0 .net "a_eq_1", 0 0, v0x406fe6b0_0;  alias, 1 drivers
v0x406df5b0_0 .net "clk", 0 0, v0x407008a0_0;  alias, 1 drivers
v0x406dfd80_0 .var "done", 0 0;
v0x406adeb0_0 .net "i_eq_n", 0 0, v0x406dee90_0;  alias, 1 drivers
v0x406ad530_0 .var "increase", 0 0;
v0x406fd7a0_0 .net "init", 0 0, v0x40700b60_0;  alias, 1 drivers
v0x406fd860_0 .var "load", 0 0;
v0x406fd920_0 .net "rst", 0 0, v0x40700c50_0;  alias, 1 drivers
v0x406fd9e0_0 .var "shift", 0 0;
v0x406fdaa0_0 .var "state", 3 0;
v0x406fdb80_0 .var "sum", 0 0;
E_0x406fd630 .event posedge, v0x406df5b0_0;
E_0x406fd690 .event anyedge, v0x406fdaa0_0;
S_0x406fdde0 .scope module, "u_Increase" "Increase" 3 29, 6 2 0, S_0x406bf420;
 .timescale -9 -12;
    .port_info 0 /INPUT 1 "clk";
    .port_info 1 /INPUT 1 "load";
    .port_info 2 /INPUT 1 "increase";
    .port_info 3 /OUTPUT 4 "Inc";
v0x406fdfd0_0 .var "Inc", 3 0;
v0x406fe0b0_0 .net "clk", 0 0, v0x407008a0_0;  alias, 1 drivers
v0x406fe150_0 .net "increase", 0 0, v0x406ad530_0;  alias, 1 drivers
v0x406fe250_0 .net "load", 0 0, v0x406fd860_0;  alias, 1 drivers
E_0x406fdf70 .event negedge, v0x406df5b0_0;
S_0x406fe350 .scope module, "u_Multiplex" "Multiplex" 3 32, 7 2 0, S_0x406bf420;
 .timescale -9 -12;
    .port_info 0 /INPUT 4 "i";
    .port_info 1 /INPUT 16 "A";
    .port_info 2 /OUTPUT 1 "A_i";
v0x406fe5b0_0 .net "A", 15 0, v0x40700570_0;  alias, 1 drivers
v0x406fe6b0_0 .var "A_i", 0 0;
v0x406fe770_0 .net "i", 3 0, v0x406fdfd0_0;  alias, 1 drivers
E_0x406fe530 .event anyedge, v0x406b6190_0, v0x406fe5b0_0;
S_0x406fe8d0 .scope module, "u_Shift_Left" "Shift_Left" 3 24, 8 2 0, S_0x406bf420;
 .timescale -9 -12;
    .port_info 0 /INPUT 1 "clk";
    .port_info 1 /INPUT 1 "load";
    .port_info 2 /INPUT 16 "B";
    .port_info 3 /INPUT 1 "shift";
    .port_info 4 /OUTPUT 16 "B_corr";
v0x406febb0_0 .net "B", 15 0, v0x407006a0_0;  alias, 1 drivers
v0x406fec90_0 .var "B_corr", 15 0;
v0x406fed70_0 .net "clk", 0 0, v0x407008a0_0;  alias, 1 drivers
v0x406fee60_0 .net "load", 0 0, v0x406fd860_0;  alias, 1 drivers
v0x406fef50_0 .net "shift", 0 0, v0x406fd9e0_0;  alias, 1 drivers
S_0x406ff0a0 .scope module, "u_Sum" "Sum" 3 26, 9 2 0, S_0x406bf420;
 .timescale -9 -12;
    .port_info 0 /INPUT 1 "clk";
    .port_info 1 /INPUT 1 "load";
    .port_info 2 /INPUT 1 "sum";
    .port_info 3 /INPUT 16 "B";
    .port_info 4 /OUTPUT 32 "S";
v0x406ff330_0 .net "B", 15 0, v0x406fec90_0;  alias, 1 drivers
v0x406ff410_0 .var "S", 31 0;
v0x406ff4d0_0 .net "clk", 0 0, v0x407008a0_0;  alias, 1 drivers
v0x406ff5a0_0 .net "load", 0 0, v0x406fd860_0;  alias, 1 drivers
v0x406ff640_0 .net "sum", 0 0, v0x406fdb80_0;  alias, 1 drivers
    .scope S_0x406fe8d0;
T_0 ;
    %wait E_0x406fdf70;
    %load/vec4 v0x406fee60_0;
    %flag_set/vec4 8;
    %jmp/0xz  T_0.0, 8;
    %load/vec4 v0x406febb0_0;
    %assign/vec4 v0x406fec90_0, 0;
    %jmp T_0.1;
T_0.0 ;
    %load/vec4 v0x406fef50_0;
    %flag_set/vec4 8;
    %jmp/0xz  T_0.2, 8;
    %load/vec4 v0x406fec90_0;
    %ix/load 4, 1, 0;
    %flag_set/imm 4, 0;
    %shiftl 4;
    %assign/vec4 v0x406fec90_0, 0;
T_0.2 ;
T_0.1 ;
    %jmp T_0;
    .thread T_0;
    .scope S_0x406ff0a0;
T_1 ;
    %wait E_0x406fdf70;
    %load/vec4 v0x406ff5a0_0;
    %flag_set/vec4 8;
    %jmp/0xz  T_1.0, 8;
    %pushi/vec4 0, 0, 32;
    %assign/vec4 v0x406ff410_0, 0;
    %jmp T_1.1;
T_1.0 ;
    %load/vec4 v0x406ff640_0;
    %flag_set/vec4 8;
    %jmp/0xz  T_1.2, 8;
    %load/vec4 v0x406ff410_0;
    %load/vec4 v0x406ff330_0;
    %pad/u 32;
    %add;
    %assign/vec4 v0x406ff410_0, 0;
T_1.2 ;
T_1.1 ;
    %jmp T_1;
    .thread T_1;
    .scope S_0x406fdde0;
T_2 ;
    %wait E_0x406fdf70;
    %load/vec4 v0x406fe250_0;
    %flag_set/vec4 8;
    %jmp/0xz  T_2.0, 8;
    %pushi/vec4 0, 0, 4;
    %assign/vec4 v0x406fdfd0_0, 0;
    %jmp T_2.1;
T_2.0 ;
    %load/vec4 v0x406fe150_0;
    %flag_set/vec4 8;
    %jmp/0xz  T_2.2, 8;
    %load/vec4 v0x406fdfd0_0;
    %addi 1, 0, 4;
    %assign/vec4 v0x406fdfd0_0, 0;
T_2.2 ;
T_2.1 ;
    %jmp T_2;
    .thread T_2;
    .scope S_0x406fe350;
T_3 ;
    %wait E_0x406fe530;
    %load/vec4 v0x406fe5b0_0;
    %load/vec4 v0x406fe770_0;
    %part/u 1;
    %store/vec4 v0x406fe6b0_0, 0, 1;
    %jmp T_3;
    .thread T_3, $push;
    .scope S_0x406bf6f0;
T_4 ;
    %wait E_0x406e0680;
    %load/vec4 v0x406b6190_0;
    %pad/u 32;
    %cmpi/e 15, 0, 32;
    %jmp/0xz  T_4.0, 4;
    %pushi/vec4 1, 0, 1;
    %store/vec4 v0x406dee90_0, 0, 1;
    %jmp T_4.1;
T_4.0 ;
    %pushi/vec4 0, 0, 1;
    %store/vec4 v0x406dee90_0, 0, 1;
T_4.1 ;
    %jmp T_4;
    .thread T_4, $push;
    .scope S_0x406fccc0;
T_5 ;
    %wait E_0x406fd690;
    %load/vec4 v0x406fdaa0_0;
    %dup/vec4;
    %pushi/vec4 0, 0, 4;
    %cmp/u;
    %jmp/1 T_5.0, 6;
    %dup/vec4;
    %pushi/vec4 1, 0, 4;
    %cmp/u;
    %jmp/1 T_5.1, 6;
    %dup/vec4;
    %pushi/vec4 2, 0, 4;
    %cmp/u;
    %jmp/1 T_5.2, 6;
    %dup/vec4;
    %pushi/vec4 3, 0, 4;
    %cmp/u;
    %jmp/1 T_5.3, 6;
    %dup/vec4;
    %pushi/vec4 4, 0, 4;
    %cmp/u;
    %jmp/1 T_5.4, 6;
    %dup/vec4;
    %pushi/vec4 5, 0, 4;
    %cmp/u;
    %jmp/1 T_5.5, 6;
    %dup/vec4;
    %pushi/vec4 6, 0, 4;
    %cmp/u;
    %jmp/1 T_5.6, 6;
    %dup/vec4;
    %pushi/vec4 8, 0, 4;
    %cmp/u;
    %jmp/1 T_5.7, 6;
    %dup/vec4;
    %pushi/vec4 9, 0, 4;
    %cmp/u;
    %jmp/1 T_5.8, 6;
    %pushi/vec4 0, 0, 1;
    %store/vec4 v0x406fd860_0, 0, 1;
    %pushi/vec4 0, 0, 1;
    %store/vec4 v0x406fdb80_0, 0, 1;
    %pushi/vec4 0, 0, 1;
    %store/vec4 v0x406ad530_0, 0, 1;
    %pushi/vec4 0, 0, 1;
    %store/vec4 v0x406fd9e0_0, 0, 1;
    %pushi/vec4 0, 0, 1;
    %store/vec4 v0x406dfd80_0, 0, 1;
    %jmp T_5.10;
T_5.0 ;
    %pushi/vec4 0, 0, 1;
    %store/vec4 v0x406fd860_0, 0, 1;
    %pushi/vec4 0, 0, 1;
    %store/vec4 v0x406fdb80_0, 0, 1;
    %pushi/vec4 0, 0, 1;
    %store/vec4 v0x406ad530_0, 0, 1;
    %pushi/vec4 0, 0, 1;
    %store/vec4 v0x406fd9e0_0, 0, 1;
    %pushi/vec4 0, 0, 1;
    %store/vec4 v0x406dfd80_0, 0, 1;
    %jmp T_5.10;
T_5.1 ;
    %pushi/vec4 0, 0, 1;
    %store/vec4 v0x406fd860_0, 0, 1;
    %pushi/vec4 0, 0, 1;
    %store/vec4 v0x406fdb80_0, 0, 1;
    %pushi/vec4 0, 0, 1;
    %store/vec4 v0x406ad530_0, 0, 1;
    %pushi/vec4 0, 0, 1;
    %store/vec4 v0x406fd9e0_0, 0, 1;
    %pushi/vec4 0, 0, 1;
    %store/vec4 v0x406dfd80_0, 0, 1;
    %jmp T_5.10;
T_5.2 ;
    %pushi/vec4 1, 0, 1;
    %store/vec4 v0x406fd860_0, 0, 1;
    %pushi/vec4 0, 0, 1;
    %store/vec4 v0x406fdb80_0, 0, 1;
    %pushi/vec4 0, 0, 1;
    %store/vec4 v0x406ad530_0, 0, 1;
    %pushi/vec4 0, 0, 1;
    %store/vec4 v0x406fd9e0_0, 0, 1;
    %pushi/vec4 0, 0, 1;
    %store/vec4 v0x406dfd80_0, 0, 1;
    %jmp T_5.10;
T_5.3 ;
    %pushi/vec4 0, 0, 1;
    %store/vec4 v0x406fd860_0, 0, 1;
    %pushi/vec4 0, 0, 1;
    %store/vec4 v0x406fdb80_0, 0, 1;
    %pushi/vec4 0, 0, 1;
    %store/vec4 v0x406ad530_0, 0, 1;
    %pushi/vec4 0, 0, 1;
    %store/vec4 v0x406fd9e0_0, 0, 1;
    %pushi/vec4 0, 0, 1;
    %store/vec4 v0x406dfd80_0, 0, 1;
    %jmp T_5.10;
T_5.4 ;
    %pushi/vec4 0, 0, 1;
    %store/vec4 v0x406fd860_0, 0, 1;
    %pushi/vec4 1, 0, 1;
    %store/vec4 v0x406fdb80_0, 0, 1;
    %pushi/vec4 0, 0, 1;
    %store/vec4 v0x406ad530_0, 0, 1;
    %pushi/vec4 0, 0, 1;
    %store/vec4 v0x406fd9e0_0, 0, 1;
    %pushi/vec4 0, 0, 1;
    %store/vec4 v0x406dfd80_0, 0, 1;
    %jmp T_5.10;
T_5.5 ;
    %pushi/vec4 0, 0, 1;
    %store/vec4 v0x406fd860_0, 0, 1;
    %pushi/vec4 0, 0, 1;
    %store/vec4 v0x406fdb80_0, 0, 1;
    %pushi/vec4 1, 0, 1;
    %store/vec4 v0x406ad530_0, 0, 1;
    %pushi/vec4 0, 0, 1;
    %store/vec4 v0x406fd9e0_0, 0, 1;
    %pushi/vec4 0, 0, 1;
    %store/vec4 v0x406dfd80_0, 0, 1;
    %jmp T_5.10;
T_5.6 ;
    %pushi/vec4 0, 0, 1;
    %store/vec4 v0x406fd860_0, 0, 1;
    %pushi/vec4 0, 0, 1;
    %store/vec4 v0x406fdb80_0, 0, 1;
    %pushi/vec4 0, 0, 1;
    %store/vec4 v0x406ad530_0, 0, 1;
    %pushi/vec4 0, 0, 1;
    %store/vec4 v0x406fd9e0_0, 0, 1;
    %pushi/vec4 0, 0, 1;
    %store/vec4 v0x406dfd80_0, 0, 1;
    %jmp T_5.10;
T_5.7 ;
    %pushi/vec4 0, 0, 1;
    %store/vec4 v0x406fd860_0, 0, 1;
    %pushi/vec4 0, 0, 1;
    %store/vec4 v0x406fdb80_0, 0, 1;
    %pushi/vec4 0, 0, 1;
    %store/vec4 v0x406ad530_0, 0, 1;
    %pushi/vec4 1, 0, 1;
    %store/vec4 v0x406fd9e0_0, 0, 1;
    %pushi/vec4 0, 0, 1;
    %store/vec4 v0x406dfd80_0, 0, 1;
    %jmp T_5.10;
T_5.8 ;
    %pushi/vec4 0, 0, 1;
    %store/vec4 v0x406fd860_0, 0, 1;
    %pushi/vec4 0, 0, 1;
    %store/vec4 v0x406fdb80_0, 0, 1;
    %pushi/vec4 0, 0, 1;
    %store/vec4 v0x406ad530_0, 0, 1;
    %pushi/vec4 0, 0, 1;
    %store/vec4 v0x406fd9e0_0, 0, 1;
    %pushi/vec4 1, 0, 1;
    %store/vec4 v0x406dfd80_0, 0, 1;
    %jmp T_5.10;
T_5.10 ;
    %pop/vec4 1;
    %jmp T_5;
    .thread T_5, $push;
    .scope S_0x406fccc0;
T_6 ;
    %wait E_0x406fd630;
    %load/vec4 v0x406fd920_0;
    %flag_set/vec4 8;
    %jmp/0xz  T_6.0, 8;
    %pushi/vec4 0, 0, 4;
    %assign/vec4 v0x406fdaa0_0, 0;
    %jmp T_6.1;
T_6.0 ;
    %load/vec4 v0x406fdaa0_0;
    %dup/vec4;
    %pushi/vec4 0, 0, 4;
    %cmp/u;
    %jmp/1 T_6.2, 6;
    %dup/vec4;
    %pushi/vec4 1, 0, 4;
    %cmp/u;
    %jmp/1 T_6.3, 6;
    %dup/vec4;
    %pushi/vec4 2, 0, 4;
    %cmp/u;
    %jmp/1 T_6.4, 6;
    %dup/vec4;
    %pushi/vec4 3, 0, 4;
    %cmp/u;
    %jmp/1 T_6.5, 6;
    %dup/vec4;
    %pushi/vec4 4, 0, 4;
    %cmp/u;
    %jmp/1 T_6.6, 6;
    %dup/vec4;
    %pushi/vec4 5, 0, 4;
    %cmp/u;
    %jmp/1 T_6.7, 6;
    %dup/vec4;
    %pushi/vec4 6, 0, 4;
    %cmp/u;
    %jmp/1 T_6.8, 6;
    %dup/vec4;
    %pushi/vec4 8, 0, 4;
    %cmp/u;
    %jmp/1 T_6.9, 6;
    %dup/vec4;
    %pushi/vec4 9, 0, 4;
    %cmp/u;
    %jmp/1 T_6.10, 6;
    %pushi/vec4 0, 0, 4;
    %assign/vec4 v0x406fdaa0_0, 0;
    %jmp T_6.12;
T_6.2 ;
    %pushi/vec4 1, 0, 4;
    %assign/vec4 v0x406fdaa0_0, 0;
    %jmp T_6.12;
T_6.3 ;
    %load/vec4 v0x406fd7a0_0;
    %flag_set/vec4 8;
    %jmp/0xz  T_6.13, 8;
    %pushi/vec4 2, 0, 4;
    %assign/vec4 v0x406fdaa0_0, 0;
    %jmp T_6.14;
T_6.13 ;
    %pushi/vec4 1, 0, 4;
    %assign/vec4 v0x406fdaa0_0, 0;
T_6.14 ;
    %jmp T_6.12;
T_6.4 ;
    %pushi/vec4 3, 0, 4;
    %assign/vec4 v0x406fdaa0_0, 0;
    %jmp T_6.12;
T_6.5 ;
    %load/vec4 v0x406df170_0;
    %flag_set/vec4 8;
    %jmp/0xz  T_6.15, 8;
    %pushi/vec4 4, 0, 4;
    %assign/vec4 v0x406fdaa0_0, 0;
    %jmp T_6.16;
T_6.15 ;
    %pushi/vec4 5, 0, 4;
    %assign/vec4 v0x406fdaa0_0, 0;
T_6.16 ;
    %jmp T_6.12;
T_6.6 ;
    %pushi/vec4 5, 0, 4;
    %assign/vec4 v0x406fdaa0_0, 0;
    %jmp T_6.12;
T_6.7 ;
    %pushi/vec4 6, 0, 4;
    %assign/vec4 v0x406fdaa0_0, 0;
    %jmp T_6.12;
T_6.8 ;
    %load/vec4 v0x406adeb0_0;
    %flag_set/vec4 8;
    %jmp/0xz  T_6.17, 8;
    %pushi/vec4 9, 0, 4;
    %assign/vec4 v0x406fdaa0_0, 0;
    %jmp T_6.18;
T_6.17 ;
    %pushi/vec4 8, 0, 4;
    %assign/vec4 v0x406fdaa0_0, 0;
T_6.18 ;
    %jmp T_6.12;
T_6.9 ;
    %pushi/vec4 3, 0, 4;
    %assign/vec4 v0x406fdaa0_0, 0;
    %jmp T_6.12;
T_6.10 ;
    %pushi/vec4 0, 0, 4;
    %assign/vec4 v0x406fdaa0_0, 0;
    %jmp T_6.12;
T_6.12 ;
    %pop/vec4 1;
T_6.1 ;
    %jmp T_6;
    .thread T_6;
    .scope S_0x406ce980;
T_7 ;
    %pushi/vec4 0, 0, 1;
    %store/vec4 v0x407008a0_0, 0, 1;
    %pushi/vec4 1, 0, 1;
    %store/vec4 v0x40700c50_0, 0, 1;
    %pushi/vec4 0, 0, 1;
    %store/vec4 v0x40700b60_0, 0, 1;
    %pushi/vec4 8, 0, 16;
    %store/vec4 v0x40700570_0, 0, 16;
    %pushi/vec4 8, 0, 16;
    %store/vec4 v0x407006a0_0, 0, 16;
    %end;
    .thread T_7;
    .scope S_0x406ce980;
T_8 ;
T_8.0 ;
    %wait E_0x406c74c0;
    %wait E_0x406fdf70;
    %pushi/vec4 1, 0, 1;
    %store/vec4 v0x40700c50_0, 0, 1;
    %wait E_0x406fdf70;
    %pushi/vec4 0, 0, 1;
    %store/vec4 v0x40700c50_0, 0, 1;
    %event E_0x406a3110;
    %jmp T_8.0;
T_8.1 ;
    %end;
    .thread T_8;
    .scope S_0x406ce980;
T_9 ;
    %delay 0, 0;
T_9.0 ;
    %pushi/vec4 0, 0, 1;
    %store/vec4 v0x407008a0_0, 0, 1;
    %delay 10000, 0;
    %pushi/vec4 1, 0, 1;
    %store/vec4 v0x407008a0_0, 0, 1;
    %delay 10000, 0;
    %jmp T_9.0;
T_9.1 ;
    %end;
    .thread T_9;
    .scope S_0x406ce980;
T_10 ;
    %delay 10000, 0;
    %event E_0x406c74c0;
    %wait E_0x406a3110;
    %wait E_0x406fd630;
    %pushi/vec4 0, 0, 1;
    %store/vec4 v0x40700b60_0, 0, 1;
    %wait E_0x406fd630;
    %pushi/vec4 1, 0, 1;
    %store/vec4 v0x40700b60_0, 0, 1;
    %pushi/vec4 0, 0, 21;
    %store/vec4 v0x40700a80_0, 0, 21;
T_10.0 ; Top of for-loop 
    %load/vec4 v0x40700a80_0;
    %pad/u 32;
    %cmpi/u 2, 0, 32;
    %jmp/0xz T_10.1, 5;
    %wait E_0x406fd630;
T_10.2 ; for-loop step statement
    %load/vec4 v0x40700a80_0;
    %addi 1, 0, 21;
    %store/vec4 v0x40700a80_0, 0, 21;
    %jmp T_10.0;
T_10.1 ; for-loop exit label
    %pushi/vec4 0, 0, 1;
    %store/vec4 v0x40700b60_0, 0, 1;
    %pushi/vec4 0, 0, 21;
    %store/vec4 v0x40700a80_0, 0, 21;
T_10.3 ; Top of for-loop 
    %load/vec4 v0x40700a80_0;
    %pad/u 32;
    %cmpi/u 17, 0, 32;
    %jmp/0xz T_10.4, 5;
    %wait E_0x406fd630;
T_10.5 ; for-loop step statement
    %load/vec4 v0x40700a80_0;
    %addi 1, 0, 21;
    %store/vec4 v0x40700a80_0, 0, 21;
    %jmp T_10.3;
T_10.4 ; for-loop exit label
    %end;
    .thread T_10;
    .scope S_0x406ce980;
T_11 ;
    %fork t_1, S_0x406cec00;
    %jmp t_0;
    .scope S_0x406cec00;
t_1 ;
    %vpi_call 2 71 "$dumpfile", "Mult_TB.vcd" {0 0 0};
    %vpi_call 2 72 "$dumpvars", 32'sb11111111111111111111111111111111, S_0x406bf420 {0 0 0};
    %delay 100000000, 0;
    %vpi_call 2 73 "$finish" {0 0 0};
    %end;
    .scope S_0x406ce980;
t_0 %join;
    %end;
    .thread T_11;
# The file index is used to find the file name in the following table.
:file_names 10;
    "N/A";
    "<interactive>";
    "Mult_TB.v";
    "Mult.v";
    "Comp_Eq.v";
    "Control_Mult.v";
    "Increase.v";
    "Multiplex.v";
    "Shift_Left.v";
    "Sum.v";
# EOF
