#! /usr/bin/vvp
:ivl_version "12.0 (stable)";
:ivl_delay_selection "TYPICAL";
:vpi_time_precision - 12;
:vpi_module "/usr/lib/x86_64-linux-gnu/ivl/system.vpi";
:vpi_module "/usr/lib/x86_64-linux-gnu/ivl/vhdl_sys.vpi";
:vpi_module "/usr/lib/x86_64-linux-gnu/ivl/vhdl_textio.vpi";
:vpi_module "/usr/lib/x86_64-linux-gnu/ivl/v2005_math.vpi";
:vpi_module "/usr/lib/x86_64-linux-gnu/ivl/va_math.vpi";
S_0x59dfbb3aeab0 .scope module, "RaizCuadrada_TB" "RaizCuadrada_TB" 2 5;
 .timescale -9 -12;
P_0x59dfbb3db000 .param/real "DUTY_CYCLE" 0 2 17, Cr<m4000000000000000gfc1>; value=0.500000
P_0x59dfbb3db040 .param/l "OFFSET" 0 2 18, +C4<00000000000000000000000000000000>;
P_0x59dfbb3db080 .param/l "PERIOD" 0 2 16, +C4<00000000000000000000000000010100>;
v0x59dfbb3fd9a0_0 .var "A", 15 0;
v0x59dfbb3fdad0_0 .net "Rf", 13 0, v0x59dfbb3fc290_0;  1 drivers
v0x59dfbb3fdbe0_0 .var "clk", 0 0;
v0x59dfbb3fdc80_0 .net "done", 0 0, v0x59dfbb3fa6c0_0;  1 drivers
v0x59dfbb3fdd70_0 .var "init", 0 0;
v0x59dfbb3fdeb0_0 .var "rst", 0 0;
S_0x59dfbb3aed30 .scope begin, "TEST_CASE" "TEST_CASE" 2 57, 2 57 0, S_0x59dfbb3aeab0;
 .timescale -9 -12;
S_0x59dfbb3c57f0 .scope module, "uut" "Raiz_Cuadrada" 2 14, 3 2 0, S_0x59dfbb3aeab0;
 .timescale -9 -12;
    .port_info 0 /INPUT 1 "clk";
    .port_info 1 /INPUT 1 "rst";
    .port_info 2 /INPUT 16 "A";
    .port_info 3 /INPUT 1 "init";
    .port_info 4 /OUTPUT 14 "Rf";
    .port_info 5 /OUTPUT 1 "done";
L_0x59dfbb3dc270 .functor OR 1, v0x59dfbb3dc1a0_0, v0x59dfbb3dc390_0, C4<0>, C4<0>;
v0x59dfbb3fc850_0 .net "A", 15 0, v0x59dfbb3fd9a0_0;  1 drivers
v0x59dfbb3fc930_0 .net "Op", 15 0, L_0x59dfbb3fdf50;  1 drivers
v0x59dfbb3fca20_0 .net "RA", 31 0, v0x59dfbb3fba80_0;  1 drivers
v0x59dfbb3fcaf0_0 .net "Rf", 13 0, v0x59dfbb3fc290_0;  alias, 1 drivers
L_0x7ef0d109d018 .functor BUFT 1, C4<01>, C4<0>, C4<0>, C4<0>;
v0x59dfbb3fcbc0_0 .net/2u *"_ivl_0", 1 0, L_0x7ef0d109d018;  1 drivers
L_0x7ef0d109d060 .functor BUFT 1, C4<0000000000>, C4<0>, C4<0>, C4<0>;
v0x59dfbb3fccd0_0 .net *"_ivl_11", 9 0, L_0x7ef0d109d060;  1 drivers
v0x59dfbb3fcdb0_0 .net "assi", 0 0, v0x59dfbb3fa450_0;  1 drivers
v0x59dfbb3fcea0_0 .net "clk", 0 0, v0x59dfbb3fdbe0_0;  1 drivers
v0x59dfbb3fcf40_0 .net "decrease", 0 0, v0x59dfbb3fa5f0_0;  1 drivers
v0x59dfbb3fd070_0 .net "done", 0 0, v0x59dfbb3fa6c0_0;  alias, 1 drivers
v0x59dfbb3fd110_0 .net "i", 5 0, v0x59dfbb3fb3b0_0;  1 drivers
v0x59dfbb3fd1b0_0 .net "i_eq_zero", 0 0, v0x59dfbb3f9670_0;  1 drivers
v0x59dfbb3fd250_0 .net "init", 0 0, v0x59dfbb3fdd70_0;  1 drivers
v0x59dfbb3fd2f0_0 .net "load", 0 0, v0x59dfbb3fa910_0;  1 drivers
v0x59dfbb3fd420_0 .net "resp_eq_op", 0 0, v0x59dfbb3dc1a0_0;  1 drivers
v0x59dfbb3fd4c0_0 .net "resp_more_eq_op", 0 0, L_0x59dfbb3dc270;  1 drivers
v0x59dfbb3fd590_0 .net "resp_more_op", 0 0, v0x59dfbb3dc390_0;  1 drivers
v0x59dfbb3fd660_0 .net "root_bit", 0 0, v0x59dfbb3faa90_0;  1 drivers
v0x59dfbb3fd700_0 .net "rst", 0 0, v0x59dfbb3fdeb0_0;  1 drivers
v0x59dfbb3fd7a0_0 .net "shift", 0 0, v0x59dfbb3fac10_0;  1 drivers
v0x59dfbb3fd890_0 .net "subs", 0 0, v0x59dfbb3fadb0_0;  1 drivers
L_0x59dfbb3fdf50 .concat [ 2 14 0 0], L_0x7ef0d109d018, v0x59dfbb3fc290_0;
L_0x59dfbb3fe010 .part v0x59dfbb3fba80_0, 16, 16;
L_0x59dfbb3fe210 .concat [ 6 10 0 0], v0x59dfbb3fb3b0_0, L_0x7ef0d109d060;
S_0x59dfbb3c5980 .scope module, "u_Comp_1" "Comp" 3 25, 4 3 0, S_0x59dfbb3c57f0;
 .timescale -9 -12;
    .port_info 0 /INPUT 16 "a";
    .port_info 1 /INPUT 16 "b";
    .port_info 2 /OUTPUT 1 "igual";
    .port_info 3 /OUTPUT 1 "mayor";
v0x59dfbb3db980_0 .net "a", 15 0, L_0x59dfbb3fe010;  1 drivers
v0x59dfbb3dbd20_0 .net "b", 15 0, L_0x59dfbb3fdf50;  alias, 1 drivers
v0x59dfbb3dc1a0_0 .var "igual", 0 0;
v0x59dfbb3dc390_0 .var "mayor", 0 0;
E_0x59dfbb3addd0 .event anyedge, v0x59dfbb3db980_0, v0x59dfbb3dbd20_0;
S_0x59dfbb3f93b0 .scope module, "u_Comp_2" "Comp" 3 28, 4 3 0, S_0x59dfbb3c57f0;
 .timescale -9 -12;
    .port_info 0 /INPUT 16 "a";
    .port_info 1 /INPUT 16 "b";
    .port_info 2 /OUTPUT 1 "igual";
    .port_info 3 /OUTPUT 1 "mayor";
v0x59dfbb3a3170_0 .net "a", 15 0, L_0x59dfbb3fe210;  1 drivers
L_0x7ef0d109d0a8 .functor BUFT 1, C4<0000000000000000>, C4<0>, C4<0>, C4<0>;
v0x59dfbb3a3210_0 .net "b", 15 0, L_0x7ef0d109d0a8;  1 drivers
v0x59dfbb3f9670_0 .var "igual", 0 0;
v0x59dfbb3f9740_0 .var "mayor", 0 0;
E_0x59dfbb3ae0a0 .event anyedge, v0x59dfbb3a3170_0, v0x59dfbb3a3210_0;
S_0x59dfbb3f98b0 .scope module, "u_Control_RaizCuadrada" "Control_RaizCuadrada" 3 36, 5 2 0, S_0x59dfbb3c57f0;
 .timescale -9 -12;
    .port_info 0 /INPUT 1 "clk";
    .port_info 1 /INPUT 1 "rst";
    .port_info 2 /INPUT 1 "i_eq_zero";
    .port_info 3 /INPUT 1 "resp_more_eq_op";
    .port_info 4 /INPUT 1 "init";
    .port_info 5 /OUTPUT 1 "load";
    .port_info 6 /OUTPUT 1 "assi";
    .port_info 7 /OUTPUT 1 "root_bit";
    .port_info 8 /OUTPUT 1 "subs";
    .port_info 9 /OUTPUT 1 "decrease";
    .port_info 10 /OUTPUT 1 "shift";
    .port_info 11 /OUTPUT 1 "done";
P_0x59dfbb3f9a90 .param/l "ASSIGN1" 0 5 21, C4<0100>;
P_0x59dfbb3f9ad0 .param/l "ASSIGN2" 0 5 23, C4<0110>;
P_0x59dfbb3f9b10 .param/l "ASSIGN3" 0 5 25, C4<1000>;
P_0x59dfbb3f9b50 .param/l "CHECK1" 0 5 18, C4<0001>;
P_0x59dfbb3f9b90 .param/l "CHECK2" 0 5 22, C4<0101>;
P_0x59dfbb3f9bd0 .param/l "CHECK3" 0 5 27, C4<1010>;
P_0x59dfbb3f9c10 .param/l "DECREASE" 0 5 26, C4<1001>;
P_0x59dfbb3f9c50 .param/l "FINISH" 0 5 28, C4<1011>;
P_0x59dfbb3f9c90 .param/l "LOAD" 0 5 19, C4<0010>;
P_0x59dfbb3f9cd0 .param/l "SHIFT" 0 5 20, C4<0011>;
P_0x59dfbb3f9d10 .param/l "START" 0 5 17, C4<0000>;
P_0x59dfbb3f9d50 .param/l "SUBSTRAC" 0 5 24, C4<0111>;
v0x59dfbb3fa450_0 .var "assi", 0 0;
v0x59dfbb3fa530_0 .net "clk", 0 0, v0x59dfbb3fdbe0_0;  alias, 1 drivers
v0x59dfbb3fa5f0_0 .var "decrease", 0 0;
v0x59dfbb3fa6c0_0 .var "done", 0 0;
v0x59dfbb3fa780_0 .net "i_eq_zero", 0 0, v0x59dfbb3f9670_0;  alias, 1 drivers
v0x59dfbb3fa870_0 .net "init", 0 0, v0x59dfbb3fdd70_0;  alias, 1 drivers
v0x59dfbb3fa910_0 .var "load", 0 0;
v0x59dfbb3fa9d0_0 .net "resp_more_eq_op", 0 0, L_0x59dfbb3dc270;  alias, 1 drivers
v0x59dfbb3faa90_0 .var "root_bit", 0 0;
v0x59dfbb3fab50_0 .net "rst", 0 0, v0x59dfbb3fdeb0_0;  alias, 1 drivers
v0x59dfbb3fac10_0 .var "shift", 0 0;
v0x59dfbb3facd0_0 .var "state", 3 0;
v0x59dfbb3fadb0_0 .var "subs", 0 0;
E_0x59dfbb393290 .event posedge, v0x59dfbb3fa530_0;
E_0x59dfbb3dcc10 .event anyedge, v0x59dfbb3facd0_0;
S_0x59dfbb3faff0 .scope module, "u_Decrease" "Decrease" 3 30, 6 2 0, S_0x59dfbb3c57f0;
 .timescale -9 -12;
    .port_info 0 /INPUT 1 "clk";
    .port_info 1 /INPUT 1 "load";
    .port_info 2 /INPUT 1 "decrease";
    .port_info 3 /OUTPUT 6 "i";
v0x59dfbb3fb1f0_0 .net "clk", 0 0, v0x59dfbb3fdbe0_0;  alias, 1 drivers
v0x59dfbb3fb2e0_0 .net "decrease", 0 0, v0x59dfbb3fa5f0_0;  alias, 1 drivers
v0x59dfbb3fb3b0_0 .var "i", 5 0;
v0x59dfbb3fb480_0 .net "load", 0 0, v0x59dfbb3fa910_0;  alias, 1 drivers
E_0x59dfbb3dcc90 .event negedge, v0x59dfbb3fa530_0;
S_0x59dfbb3fb5c0 .scope module, "u_Reg_RA" "Reg_RA" 3 32, 7 2 0, S_0x59dfbb3c57f0;
 .timescale -9 -12;
    .port_info 0 /INPUT 1 "clk";
    .port_info 1 /INPUT 1 "rst";
    .port_info 2 /INPUT 1 "load";
    .port_info 3 /INPUT 1 "shift";
    .port_info 4 /INPUT 1 "subs";
    .port_info 5 /INPUT 16 "A";
    .port_info 6 /INPUT 16 "Op";
    .port_info 7 /OUTPUT 32 "RA";
v0x59dfbb3fb8c0_0 .net "A", 15 0, v0x59dfbb3fd9a0_0;  alias, 1 drivers
v0x59dfbb3fb9c0_0 .net "Op", 15 0, L_0x59dfbb3fdf50;  alias, 1 drivers
v0x59dfbb3fba80_0 .var "RA", 31 0;
v0x59dfbb3fbb20_0 .net "clk", 0 0, v0x59dfbb3fdbe0_0;  alias, 1 drivers
v0x59dfbb3fbc10_0 .net "load", 0 0, v0x59dfbb3fa910_0;  alias, 1 drivers
v0x59dfbb3fbd50_0 .net "rst", 0 0, v0x59dfbb3fdeb0_0;  alias, 1 drivers
v0x59dfbb3fbdf0_0 .net "shift", 0 0, v0x59dfbb3fac10_0;  alias, 1 drivers
v0x59dfbb3fbe90_0 .net "subs", 0 0, v0x59dfbb3fadb0_0;  alias, 1 drivers
E_0x59dfbb3fb840/0 .event negedge, v0x59dfbb3fa530_0;
E_0x59dfbb3fb840/1 .event posedge, v0x59dfbb3fab50_0;
E_0x59dfbb3fb840 .event/or E_0x59dfbb3fb840/0, E_0x59dfbb3fb840/1;
S_0x59dfbb3fc020 .scope module, "u_Reg_Rf" "Reg_Rf" 3 34, 8 2 0, S_0x59dfbb3c57f0;
 .timescale -9 -12;
    .port_info 0 /INPUT 1 "clk";
    .port_info 1 /INPUT 1 "rst";
    .port_info 2 /INPUT 1 "load";
    .port_info 3 /INPUT 1 "assi";
    .port_info 4 /INPUT 1 "value";
    .port_info 5 /OUTPUT 14 "Rf";
v0x59dfbb3fc290_0 .var "Rf", 13 0;
v0x59dfbb3fc390_0 .net "assi", 0 0, v0x59dfbb3fa450_0;  alias, 1 drivers
v0x59dfbb3fc480_0 .net "clk", 0 0, v0x59dfbb3fdbe0_0;  alias, 1 drivers
v0x59dfbb3fc550_0 .net "load", 0 0, v0x59dfbb3fa910_0;  alias, 1 drivers
v0x59dfbb3fc5f0_0 .net "rst", 0 0, v0x59dfbb3fdeb0_0;  alias, 1 drivers
v0x59dfbb3fc730_0 .net "value", 0 0, v0x59dfbb3faa90_0;  alias, 1 drivers
    .scope S_0x59dfbb3c5980;
T_0 ;
    %wait E_0x59dfbb3addd0;
    %load/vec4 v0x59dfbb3db980_0;
    %load/vec4 v0x59dfbb3dbd20_0;
    %cmp/e;
    %flag_get/vec4 4;
    %store/vec4 v0x59dfbb3dc1a0_0, 0, 1;
    %load/vec4 v0x59dfbb3dbd20_0;
    %load/vec4 v0x59dfbb3db980_0;
    %cmp/u;
    %flag_get/vec4 5;
    %store/vec4 v0x59dfbb3dc390_0, 0, 1;
    %jmp T_0;
    .thread T_0, $push;
    .scope S_0x59dfbb3f93b0;
T_1 ;
    %wait E_0x59dfbb3ae0a0;
    %load/vec4 v0x59dfbb3a3170_0;
    %load/vec4 v0x59dfbb3a3210_0;
    %cmp/e;
    %flag_get/vec4 4;
    %store/vec4 v0x59dfbb3f9670_0, 0, 1;
    %load/vec4 v0x59dfbb3a3210_0;
    %load/vec4 v0x59dfbb3a3170_0;
    %cmp/u;
    %flag_get/vec4 5;
    %store/vec4 v0x59dfbb3f9740_0, 0, 1;
    %jmp T_1;
    .thread T_1, $push;
    .scope S_0x59dfbb3faff0;
T_2 ;
    %wait E_0x59dfbb3dcc90;
    %load/vec4 v0x59dfbb3fb480_0;
    %flag_set/vec4 8;
    %jmp/0xz  T_2.0, 8;
    %pushi/vec4 8, 0, 6;
    %assign/vec4 v0x59dfbb3fb3b0_0, 0;
    %jmp T_2.1;
T_2.0 ;
    %load/vec4 v0x59dfbb3fb2e0_0;
    %flag_set/vec4 8;
    %jmp/0xz  T_2.2, 8;
    %load/vec4 v0x59dfbb3fb3b0_0;
    %subi 1, 0, 6;
    %assign/vec4 v0x59dfbb3fb3b0_0, 0;
T_2.2 ;
T_2.1 ;
    %jmp T_2;
    .thread T_2;
    .scope S_0x59dfbb3fb5c0;
T_3 ;
    %wait E_0x59dfbb3fb840;
    %load/vec4 v0x59dfbb3fbd50_0;
    %flag_set/vec4 8;
    %jmp/0xz  T_3.0, 8;
    %pushi/vec4 0, 0, 32;
    %assign/vec4 v0x59dfbb3fba80_0, 0;
    %jmp T_3.1;
T_3.0 ;
    %load/vec4 v0x59dfbb3fbc10_0;
    %flag_set/vec4 8;
    %jmp/0xz  T_3.2, 8;
    %pushi/vec4 0, 0, 16;
    %load/vec4 v0x59dfbb3fb8c0_0;
    %concat/vec4; draw_concat_vec4
    %assign/vec4 v0x59dfbb3fba80_0, 0;
    %jmp T_3.3;
T_3.2 ;
    %load/vec4 v0x59dfbb3fbdf0_0;
    %flag_set/vec4 8;
    %jmp/0xz  T_3.4, 8;
    %load/vec4 v0x59dfbb3fba80_0;
    %ix/load 4, 2, 0;
    %flag_set/imm 4, 0;
    %shiftl 4;
    %assign/vec4 v0x59dfbb3fba80_0, 0;
    %jmp T_3.5;
T_3.4 ;
    %load/vec4 v0x59dfbb3fbe90_0;
    %flag_set/vec4 8;
    %jmp/0xz  T_3.6, 8;
    %load/vec4 v0x59dfbb3fba80_0;
    %parti/s 16, 16, 6;
    %load/vec4 v0x59dfbb3fb9c0_0;
    %sub;
    %ix/load 4, 16, 0;
    %ix/load 5, 0, 0;
    %flag_set/imm 4, 0;
    %assign/vec4/off/d v0x59dfbb3fba80_0, 4, 5;
T_3.6 ;
T_3.5 ;
T_3.3 ;
T_3.1 ;
    %jmp T_3;
    .thread T_3;
    .scope S_0x59dfbb3fc020;
T_4 ;
    %wait E_0x59dfbb3fb840;
    %load/vec4 v0x59dfbb3fc5f0_0;
    %flag_set/vec4 8;
    %jmp/0xz  T_4.0, 8;
    %pushi/vec4 0, 0, 14;
    %assign/vec4 v0x59dfbb3fc290_0, 0;
    %jmp T_4.1;
T_4.0 ;
    %load/vec4 v0x59dfbb3fc550_0;
    %flag_set/vec4 8;
    %jmp/0xz  T_4.2, 8;
    %pushi/vec4 0, 0, 14;
    %assign/vec4 v0x59dfbb3fc290_0, 0;
    %jmp T_4.3;
T_4.2 ;
    %load/vec4 v0x59dfbb3fc390_0;
    %flag_set/vec4 8;
    %jmp/0xz  T_4.4, 8;
    %load/vec4 v0x59dfbb3fc290_0;
    %parti/s 13, 0, 2;
    %load/vec4 v0x59dfbb3fc730_0;
    %concat/vec4; draw_concat_vec4
    %assign/vec4 v0x59dfbb3fc290_0, 0;
T_4.4 ;
T_4.3 ;
T_4.1 ;
    %jmp T_4;
    .thread T_4;
    .scope S_0x59dfbb3f98b0;
T_5 ;
    %wait E_0x59dfbb3dcc10;
    %load/vec4 v0x59dfbb3facd0_0;
    %dup/vec4;
    %pushi/vec4 0, 0, 4;
    %cmp/u;
    %jmp/1 T_5.0, 6;
    %dup/vec4;
    %pushi/vec4 1, 0, 4;
    %cmp/u;
    %jmp/1 T_5.1, 6;
    %dup/vec4;
    %pushi/vec4 2, 0, 4;
    %cmp/u;
    %jmp/1 T_5.2, 6;
    %dup/vec4;
    %pushi/vec4 3, 0, 4;
    %cmp/u;
    %jmp/1 T_5.3, 6;
    %dup/vec4;
    %pushi/vec4 4, 0, 4;
    %cmp/u;
    %jmp/1 T_5.4, 6;
    %dup/vec4;
    %pushi/vec4 5, 0, 4;
    %cmp/u;
    %jmp/1 T_5.5, 6;
    %dup/vec4;
    %pushi/vec4 6, 0, 4;
    %cmp/u;
    %jmp/1 T_5.6, 6;
    %dup/vec4;
    %pushi/vec4 7, 0, 4;
    %cmp/u;
    %jmp/1 T_5.7, 6;
    %dup/vec4;
    %pushi/vec4 8, 0, 4;
    %cmp/u;
    %jmp/1 T_5.8, 6;
    %dup/vec4;
    %pushi/vec4 9, 0, 4;
    %cmp/u;
    %jmp/1 T_5.9, 6;
    %dup/vec4;
    %pushi/vec4 10, 0, 4;
    %cmp/u;
    %jmp/1 T_5.10, 6;
    %dup/vec4;
    %pushi/vec4 11, 0, 4;
    %cmp/u;
    %jmp/1 T_5.11, 6;
    %pushi/vec4 0, 0, 1;
    %store/vec4 v0x59dfbb3fa910_0, 0, 1;
    %pushi/vec4 0, 0, 1;
    %store/vec4 v0x59dfbb3fa450_0, 0, 1;
    %pushi/vec4 0, 0, 1;
    %store/vec4 v0x59dfbb3faa90_0, 0, 1;
    %pushi/vec4 0, 0, 1;
    %store/vec4 v0x59dfbb3fadb0_0, 0, 1;
    %pushi/vec4 0, 0, 1;
    %store/vec4 v0x59dfbb3fa5f0_0, 0, 1;
    %pushi/vec4 0, 0, 1;
    %store/vec4 v0x59dfbb3fac10_0, 0, 1;
    %pushi/vec4 0, 0, 1;
    %store/vec4 v0x59dfbb3fa6c0_0, 0, 1;
    %jmp T_5.13;
T_5.0 ;
    %pushi/vec4 0, 0, 1;
    %store/vec4 v0x59dfbb3fa910_0, 0, 1;
    %pushi/vec4 0, 0, 1;
    %store/vec4 v0x59dfbb3fa450_0, 0, 1;
    %pushi/vec4 0, 0, 1;
    %store/vec4 v0x59dfbb3faa90_0, 0, 1;
    %pushi/vec4 0, 0, 1;
    %store/vec4 v0x59dfbb3fadb0_0, 0, 1;
    %pushi/vec4 0, 0, 1;
    %store/vec4 v0x59dfbb3fa5f0_0, 0, 1;
    %pushi/vec4 0, 0, 1;
    %store/vec4 v0x59dfbb3fac10_0, 0, 1;
    %pushi/vec4 0, 0, 1;
    %store/vec4 v0x59dfbb3fa6c0_0, 0, 1;
    %jmp T_5.13;
T_5.1 ;
    %pushi/vec4 0, 0, 1;
    %store/vec4 v0x59dfbb3fa910_0, 0, 1;
    %pushi/vec4 0, 0, 1;
    %store/vec4 v0x59dfbb3fa450_0, 0, 1;
    %pushi/vec4 0, 0, 1;
    %store/vec4 v0x59dfbb3faa90_0, 0, 1;
    %pushi/vec4 0, 0, 1;
    %store/vec4 v0x59dfbb3fadb0_0, 0, 1;
    %pushi/vec4 0, 0, 1;
    %store/vec4 v0x59dfbb3fa5f0_0, 0, 1;
    %pushi/vec4 0, 0, 1;
    %store/vec4 v0x59dfbb3fac10_0, 0, 1;
    %pushi/vec4 0, 0, 1;
    %store/vec4 v0x59dfbb3fa6c0_0, 0, 1;
    %jmp T_5.13;
T_5.2 ;
    %pushi/vec4 1, 0, 1;
    %store/vec4 v0x59dfbb3fa910_0, 0, 1;
    %pushi/vec4 0, 0, 1;
    %store/vec4 v0x59dfbb3fa450_0, 0, 1;
    %pushi/vec4 0, 0, 1;
    %store/vec4 v0x59dfbb3faa90_0, 0, 1;
    %pushi/vec4 0, 0, 1;
    %store/vec4 v0x59dfbb3fadb0_0, 0, 1;
    %pushi/vec4 0, 0, 1;
    %store/vec4 v0x59dfbb3fa5f0_0, 0, 1;
    %pushi/vec4 0, 0, 1;
    %store/vec4 v0x59dfbb3fac10_0, 0, 1;
    %pushi/vec4 0, 0, 1;
    %store/vec4 v0x59dfbb3fa6c0_0, 0, 1;
    %jmp T_5.13;
T_5.3 ;
    %pushi/vec4 0, 0, 1;
    %store/vec4 v0x59dfbb3fa910_0, 0, 1;
    %pushi/vec4 0, 0, 1;
    %store/vec4 v0x59dfbb3fa450_0, 0, 1;
    %pushi/vec4 0, 0, 1;
    %store/vec4 v0x59dfbb3faa90_0, 0, 1;
    %pushi/vec4 0, 0, 1;
    %store/vec4 v0x59dfbb3fadb0_0, 0, 1;
    %pushi/vec4 0, 0, 1;
    %store/vec4 v0x59dfbb3fa5f0_0, 0, 1;
    %pushi/vec4 1, 0, 1;
    %store/vec4 v0x59dfbb3fac10_0, 0, 1;
    %pushi/vec4 0, 0, 1;
    %store/vec4 v0x59dfbb3fa6c0_0, 0, 1;
    %jmp T_5.13;
T_5.4 ;
    %pushi/vec4 0, 0, 1;
    %store/vec4 v0x59dfbb3fa910_0, 0, 1;
    %pushi/vec4 0, 0, 1;
    %store/vec4 v0x59dfbb3fa450_0, 0, 1;
    %pushi/vec4 0, 0, 1;
    %store/vec4 v0x59dfbb3faa90_0, 0, 1;
    %pushi/vec4 0, 0, 1;
    %store/vec4 v0x59dfbb3fadb0_0, 0, 1;
    %pushi/vec4 0, 0, 1;
    %store/vec4 v0x59dfbb3fa5f0_0, 0, 1;
    %pushi/vec4 0, 0, 1;
    %store/vec4 v0x59dfbb3fac10_0, 0, 1;
    %pushi/vec4 0, 0, 1;
    %store/vec4 v0x59dfbb3fa6c0_0, 0, 1;
    %jmp T_5.13;
T_5.5 ;
    %pushi/vec4 0, 0, 1;
    %store/vec4 v0x59dfbb3fa910_0, 0, 1;
    %pushi/vec4 0, 0, 1;
    %store/vec4 v0x59dfbb3fa450_0, 0, 1;
    %pushi/vec4 0, 0, 1;
    %store/vec4 v0x59dfbb3faa90_0, 0, 1;
    %pushi/vec4 0, 0, 1;
    %store/vec4 v0x59dfbb3fadb0_0, 0, 1;
    %pushi/vec4 0, 0, 1;
    %store/vec4 v0x59dfbb3fa5f0_0, 0, 1;
    %pushi/vec4 0, 0, 1;
    %store/vec4 v0x59dfbb3fac10_0, 0, 1;
    %pushi/vec4 0, 0, 1;
    %store/vec4 v0x59dfbb3fa6c0_0, 0, 1;
    %jmp T_5.13;
T_5.6 ;
    %pushi/vec4 0, 0, 1;
    %store/vec4 v0x59dfbb3fa910_0, 0, 1;
    %pushi/vec4 1, 0, 1;
    %store/vec4 v0x59dfbb3fa450_0, 0, 1;
    %pushi/vec4 0, 0, 1;
    %store/vec4 v0x59dfbb3faa90_0, 0, 1;
    %pushi/vec4 0, 0, 1;
    %store/vec4 v0x59dfbb3fadb0_0, 0, 1;
    %pushi/vec4 0, 0, 1;
    %store/vec4 v0x59dfbb3fa5f0_0, 0, 1;
    %pushi/vec4 0, 0, 1;
    %store/vec4 v0x59dfbb3fac10_0, 0, 1;
    %pushi/vec4 0, 0, 1;
    %store/vec4 v0x59dfbb3fa6c0_0, 0, 1;
    %jmp T_5.13;
T_5.7 ;
    %pushi/vec4 0, 0, 1;
    %store/vec4 v0x59dfbb3fa910_0, 0, 1;
    %pushi/vec4 0, 0, 1;
    %store/vec4 v0x59dfbb3fa450_0, 0, 1;
    %pushi/vec4 0, 0, 1;
    %store/vec4 v0x59dfbb3faa90_0, 0, 1;
    %pushi/vec4 1, 0, 1;
    %store/vec4 v0x59dfbb3fadb0_0, 0, 1;
    %pushi/vec4 0, 0, 1;
    %store/vec4 v0x59dfbb3fa5f0_0, 0, 1;
    %pushi/vec4 0, 0, 1;
    %store/vec4 v0x59dfbb3fac10_0, 0, 1;
    %pushi/vec4 0, 0, 1;
    %store/vec4 v0x59dfbb3fa6c0_0, 0, 1;
    %jmp T_5.13;
T_5.8 ;
    %pushi/vec4 0, 0, 1;
    %store/vec4 v0x59dfbb3fa910_0, 0, 1;
    %pushi/vec4 1, 0, 1;
    %store/vec4 v0x59dfbb3fa450_0, 0, 1;
    %pushi/vec4 1, 0, 1;
    %store/vec4 v0x59dfbb3faa90_0, 0, 1;
    %pushi/vec4 0, 0, 1;
    %store/vec4 v0x59dfbb3fadb0_0, 0, 1;
    %pushi/vec4 0, 0, 1;
    %store/vec4 v0x59dfbb3fa5f0_0, 0, 1;
    %pushi/vec4 0, 0, 1;
    %store/vec4 v0x59dfbb3fac10_0, 0, 1;
    %pushi/vec4 0, 0, 1;
    %store/vec4 v0x59dfbb3fa6c0_0, 0, 1;
    %jmp T_5.13;
T_5.9 ;
    %pushi/vec4 0, 0, 1;
    %store/vec4 v0x59dfbb3fa910_0, 0, 1;
    %pushi/vec4 0, 0, 1;
    %store/vec4 v0x59dfbb3fa450_0, 0, 1;
    %pushi/vec4 0, 0, 1;
    %store/vec4 v0x59dfbb3faa90_0, 0, 1;
    %pushi/vec4 0, 0, 1;
    %store/vec4 v0x59dfbb3fadb0_0, 0, 1;
    %pushi/vec4 1, 0, 1;
    %store/vec4 v0x59dfbb3fa5f0_0, 0, 1;
    %pushi/vec4 0, 0, 1;
    %store/vec4 v0x59dfbb3fac10_0, 0, 1;
    %pushi/vec4 0, 0, 1;
    %store/vec4 v0x59dfbb3fa6c0_0, 0, 1;
    %jmp T_5.13;
T_5.10 ;
    %pushi/vec4 0, 0, 1;
    %store/vec4 v0x59dfbb3fa910_0, 0, 1;
    %pushi/vec4 0, 0, 1;
    %store/vec4 v0x59dfbb3fa450_0, 0, 1;
    %pushi/vec4 0, 0, 1;
    %store/vec4 v0x59dfbb3faa90_0, 0, 1;
    %pushi/vec4 0, 0, 1;
    %store/vec4 v0x59dfbb3fadb0_0, 0, 1;
    %pushi/vec4 0, 0, 1;
    %store/vec4 v0x59dfbb3fa5f0_0, 0, 1;
    %pushi/vec4 0, 0, 1;
    %store/vec4 v0x59dfbb3fac10_0, 0, 1;
    %pushi/vec4 0, 0, 1;
    %store/vec4 v0x59dfbb3fa6c0_0, 0, 1;
    %jmp T_5.13;
T_5.11 ;
    %pushi/vec4 0, 0, 1;
    %store/vec4 v0x59dfbb3fa910_0, 0, 1;
    %pushi/vec4 0, 0, 1;
    %store/vec4 v0x59dfbb3fa450_0, 0, 1;
    %pushi/vec4 0, 0, 1;
    %store/vec4 v0x59dfbb3faa90_0, 0, 1;
    %pushi/vec4 0, 0, 1;
    %store/vec4 v0x59dfbb3fadb0_0, 0, 1;
    %pushi/vec4 0, 0, 1;
    %store/vec4 v0x59dfbb3fa5f0_0, 0, 1;
    %pushi/vec4 0, 0, 1;
    %store/vec4 v0x59dfbb3fac10_0, 0, 1;
    %pushi/vec4 1, 0, 1;
    %store/vec4 v0x59dfbb3fa6c0_0, 0, 1;
    %jmp T_5.13;
T_5.13 ;
    %pop/vec4 1;
    %jmp T_5;
    .thread T_5, $push;
    .scope S_0x59dfbb3f98b0;
T_6 ;
    %wait E_0x59dfbb393290;
    %load/vec4 v0x59dfbb3fab50_0;
    %flag_set/vec4 8;
    %jmp/0xz  T_6.0, 8;
    %pushi/vec4 0, 0, 4;
    %assign/vec4 v0x59dfbb3facd0_0, 0;
    %jmp T_6.1;
T_6.0 ;
    %load/vec4 v0x59dfbb3facd0_0;
    %dup/vec4;
    %pushi/vec4 0, 0, 4;
    %cmp/u;
    %jmp/1 T_6.2, 6;
    %dup/vec4;
    %pushi/vec4 1, 0, 4;
    %cmp/u;
    %jmp/1 T_6.3, 6;
    %dup/vec4;
    %pushi/vec4 2, 0, 4;
    %cmp/u;
    %jmp/1 T_6.4, 6;
    %dup/vec4;
    %pushi/vec4 3, 0, 4;
    %cmp/u;
    %jmp/1 T_6.5, 6;
    %dup/vec4;
    %pushi/vec4 4, 0, 4;
    %cmp/u;
    %jmp/1 T_6.6, 6;
    %dup/vec4;
    %pushi/vec4 5, 0, 4;
    %cmp/u;
    %jmp/1 T_6.7, 6;
    %dup/vec4;
    %pushi/vec4 6, 0, 4;
    %cmp/u;
    %jmp/1 T_6.8, 6;
    %dup/vec4;
    %pushi/vec4 7, 0, 4;
    %cmp/u;
    %jmp/1 T_6.9, 6;
    %dup/vec4;
    %pushi/vec4 8, 0, 4;
    %cmp/u;
    %jmp/1 T_6.10, 6;
    %dup/vec4;
    %pushi/vec4 9, 0, 4;
    %cmp/u;
    %jmp/1 T_6.11, 6;
    %dup/vec4;
    %pushi/vec4 10, 0, 4;
    %cmp/u;
    %jmp/1 T_6.12, 6;
    %dup/vec4;
    %pushi/vec4 11, 0, 4;
    %cmp/u;
    %jmp/1 T_6.13, 6;
    %pushi/vec4 0, 0, 4;
    %assign/vec4 v0x59dfbb3facd0_0, 0;
    %jmp T_6.15;
T_6.2 ;
    %pushi/vec4 1, 0, 4;
    %assign/vec4 v0x59dfbb3facd0_0, 0;
    %jmp T_6.15;
T_6.3 ;
    %load/vec4 v0x59dfbb3fa870_0;
    %flag_set/vec4 8;
    %jmp/0xz  T_6.16, 8;
    %pushi/vec4 2, 0, 4;
    %assign/vec4 v0x59dfbb3facd0_0, 0;
    %jmp T_6.17;
T_6.16 ;
    %pushi/vec4 1, 0, 4;
    %assign/vec4 v0x59dfbb3facd0_0, 0;
T_6.17 ;
    %jmp T_6.15;
T_6.4 ;
    %pushi/vec4 3, 0, 4;
    %assign/vec4 v0x59dfbb3facd0_0, 0;
    %jmp T_6.15;
T_6.5 ;
    %pushi/vec4 4, 0, 4;
    %assign/vec4 v0x59dfbb3facd0_0, 0;
    %jmp T_6.15;
T_6.6 ;
    %pushi/vec4 5, 0, 4;
    %assign/vec4 v0x59dfbb3facd0_0, 0;
    %jmp T_6.15;
T_6.7 ;
    %load/vec4 v0x59dfbb3fa9d0_0;
    %flag_set/vec4 8;
    %jmp/0xz  T_6.18, 8;
    %pushi/vec4 7, 0, 4;
    %assign/vec4 v0x59dfbb3facd0_0, 0;
    %jmp T_6.19;
T_6.18 ;
    %pushi/vec4 6, 0, 4;
    %assign/vec4 v0x59dfbb3facd0_0, 0;
T_6.19 ;
    %jmp T_6.15;
T_6.8 ;
    %pushi/vec4 9, 0, 4;
    %assign/vec4 v0x59dfbb3facd0_0, 0;
    %jmp T_6.15;
T_6.9 ;
    %pushi/vec4 8, 0, 4;
    %assign/vec4 v0x59dfbb3facd0_0, 0;
    %jmp T_6.15;
T_6.10 ;
    %pushi/vec4 9, 0, 4;
    %assign/vec4 v0x59dfbb3facd0_0, 0;
    %jmp T_6.15;
T_6.11 ;
    %pushi/vec4 10, 0, 4;
    %assign/vec4 v0x59dfbb3facd0_0, 0;
    %jmp T_6.15;
T_6.12 ;
    %load/vec4 v0x59dfbb3fa780_0;
    %flag_set/vec4 8;
    %jmp/0xz  T_6.20, 8;
    %pushi/vec4 11, 0, 4;
    %assign/vec4 v0x59dfbb3facd0_0, 0;
    %jmp T_6.21;
T_6.20 ;
    %pushi/vec4 3, 0, 4;
    %assign/vec4 v0x59dfbb3facd0_0, 0;
T_6.21 ;
    %jmp T_6.15;
T_6.13 ;
    %pushi/vec4 0, 0, 4;
    %assign/vec4 v0x59dfbb3facd0_0, 0;
    %jmp T_6.15;
T_6.15 ;
    %pop/vec4 1;
T_6.1 ;
    %jmp T_6;
    .thread T_6;
    .scope S_0x59dfbb3aeab0;
T_7 ;
    %delay 0, 0;
T_7.0 ;
    %pushi/vec4 0, 0, 1;
    %store/vec4 v0x59dfbb3fdbe0_0, 0, 1;
    %delay 10000, 0;
    %pushi/vec4 1, 0, 1;
    %store/vec4 v0x59dfbb3fdbe0_0, 0, 1;
    %delay 10000, 0;
    %jmp T_7.0;
    %end;
    .thread T_7;
    .scope S_0x59dfbb3aeab0;
T_8 ;
    %delay 0, 0;
    %pushi/vec4 1, 0, 1;
    %store/vec4 v0x59dfbb3fdeb0_0, 0, 1;
    %pushi/vec4 0, 0, 1;
    %store/vec4 v0x59dfbb3fdd70_0, 0, 1;
    %pushi/vec4 0, 0, 16;
    %store/vec4 v0x59dfbb3fd9a0_0, 0, 16;
    %wait E_0x59dfbb393290;
    %wait E_0x59dfbb3dcc90;
    %pushi/vec4 0, 0, 1;
    %store/vec4 v0x59dfbb3fdeb0_0, 0, 1;
    %wait E_0x59dfbb3dcc90;
    %pushi/vec4 144, 0, 16;
    %store/vec4 v0x59dfbb3fd9a0_0, 0, 16;
    %pushi/vec4 1, 0, 1;
    %store/vec4 v0x59dfbb3fdd70_0, 0, 1;
    %wait E_0x59dfbb393290;
    %wait E_0x59dfbb3dcc90;
    %pushi/vec4 0, 0, 1;
    %store/vec4 v0x59dfbb3fdd70_0, 0, 1;
    %delay 1500000, 0;
    %wait E_0x59dfbb3dcc90;
    %pushi/vec4 625, 0, 16;
    %store/vec4 v0x59dfbb3fd9a0_0, 0, 16;
    %pushi/vec4 1, 0, 1;
    %store/vec4 v0x59dfbb3fdd70_0, 0, 1;
    %wait E_0x59dfbb393290;
    %wait E_0x59dfbb3dcc90;
    %pushi/vec4 0, 0, 1;
    %store/vec4 v0x59dfbb3fdd70_0, 0, 1;
    %delay 1500000, 0;
    %end;
    .thread T_8;
    .scope S_0x59dfbb3aeab0;
T_9 ;
    %fork t_1, S_0x59dfbb3aed30;
    %jmp t_0;
    .scope S_0x59dfbb3aed30;
t_1 ;
    %vpi_call 2 58 "$dumpfile", "RaizCuadrada_TB.vcd" {0 0 0};
    %vpi_call 2 59 "$dumpvars", 32'sb11111111111111111111111111111111, S_0x59dfbb3c57f0 {0 0 0};
    %delay 4000000, 0;
    %vpi_call 2 60 "$finish" {0 0 0};
    %end;
    .scope S_0x59dfbb3aeab0;
t_0 %join;
    %end;
    .thread T_9;
# The file index is used to find the file name in the following table.
:file_names 9;
    "N/A";
    "<interactive>";
    "RaizCuadrada_TB.v";
    "RaizCuadrada.v";
    "Comp.v";
    "Control_RaizCuadrada.v";
    "Decrease.v";
    "Reg_RA.v";
    "Reg_Rf.v";
